{"/home/carmichael/code/open-source-projects/openapi-nodegen/src/cli.ts": {"path":"/home/carmichael/code/open-source-projects/openapi-nodegen/src/cli.ts","statementMap":{"0":{"start":{"line":2,"column":0},"end":{"line":2,"column":16}},"1":{"start":{"line":3,"column":0},"end":{"line":3,"column":37}},"2":{"start":{"line":4,"column":0},"end":{"line":4,"column":24}},"3":{"start":{"line":5,"column":0},"end":{"line":5,"column":35}},"4":{"start":{"line":6,"column":0},"end":{"line":6,"column":46}},"5":{"start":{"line":7,"column":0},"end":{"line":7,"column":44}},"6":{"start":{"line":10,"column":12},"end":{"line":10,"column":22}},"7":{"start":{"line":12,"column":0},"end":{"line":12,"column":116}},"8":{"start":{"line":14,"column":23},"end":{"line":25,"column":2}},"9":{"start":{"line":27,"column":17},"end":{"line":34,"column":7}},"10":{"start":{"line":36,"column":18},"end":{"line":41,"column":2}},"11":{"start":{"line":42,"column":0},"end":{"line":60,"column":5}},"12":{"start":{"line":44,"column":4},"end":{"line":56,"column":null}},"13":{"start":{"line":45,"column":6},"end":{"line":45,"column":72}},"14":{"start":{"line":46,"column":6},"end":{"line":53,"column":9}},"15":{"start":{"line":47,"column":8},"end":{"line":47,"column":49}},"16":{"start":{"line":48,"column":8},"end":{"line":48,"column":127}},"17":{"start":{"line":49,"column":30},"end":{"line":53,"column":8}},"18":{"start":{"line":50,"column":8},"end":{"line":50,"column":51}},"19":{"start":{"line":51,"column":8},"end":{"line":51,"column":27}},"20":{"start":{"line":52,"column":8},"end":{"line":52,"column":24}},"21":{"start":{"line":55,"column":6},"end":{"line":55,"column":75}},"22":{"start":{"line":59,"column":4},"end":{"line":59,"column":21}},"23":{"start":{"line":62,"column":0},"end":{"line":64,"column":3}},"24":{"start":{"line":63,"column":2},"end":{"line":63,"column":21}}},"fnMap":{"0":{"name":"(anonymous_0)","decl":{"start":{"line":43,"column":8},"end":{"line":43,"column":9}},"loc":{"start":{"line":43,"column":21},"end":{"line":57,"column":3}}},"1":{"name":"(anonymous_1)","decl":{"start":{"line":46,"column":34},"end":{"line":46,"column":null}},"loc":{"start":{"line":46,"column":34},"end":{"line":49,"column":7}}},"2":{"name":"(anonymous_2)","decl":{"start":{"line":49,"column":15},"end":{"line":49,"column":22}},"loc":{"start":{"line":49,"column":30},"end":{"line":53,"column":8}}},"3":{"name":"(anonymous_3)","decl":{"start":{"line":49,"column":30},"end":{"line":49,"column":null}},"loc":{"start":{"line":49,"column":30},"end":{"line":53,"column":8}}},"4":{"name":"(anonymous_5)","decl":{"start":{"line":58,"column":9},"end":{"line":58,"column":10}},"loc":{"start":{"line":58,"column":16},"end":{"line":60,"column":3}}},"5":{"name":"(anonymous_6)","decl":{"start":{"line":62,"column":33},"end":{"line":62,"column":34}},"loc":{"start":{"line":62,"column":37},"end":{"line":64,"column":1}}}},"branchMap":{"0":{"loc":{"start":{"line":15,"column":11},"end":{"line":15,"column":30}},"type":"binary-expr","locations":[{"start":{"line":15,"column":11},"end":{"line":15,"column":30}},{"start":{"line":15,"column":34},"end":{"line":15,"column":39}}]},"1":{"loc":{"start":{"line":16,"column":15},"end":{"line":16,"column":38}},"type":"binary-expr","locations":[{"start":{"line":16,"column":15},"end":{"line":16,"column":38}},{"start":{"line":16,"column":42},"end":{"line":16,"column":47}}]},"2":{"loc":{"start":{"line":22,"column":46},"end":{"line":22,"column":97}},"type":"cond-expr","locations":[{"start":{"line":22,"column":46},"end":{"line":22,"column":97}},{"start":{"line":22,"column":100},"end":{"line":22,"column":109}}]},"3":{"loc":{"start":{"line":23,"column":47},"end":{"line":23,"column":84}},"type":"cond-expr","locations":[{"start":{"line":23,"column":47},"end":{"line":23,"column":84}},{"start":{"line":23,"column":87},"end":{"line":23,"column":89}}]},"4":{"loc":{"start":{"line":24,"column":14},"end":{"line":24,"column":32}},"type":"binary-expr","locations":[{"start":{"line":24,"column":14},"end":{"line":24,"column":32}},{"start":{"line":24,"column":36},"end":{"line":24,"column":41}}]},"5":{"loc":{"start":{"line":44,"column":4},"end":{"line":56,"column":null}},"type":"if","locations":[{"start":{"line":44,"column":4},"end":{"line":56,"column":null}},{"start":{"line":44,"column":4},"end":{"line":56,"column":null}}]}},"s":{"0":0,"1":0,"2":0,"3":0,"4":0,"5":0,"6":0,"7":0,"8":0,"9":0,"10":0,"11":0,"12":0,"13":0,"14":0,"15":0,"16":0,"17":0,"18":0,"19":0,"20":0,"21":0,"22":0,"23":0,"24":0},"f":{"0":0,"1":0,"2":0,"3":0,"4":0,"5":0},"b":{"0":[0,0],"1":[0,0],"2":[0,0],"3":[0,0],"4":[0,0],"5":[0,0]}}
,"/home/carmichael/code/open-source-projects/openapi-nodegen/src/commander.ts": {"path":"/home/carmichael/code/open-source-projects/openapi-nodegen/src/commander.ts","statementMap":{"0":{"start":{"line":1,"column":0},"end":{"line":1,"column":16}},"1":{"start":{"line":2,"column":0},"end":{"line":2,"column":32}},"2":{"start":{"line":3,"column":0},"end":{"line":3,"column":24}},"3":{"start":{"line":4,"column":0},"end":{"line":4,"column":58}},"4":{"start":{"line":6,"column":20},"end":{"line":6,"column":46}},"5":{"start":{"line":8,"column":0},"end":{"line":34,"column":2}},"6":{"start":{"line":11,"column":2},"end":{"line":24,"column":25}},"7":{"start":{"line":15,"column":6},"end":{"line":15,"column":50}},"8":{"start":{"line":26,"column":2},"end":{"line":33,"column":null}},"9":{"start":{"line":27,"column":4},"end":{"line":27,"column":64}},"10":{"start":{"line":29,"column":4},"end":{"line":32,"column":6}}},"fnMap":{"0":{"name":"(anonymous_0)","decl":{"start":{"line":8,"column":15},"end":{"line":8,"column":null}},"loc":{"start":{"line":8,"column":15},"end":{"line":34,"column":1}}},"1":{"name":"(anonymous_1)","decl":{"start":{"line":14,"column":12},"end":{"line":14,"column":13}},"loc":{"start":{"line":14,"column":36},"end":{"line":16,"column":5}}}},"branchMap":{"0":{"loc":{"start":{"line":26,"column":2},"end":{"line":33,"column":null}},"type":"if","locations":[{"start":{"line":26,"column":2},"end":{"line":33,"column":null}},{"start":{"line":26,"column":2},"end":{"line":33,"column":null}}]}},"s":{"0":1,"1":1,"2":1,"3":1,"4":1,"5":1,"6":2,"7":1,"8":2,"9":1,"10":1},"f":{"0":2,"1":1},"b":{"0":[1,1]}}
,"/home/carmichael/code/open-source-projects/openapi-nodegen/src/commanderParseOutput.ts": {"path":"/home/carmichael/code/open-source-projects/openapi-nodegen/src/commanderParseOutput.ts","statementMap":{"0":{"start":{"line":1,"column":0},"end":{"line":1,"column":24}},"1":{"start":{"line":3,"column":0},"end":{"line":5,"column":2}},"2":{"start":{"line":4,"column":2},"end":{"line":4,"column":39}}},"fnMap":{"0":{"name":"(anonymous_0)","decl":{"start":{"line":3,"column":15},"end":{"line":3,"column":16}},"loc":{"start":{"line":3,"column":24},"end":{"line":5,"column":1}}}},"branchMap":{},"s":{"0":2,"1":2,"2":2},"f":{"0":2},"b":{}}
,"/home/carmichael/code/open-source-projects/openapi-nodegen/src/openapiNodegen.ts": {"path":"/home/carmichael/code/open-source-projects/openapi-nodegen/src/openapiNodegen.ts","statementMap":{"0":{"start":{"line":1,"column":0},"end":{"line":1,"column":16}},"1":{"start":{"line":2,"column":0},"end":{"line":2,"column":31}},"2":{"start":{"line":3,"column":0},"end":{"line":3,"column":24}},"3":{"start":{"line":4,"column":0},"end":{"line":4,"column":50}},"4":{"start":{"line":6,"column":0},"end":{"line":6,"column":46}},"5":{"start":{"line":7,"column":0},"end":{"line":7,"column":46}},"6":{"start":{"line":8,"column":0},"end":{"line":8,"column":69}},"7":{"start":{"line":9,"column":0},"end":{"line":9,"column":83}},"8":{"start":{"line":10,"column":0},"end":{"line":10,"column":57}},"9":{"start":{"line":11,"column":0},"end":{"line":11,"column":58}},"10":{"start":{"line":17,"column":0},"end":{"line":45,"column":2}},"11":{"start":{"line":17,"column":36},"end":{"line":45,"column":2}},"12":{"start":{"line":18,"column":2},"end":{"line":18,"column":52}},"13":{"start":{"line":20,"column":2},"end":{"line":20,"column":50}},"14":{"start":{"line":21,"column":23},"end":{"line":21,"column":null}},"15":{"start":{"line":21,"column":8},"end":{"line":21,"column":null}},"16":{"start":{"line":22,"column":23},"end":{"line":22,"column":null}},"17":{"start":{"line":22,"column":6},"end":{"line":22,"column":null}},"18":{"start":{"line":24,"column":2},"end":{"line":24,"column":56}},"19":{"start":{"line":25,"column":20},"end":{"line":25,"column":null}},"20":{"start":{"line":25,"column":8},"end":{"line":25,"column":null}},"21":{"start":{"line":26,"column":8},"end":{"line":26,"column":116}},"22":{"start":{"line":28,"column":2},"end":{"line":28,"column":79}},"23":{"start":{"line":29,"column":2},"end":{"line":29,"column":44}},"24":{"start":{"line":30,"column":2},"end":{"line":30,"column":67}},"25":{"start":{"line":31,"column":2},"end":{"line":31,"column":73}},"26":{"start":{"line":33,"column":2},"end":{"line":33,"column":58}},"27":{"start":{"line":34,"column":2},"end":{"line":34,"column":100}},"28":{"start":{"line":36,"column":2},"end":{"line":36,"column":66}},"29":{"start":{"line":37,"column":21},"end":{"line":37,"column":null}},"30":{"start":{"line":37,"column":8},"end":{"line":37,"column":null}},"31":{"start":{"line":38,"column":2},"end":{"line":38,"column":73}},"32":{"start":{"line":40,"column":2},"end":{"line":40,"column":58}},"33":{"start":{"line":41,"column":2},"end":{"line":41,"column":55}},"34":{"start":{"line":43,"column":2},"end":{"line":43,"column":37}},"35":{"start":{"line":44,"column":2},"end":{"line":44,"column":14}}},"fnMap":{"0":{"name":"(anonymous_0)","decl":{"start":{"line":17,"column":15},"end":{"line":17,"column":22}},"loc":{"start":{"line":17,"column":36},"end":{"line":45,"column":2}}},"1":{"name":"(anonymous_1)","decl":{"start":{"line":17,"column":36},"end":{"line":17,"column":null}},"loc":{"start":{"line":17,"column":36},"end":{"line":45,"column":2}}}},"branchMap":{},"s":{"0":1,"1":1,"2":1,"3":1,"4":1,"5":1,"6":1,"7":1,"8":1,"9":1,"10":1,"11":1,"12":1,"13":1,"14":1,"15":1,"16":1,"17":1,"18":1,"19":1,"20":1,"21":1,"22":1,"23":1,"24":1,"25":1,"26":1,"27":2,"28":1,"29":1,"30":1,"31":2,"32":1,"33":1,"34":1,"35":1},"f":{"0":1,"1":1},"b":{}}
,"/home/carmichael/code/open-source-projects/openapi-nodegen/src/constants/CachePaths.ts": {"path":"/home/carmichael/code/open-source-projects/openapi-nodegen/src/constants/CachePaths.ts","statementMap":{"0":{"start":{"line":1,"column":13},"end":{"line":1,"column":52}},"1":{"start":{"line":2,"column":13},"end":{"line":2,"column":66}},"2":{"start":{"line":3,"column":13},"end":{"line":3,"column":33}}},"fnMap":{},"branchMap":{},"s":{"0":2,"1":2,"2":2},"f":{},"b":{}}
,"/home/carmichael/code/open-source-projects/openapi-nodegen/src/constants/ValidHttpMethods.ts": {"path":"/home/carmichael/code/open-source-projects/openapi-nodegen/src/constants/ValidHttpMethods.ts","statementMap":{"0":{"start":{"line":1,"column":0},"end":{"line":16,"column":2}}},"fnMap":{},"branchMap":{},"s":{"0":1},"f":{},"b":{}}
,"/home/carmichael/code/open-source-projects/openapi-nodegen/src/constants/cli.ts": {"path":"/home/carmichael/code/open-source-projects/openapi-nodegen/src/constants/cli.ts","statementMap":{"0":{"start":{"line":1,"column":13},"end":{"line":2,"column":2}}},"fnMap":{},"branchMap":{},"s":{"0":0},"f":{},"b":{}}
,"/home/carmichael/code/open-source-projects/openapi-nodegen/src/interfaces/NodegenRc.ts": {"path":"/home/carmichael/code/open-source-projects/openapi-nodegen/src/interfaces/NodegenRc.ts","statementMap":{"0":{"start":{"line":1,"column":0},"end":{"line":1,"column":null}},"1":{"start":{"line":2,"column":2},"end":{"line":2,"column":null}},"2":{"start":{"line":3,"column":2},"end":{"line":3,"column":null}}},"fnMap":{"0":{"name":"(anonymous_0)","decl":{"start":{"line":1,"column":0},"end":{"line":1,"column":5}},"loc":{"start":{"line":1,"column":16},"end":{"line":4,"column":1}}}},"branchMap":{"0":{"loc":{"start":{"line":1,"column":5},"end":{"line":1,"column":16}},"type":"binary-expr","locations":[{"start":{"line":1,"column":5},"end":{"line":1,"column":16}},{"start":{"line":1,"column":5},"end":{"line":1,"column":null}}]}},"s":{"0":0,"1":0,"2":0},"f":{"0":0},"b":{"0":[0,0]}}
,"/home/carmichael/code/open-source-projects/openapi-nodegen/src/lib/ConfigMerger.ts": {"path":"/home/carmichael/code/open-source-projects/openapi-nodegen/src/lib/ConfigMerger.ts","statementMap":{"0":{"start":{"line":3,"column":0},"end":{"line":3,"column":40}},"1":{"start":{"line":4,"column":0},"end":{"line":4,"column":28}},"2":{"start":{"line":13,"column":0},"end":{"line":13,"column":null}},"3":{"start":{"line":14,"column":15},"end":{"line":21,"column":null}},"4":{"start":{"line":15,"column":22},"end":{"line":15,"column":null}},"5":{"start":{"line":15,"column":10},"end":{"line":15,"column":null}},"6":{"start":{"line":16,"column":4},"end":{"line":20,"column":7}},"7":{"start":{"line":22,"column":9},"end":{"line":29,"column":null}},"8":{"start":{"line":23,"column":4},"end":{"line":28,"column":7}},"9":{"start":{"line":30,"column":0},"end":{"line":30,"column":null}},"10":{"start":{"line":32,"column":0},"end":{"line":32,"column":34}}},"fnMap":{"0":{"name":"(anonymous_0)","decl":{"start":{"line":13,"column":0},"end":{"line":13,"column":null}},"loc":{"start":{"line":13,"column":0},"end":{"line":30,"column":null}}},"1":{"name":"(anonymous_2)","decl":{"start":{"line":14,"column":2},"end":{"line":14,"column":15}},"loc":{"start":{"line":14,"column":57},"end":{"line":21,"column":null}}},"2":{"name":"(anonymous_5)","decl":{"start":{"line":22,"column":2},"end":{"line":22,"column":9}},"loc":{"start":{"line":22,"column":64},"end":{"line":29,"column":3}}}},"branchMap":{"0":{"loc":{"start":{"line":15,"column":22},"end":{"line":15,"column":null}},"type":"switch","locations":[{"start":{"line":15,"column":22},"end":{"line":15,"column":null}}]},"1":{"loc":{"start":{"line":19,"column":22},"end":{"line":19,"column":46}},"type":"binary-expr","locations":[{"start":{"line":19,"column":22},"end":{"line":19,"column":46}},{"start":{"line":19,"column":50},"end":{"line":19,"column":61}}]}},"s":{"0":1,"1":1,"2":1,"3":1,"4":1,"5":1,"6":1,"7":1,"8":1,"9":1,"10":1},"f":{"0":2,"1":1,"2":1},"b":{"0":[1],"1":[1,1]}}
,"/home/carmichael/code/open-source-projects/openapi-nodegen/src/lib/FileIterator.ts": {"path":"/home/carmichael/code/open-source-projects/openapi-nodegen/src/lib/FileIterator.ts","statementMap":{"0":{"start":{"line":1,"column":0},"end":{"line":1,"column":26}},"1":{"start":{"line":2,"column":0},"end":{"line":2,"column":24}},"2":{"start":{"line":3,"column":0},"end":{"line":3,"column":24}},"3":{"start":{"line":6,"column":0},"end":{"line":6,"column":48}},"4":{"start":{"line":7,"column":0},"end":{"line":7,"column":55}},"5":{"start":{"line":8,"column":0},"end":{"line":8,"column":75}},"6":{"start":{"line":9,"column":0},"end":{"line":9,"column":73}},"7":{"start":{"line":10,"column":0},"end":{"line":10,"column":75}},"8":{"start":{"line":11,"column":0},"end":{"line":11,"column":52}},"9":{"start":{"line":13,"column":0},"end":{"line":13,"column":null}},"10":{"start":{"line":14,"column":9},"end":{"line":14,"column":25}},"11":{"start":{"line":24,"column":9},"end":{"line":49,"column":null}},"12":{"start":{"line":24,"column":2},"end":{"line":24,"column":9}},"13":{"start":{"line":25,"column":4},"end":{"line":25,"column":33}},"14":{"start":{"line":26,"column":4},"end":{"line":26,"column":41}},"15":{"start":{"line":27,"column":22},"end":{"line":27,"column":43}},"16":{"start":{"line":28,"column":25},"end":{"line":28,"column":46}},"17":{"start":{"line":29,"column":4},"end":{"line":29,"column":94}},"18":{"start":{"line":30,"column":4},"end":{"line":48,"column":7}},"19":{"start":{"line":31,"column":6},"end":{"line":47,"column":11}},"20":{"start":{"line":33,"column":62},"end":{"line":39,"column":8}},"21":{"start":{"line":35,"column":10},"end":{"line":35,"column":54}},"22":{"start":{"line":37,"column":10},"end":{"line":37,"column":27}},"23":{"start":{"line":42,"column":10},"end":{"line":42,"column":33}},"24":{"start":{"line":44,"column":19},"end":{"line":47,"column":10}},"25":{"start":{"line":45,"column":10},"end":{"line":45,"column":36}},"26":{"start":{"line":46,"column":10},"end":{"line":46,"column":20}},"27":{"start":{"line":55,"column":15},"end":{"line":67,"column":null}},"28":{"start":{"line":56,"column":8},"end":{"line":56,"column":12}},"29":{"start":{"line":57,"column":6},"end":{"line":65,"column":8}},"30":{"start":{"line":69,"column":9},"end":{"line":80,"column":null}},"31":{"start":{"line":70,"column":4},"end":{"line":79,"column":6}},"32":{"start":{"line":82,"column":9},"end":{"line":93,"column":null}},"33":{"start":{"line":83,"column":4},"end":{"line":92,"column":6}},"34":{"start":{"line":102,"column":15},"end":{"line":137,"column":null}},"35":{"start":{"line":103,"column":4},"end":{"line":105,"column":null}},"36":{"start":{"line":104,"column":6},"end":{"line":104,"column":20}},"37":{"start":{"line":106,"column":4},"end":{"line":106,"column":45}},"38":{"start":{"line":107,"column":4},"end":{"line":107,"column":52}},"39":{"start":{"line":109,"column":10},"end":{"line":109,"column":70}},"40":{"start":{"line":110,"column":10},"end":{"line":110,"column":76}},"41":{"start":{"line":111,"column":10},"end":{"line":111,"column":79}},"42":{"start":{"line":113,"column":12},"end":{"line":113,"column":null}},"43":{"start":{"line":114,"column":11},"end":{"line":114,"column":24}},"44":{"start":{"line":117,"column":11},"end":{"line":117,"column":24}},"45":{"start":{"line":120,"column":11},"end":{"line":120,"column":24}},"46":{"start":{"line":115,"column":8},"end":{"line":115,"column":78}},"47":{"start":{"line":116,"column":8},"end":{"line":116,"column":14}},"48":{"start":{"line":118,"column":8},"end":{"line":118,"column":66}},"49":{"start":{"line":119,"column":8},"end":{"line":119,"column":14}},"50":{"start":{"line":121,"column":8},"end":{"line":121,"column":54}},"51":{"start":{"line":122,"column":8},"end":{"line":122,"column":14}},"52":{"start":{"line":125,"column":8},"end":{"line":125,"column":9}},"53":{"start":{"line":126,"column":6},"end":{"line":126,"column":17}},"54":{"start":{"line":126,"column":17},"end":{"line":126,"column":26}},"55":{"start":{"line":127,"column":15},"end":{"line":127,"column":null}},"56":{"start":{"line":126,"column":6},"end":{"line":129,"column":8}},"57":{"start":{"line":132,"column":4},"end":{"line":134,"column":null}},"58":{"start":{"line":133,"column":6},"end":{"line":133,"column":34}},"59":{"start":{"line":135,"column":4},"end":{"line":135,"column":36}},"60":{"start":{"line":136,"column":4},"end":{"line":136,"column":11}},"61":{"start":{"line":138,"column":0},"end":{"line":138,"column":null}},"62":{"start":{"line":140,"column":0},"end":{"line":140,"column":32}}},"fnMap":{"0":{"name":"(anonymous_0)","decl":{"start":{"line":13,"column":0},"end":{"line":13,"column":null}},"loc":{"start":{"line":13,"column":0},"end":{"line":138,"column":null}}},"1":{"name":"(anonymous_2)","decl":{"start":{"line":24,"column":2},"end":{"line":24,"column":9}},"loc":{"start":{"line":24,"column":78},"end":{"line":49,"column":3}}},"2":{"name":"(anonymous_3)","decl":{"start":{"line":30,"column":23},"end":{"line":30,"column":24}},"loc":{"start":{"line":30,"column":39},"end":{"line":48,"column":5}}},"3":{"name":"(anonymous_4)","decl":{"start":{"line":33,"column":20},"end":{"line":33,"column":27}},"loc":{"start":{"line":33,"column":62},"end":{"line":39,"column":8}}},"4":{"name":"(anonymous_5)","decl":{"start":{"line":33,"column":62},"end":{"line":33,"column":null}},"loc":{"start":{"line":33,"column":62},"end":{"line":39,"column":8}}},"5":{"name":"(anonymous_7)","decl":{"start":{"line":41,"column":22},"end":{"line":41,"column":23}},"loc":{"start":{"line":41,"column":53},"end":{"line":43,"column":9}}},"6":{"name":"(anonymous_8)","decl":{"start":{"line":44,"column":19},"end":{"line":44,"column":null}},"loc":{"start":{"line":44,"column":19},"end":{"line":47,"column":10}}},"7":{"name":"(anonymous_11)","decl":{"start":{"line":55,"column":2},"end":{"line":55,"column":15}},"loc":{"start":{"line":55,"column":2},"end":{"line":67,"column":null}}},"8":{"name":"(anonymous_14)","decl":{"start":{"line":69,"column":2},"end":{"line":69,"column":9}},"loc":{"start":{"line":69,"column":61},"end":{"line":80,"column":3}}},"9":{"name":"(anonymous_15)","decl":{"start":{"line":82,"column":2},"end":{"line":82,"column":9}},"loc":{"start":{"line":82,"column":60},"end":{"line":93,"column":3}}},"10":{"name":"(anonymous_16)","decl":{"start":{"line":102,"column":2},"end":{"line":102,"column":15}},"loc":{"start":{"line":102,"column":65},"end":{"line":137,"column":null}}}},"branchMap":{"0":{"loc":{"start":{"line":45,"column":10},"end":{"line":45,"column":36}},"type":"switch","locations":[{"start":{"line":45,"column":10},"end":{"line":45,"column":36}}]},"1":{"loc":{"start":{"line":56,"column":8},"end":{"line":56,"column":12}},"type":"if","locations":[{"start":{"line":56,"column":8},"end":{"line":56,"column":12}},{"start":{"line":56,"column":8},"end":{"line":56,"column":12}}]},"2":{"loc":{"start":{"line":115,"column":8},"end":{"line":115,"column":78}},"type":"switch","locations":[{"start":{"line":115,"column":8},"end":{"line":115,"column":78}},{"start":{"line":118,"column":8},"end":{"line":118,"column":66}}]},"3":{"loc":{"start":{"line":103,"column":4},"end":{"line":105,"column":null}},"type":"if","locations":[{"start":{"line":103,"column":4},"end":{"line":105,"column":null}},{"start":{"line":103,"column":4},"end":{"line":105,"column":null}}]},"4":{"loc":{"start":{"line":114,"column":11},"end":{"line":114,"column":24}},"type":"switch","locations":[{"start":{"line":114,"column":11},"end":{"line":114,"column":24}},{"start":{"line":117,"column":11},"end":{"line":117,"column":24}},{"start":{"line":120,"column":11},"end":{"line":120,"column":24}}]},"5":{"loc":{"start":{"line":125,"column":8},"end":{"line":125,"column":9}},"type":"if","locations":[{"start":{"line":125,"column":8},"end":{"line":125,"column":9}},{"start":{"line":125,"column":8},"end":{"line":125,"column":9}}]},"6":{"loc":{"start":{"line":125,"column":9},"end":{"line":125,"column":31}},"type":"binary-expr","locations":[{"start":{"line":125,"column":9},"end":{"line":125,"column":31}},{"start":{"line":125,"column":35},"end":{"line":125,"column":66}},{"start":{"line":125,"column":71},"end":{"line":125,"column":102}},{"start":{"line":125,"column":106},"end":{"line":125,"column":142}}]},"7":{"loc":{"start":{"line":132,"column":4},"end":{"line":134,"column":null}},"type":"if","locations":[{"start":{"line":132,"column":4},"end":{"line":134,"column":null}},{"start":{"line":132,"column":4},"end":{"line":134,"column":null}}]}},"s":{"0":1,"1":1,"2":1,"3":1,"4":1,"5":1,"6":1,"7":1,"8":1,"9":1,"10":1,"11":1,"12":1,"13":1,"14":1,"15":1,"16":1,"17":1,"18":1,"19":1,"20":87,"21":174,"22":0,"23":0,"24":1,"25":2,"26":1,"27":1,"28":2,"29":0,"30":1,"31":57,"32":1,"33":57,"34":1,"35":87,"36":30,"37":57,"38":57,"39":57,"40":57,"41":57,"42":57,"43":1,"44":51,"45":0,"46":2,"47":1,"48":102,"49":51,"50":0,"51":0,"52":110,"53":4,"54":4,"55":4,"56":4,"57":57,"58":10,"59":57,"60":57,"61":1,"62":1},"f":{"0":2,"1":1,"2":1,"3":87,"4":87,"5":0,"6":2,"7":1,"8":57,"9":57,"10":87},"b":{"0":[1],"1":[1,0],"2":[1,51],"3":[30,57],"4":[1,51,0],"5":[53,4],"6":[57,0,57,56],"7":[10,47]}}
,"/home/carmichael/code/open-source-projects/openapi-nodegen/src/lib/FileTypeCheck.ts": {"path":"/home/carmichael/code/open-source-projects/openapi-nodegen/src/lib/FileTypeCheck.ts","statementMap":{"0":{"start":{"line":1,"column":0},"end":{"line":1,"column":null}},"1":{"start":{"line":2,"column":9},"end":{"line":2,"column":33}},"2":{"start":{"line":3,"column":9},"end":{"line":3,"column":45}},"3":{"start":{"line":4,"column":9},"end":{"line":4,"column":33}},"4":{"start":{"line":5,"column":9},"end":{"line":5,"column":23}},"5":{"start":{"line":6,"column":9},"end":{"line":6,"column":23}},"6":{"start":{"line":7,"column":9},"end":{"line":7,"column":25}},"7":{"start":{"line":9,"column":9},"end":{"line":26,"column":null}},"8":{"start":{"line":10,"column":4},"end":{"line":12,"column":null}},"9":{"start":{"line":11,"column":6},"end":{"line":11,"column":34}},"10":{"start":{"line":13,"column":4},"end":{"line":15,"column":null}},"11":{"start":{"line":14,"column":6},"end":{"line":14,"column":28}},"12":{"start":{"line":16,"column":4},"end":{"line":18,"column":null}},"13":{"start":{"line":17,"column":6},"end":{"line":17,"column":23}},"14":{"start":{"line":19,"column":4},"end":{"line":21,"column":null}},"15":{"start":{"line":20,"column":6},"end":{"line":20,"column":23}},"16":{"start":{"line":22,"column":4},"end":{"line":24,"column":null}},"17":{"start":{"line":23,"column":6},"end":{"line":23,"column":28}},"18":{"start":{"line":25,"column":4},"end":{"line":25,"column":22}},"19":{"start":{"line":28,"column":9},"end":{"line":30,"column":null}},"20":{"start":{"line":29,"column":4},"end":{"line":29,"column":41}},"21":{"start":{"line":32,"column":9},"end":{"line":34,"column":null}},"22":{"start":{"line":33,"column":4},"end":{"line":33,"column":47}},"23":{"start":{"line":36,"column":9},"end":{"line":38,"column":null}},"24":{"start":{"line":37,"column":4},"end":{"line":37,"column":43}},"25":{"start":{"line":40,"column":9},"end":{"line":42,"column":null}},"26":{"start":{"line":41,"column":4},"end":{"line":41,"column":43}},"27":{"start":{"line":44,"column":9},"end":{"line":46,"column":null}},"28":{"start":{"line":45,"column":4},"end":{"line":45,"column":49}},"29":{"start":{"line":47,"column":0},"end":{"line":47,"column":null}},"30":{"start":{"line":49,"column":0},"end":{"line":49,"column":35}}},"fnMap":{"0":{"name":"(anonymous_0)","decl":{"start":{"line":1,"column":0},"end":{"line":1,"column":null}},"loc":{"start":{"line":1,"column":0},"end":{"line":47,"column":null}}},"1":{"name":"(anonymous_2)","decl":{"start":{"line":9,"column":2},"end":{"line":9,"column":9}},"loc":{"start":{"line":9,"column":34},"end":{"line":26,"column":3}}},"2":{"name":"(anonymous_3)","decl":{"start":{"line":28,"column":2},"end":{"line":28,"column":9}},"loc":{"start":{"line":28,"column":39},"end":{"line":30,"column":3}}},"3":{"name":"(anonymous_4)","decl":{"start":{"line":32,"column":2},"end":{"line":32,"column":9}},"loc":{"start":{"line":32,"column":44},"end":{"line":34,"column":3}}},"4":{"name":"(anonymous_5)","decl":{"start":{"line":36,"column":2},"end":{"line":36,"column":9}},"loc":{"start":{"line":36,"column":33},"end":{"line":38,"column":3}}},"5":{"name":"(anonymous_6)","decl":{"start":{"line":40,"column":2},"end":{"line":40,"column":9}},"loc":{"start":{"line":40,"column":33},"end":{"line":42,"column":3}}},"6":{"name":"(anonymous_7)","decl":{"start":{"line":44,"column":2},"end":{"line":44,"column":9}},"loc":{"start":{"line":44,"column":38},"end":{"line":46,"column":3}}}},"branchMap":{"0":{"loc":{"start":{"line":10,"column":4},"end":{"line":12,"column":null}},"type":"if","locations":[{"start":{"line":10,"column":4},"end":{"line":12,"column":null}},{"start":{"line":10,"column":4},"end":{"line":12,"column":null}}]},"1":{"loc":{"start":{"line":13,"column":4},"end":{"line":15,"column":null}},"type":"if","locations":[{"start":{"line":13,"column":4},"end":{"line":15,"column":null}},{"start":{"line":13,"column":4},"end":{"line":15,"column":null}}]},"2":{"loc":{"start":{"line":16,"column":4},"end":{"line":18,"column":null}},"type":"if","locations":[{"start":{"line":16,"column":4},"end":{"line":18,"column":null}},{"start":{"line":16,"column":4},"end":{"line":18,"column":null}}]},"3":{"loc":{"start":{"line":19,"column":4},"end":{"line":21,"column":null}},"type":"if","locations":[{"start":{"line":19,"column":4},"end":{"line":21,"column":null}},{"start":{"line":19,"column":4},"end":{"line":21,"column":null}}]},"4":{"loc":{"start":{"line":22,"column":4},"end":{"line":24,"column":null}},"type":"if","locations":[{"start":{"line":22,"column":4},"end":{"line":24,"column":null}},{"start":{"line":22,"column":4},"end":{"line":24,"column":null}}]}},"s":{"0":2,"1":2,"2":2,"3":2,"4":2,"5":2,"6":2,"7":2,"8":57,"9":0,"10":57,"11":3,"12":54,"13":1,"14":53,"15":1,"16":52,"17":1,"18":51,"19":2,"20":61,"21":2,"22":57,"23":2,"24":58,"25":2,"26":65,"27":2,"28":56,"29":2,"30":2},"f":{"0":4,"1":57,"2":61,"3":57,"4":58,"5":65,"6":56},"b":{"0":[0,57],"1":[3,54],"2":[1,53],"3":[1,52],"4":[1,51]}}
,"/home/carmichael/code/open-source-projects/openapi-nodegen/src/lib/NodegenRc.ts": {"path":"/home/carmichael/code/open-source-projects/openapi-nodegen/src/lib/NodegenRc.ts","statementMap":{"0":{"start":{"line":1,"column":11},"end":{"line":1,"column":30}},"1":{"start":{"line":2,"column":13},"end":{"line":2,"column":28}},"2":{"start":{"line":4,"column":0},"end":{"line":4,"column":null}},"3":{"start":{"line":10,"column":15},"end":{"line":24,"column":null}},"4":{"start":{"line":11,"column":10},"end":{"line":11,"column":27}},"5":{"start":{"line":12,"column":10},"end":{"line":12,"column":32}},"6":{"start":{"line":13,"column":10},"end":{"line":13,"column":46}},"7":{"start":{"line":14,"column":4},"end":{"line":23,"column":null}},"8":{"start":{"line":15,"column":6},"end":{"line":15,"column":38}},"9":{"start":{"line":17,"column":12},"end":{"line":17,"column":54}},"10":{"start":{"line":18,"column":6},"end":{"line":20,"column":null}},"11":{"start":{"line":19,"column":8},"end":{"line":19,"column":126}},"12":{"start":{"line":21,"column":6},"end":{"line":21,"column":44}},"13":{"start":{"line":22,"column":6},"end":{"line":22,"column":38}},"14":{"start":{"line":31,"column":9},"end":{"line":40,"column":null}},"15":{"start":{"line":32,"column":27},"end":{"line":32,"column":60}},"16":{"start":{"line":33,"column":4},"end":{"line":35,"column":null}},"17":{"start":{"line":34,"column":6},"end":{"line":34,"column":66}},"18":{"start":{"line":36,"column":4},"end":{"line":38,"column":null}},"19":{"start":{"line":37,"column":6},"end":{"line":37,"column":70}},"20":{"start":{"line":39,"column":4},"end":{"line":39,"column":26}},"21":{"start":{"line":41,"column":0},"end":{"line":41,"column":null}},"22":{"start":{"line":43,"column":0},"end":{"line":43,"column":31}}},"fnMap":{"0":{"name":"(anonymous_0)","decl":{"start":{"line":4,"column":0},"end":{"line":4,"column":null}},"loc":{"start":{"line":4,"column":0},"end":{"line":41,"column":null}}},"1":{"name":"(anonymous_2)","decl":{"start":{"line":10,"column":2},"end":{"line":10,"column":15}},"loc":{"start":{"line":10,"column":55},"end":{"line":24,"column":null}}},"2":{"name":"(anonymous_5)","decl":{"start":{"line":31,"column":2},"end":{"line":31,"column":9}},"loc":{"start":{"line":31,"column":43},"end":{"line":40,"column":3}}}},"branchMap":{"0":{"loc":{"start":{"line":14,"column":4},"end":{"line":23,"column":null}},"type":"if","locations":[{"start":{"line":14,"column":4},"end":{"line":23,"column":null}},{"start":{"line":14,"column":4},"end":{"line":23,"column":null}}]},"1":{"loc":{"start":{"line":18,"column":6},"end":{"line":20,"column":null}},"type":"if","locations":[{"start":{"line":18,"column":6},"end":{"line":20,"column":null}},{"start":{"line":18,"column":6},"end":{"line":20,"column":null}}]},"2":{"loc":{"start":{"line":33,"column":4},"end":{"line":35,"column":null}},"type":"if","locations":[{"start":{"line":33,"column":4},"end":{"line":35,"column":null}},{"start":{"line":33,"column":4},"end":{"line":35,"column":null}}]},"3":{"loc":{"start":{"line":36,"column":4},"end":{"line":38,"column":null}},"type":"if","locations":[{"start":{"line":36,"column":4},"end":{"line":38,"column":null}},{"start":{"line":36,"column":4},"end":{"line":38,"column":null}}]}},"s":{"0":1,"1":1,"2":1,"3":1,"4":1,"5":1,"6":1,"7":1,"8":0,"9":1,"10":1,"11":0,"12":1,"13":1,"14":1,"15":1,"16":1,"17":0,"18":1,"19":0,"20":1,"21":1,"22":1},"f":{"0":2,"1":1,"2":1},"b":{"0":[0,1],"1":[0,1],"2":[0,1],"3":[0,1]}}
,"/home/carmichael/code/open-source-projects/openapi-nodegen/src/lib/resetNodegenFolder.ts": {"path":"/home/carmichael/code/open-source-projects/openapi-nodegen/src/lib/resetNodegenFolder.ts","statementMap":{"0":{"start":{"line":2,"column":0},"end":{"line":2,"column":31}},"1":{"start":{"line":3,"column":0},"end":{"line":3,"column":24}},"2":{"start":{"line":12,"column":0},"end":{"line":35,"column":2}},"3":{"start":{"line":12,"column":57},"end":{"line":12,"column":82}},"4":{"start":{"line":13,"column":21},"end":{"line":13,"column":41}},"5":{"start":{"line":14,"column":21},"end":{"line":19,"column":4}},"6":{"start":{"line":17,"column":6},"end":{"line":17,"column":42}},"7":{"start":{"line":20,"column":2},"end":{"line":20,"column":50}},"8":{"start":{"line":21,"column":2},"end":{"line":25,"column":4}},"9":{"start":{"line":26,"column":2},"end":{"line":34,"column":null}},"10":{"start":{"line":27,"column":21},"end":{"line":27,"column":45}},"11":{"start":{"line":28,"column":4},"end":{"line":28,"column":50}},"12":{"start":{"line":29,"column":4},"end":{"line":33,"column":6}}},"fnMap":{"0":{"name":"(anonymous_0)","decl":{"start":{"line":12,"column":15},"end":{"line":12,"column":16}},"loc":{"start":{"line":12,"column":102},"end":{"line":35,"column":1}}},"1":{"name":"(anonymous_1)","decl":{"start":{"line":15,"column":12},"end":{"line":15,"column":13}},"loc":{"start":{"line":15,"column":21},"end":{"line":18,"column":5}}}},"branchMap":{"0":{"loc":{"start":{"line":12,"column":57},"end":{"line":12,"column":82}},"type":"if","locations":[{"start":{"line":12,"column":57},"end":{"line":12,"column":82}},{"start":{"line":12,"column":57},"end":{"line":12,"column":82}}]},"1":{"loc":{"start":{"line":26,"column":2},"end":{"line":34,"column":null}},"type":"if","locations":[{"start":{"line":26,"column":2},"end":{"line":34,"column":null}},{"start":{"line":26,"column":2},"end":{"line":34,"column":null}}]}},"s":{"0":1,"1":1,"2":1,"3":0,"4":0,"5":0,"6":0,"7":0,"8":0,"9":0,"10":0,"11":0,"12":0},"f":{"0":0,"1":0},"b":{"0":[0,0],"1":[0,0]}}
,"/home/carmichael/code/open-source-projects/openapi-nodegen/src/lib/diff/displayDependencyDiffs.ts": {"path":"/home/carmichael/code/open-source-projects/openapi-nodegen/src/lib/diff/displayDependencyDiffs.ts","statementMap":{"0":{"start":{"line":1,"column":0},"end":{"line":1,"column":16}},"1":{"start":{"line":2,"column":0},"end":{"line":2,"column":26}},"2":{"start":{"line":3,"column":0},"end":{"line":3,"column":24}},"3":{"start":{"line":5,"column":0},"end":{"line":67,"column":2}},"4":{"start":{"line":6,"column":24},"end":{"line":6,"column":38}},"5":{"start":{"line":7,"column":19},"end":{"line":11,"column":null}},"6":{"start":{"line":13,"column":18},"end":{"line":17,"column":null}},"7":{"start":{"line":20,"column":30},"end":{"line":20,"column":32}},"8":{"start":{"line":21,"column":35},"end":{"line":21,"column":37}},"9":{"start":{"line":22,"column":38},"end":{"line":22,"column":40}},"10":{"start":{"line":23,"column":20},"end":{"line":26,"column":3}},"11":{"start":{"line":24,"column":4},"end":{"line":24,"column":33}},"12":{"start":{"line":25,"column":4},"end":{"line":25,"column":76}},"13":{"start":{"line":28,"column":2},"end":{"line":35,"column":null}},"14":{"start":{"line":29,"column":4},"end":{"line":34,"column":7}},"15":{"start":{"line":30,"column":6},"end":{"line":33,"column":null}},"16":{"start":{"line":32,"column":8},"end":{"line":32,"column":89}},"17":{"start":{"line":37,"column":2},"end":{"line":44,"column":null}},"18":{"start":{"line":38,"column":4},"end":{"line":43,"column":7}},"19":{"start":{"line":39,"column":6},"end":{"line":42,"column":null}},"20":{"start":{"line":41,"column":8},"end":{"line":41,"column":104}},"21":{"start":{"line":46,"column":2},"end":{"line":53,"column":null}},"22":{"start":{"line":47,"column":4},"end":{"line":52,"column":7}},"23":{"start":{"line":48,"column":6},"end":{"line":51,"column":null}},"24":{"start":{"line":50,"column":8},"end":{"line":50,"column":113}},"25":{"start":{"line":55,"column":2},"end":{"line":58,"column":null}},"26":{"start":{"line":56,"column":4},"end":{"line":56,"column":79}},"27":{"start":{"line":57,"column":4},"end":{"line":57,"column":34}},"28":{"start":{"line":59,"column":2},"end":{"line":62,"column":null}},"29":{"start":{"line":60,"column":4},"end":{"line":60,"column":84}},"30":{"start":{"line":61,"column":4},"end":{"line":61,"column":39}},"31":{"start":{"line":63,"column":2},"end":{"line":66,"column":null}},"32":{"start":{"line":64,"column":4},"end":{"line":64,"column":87}},"33":{"start":{"line":65,"column":4},"end":{"line":65,"column":42}}},"fnMap":{"0":{"name":"(anonymous_0)","decl":{"start":{"line":5,"column":15},"end":{"line":5,"column":16}},"loc":{"start":{"line":5,"column":55},"end":{"line":67,"column":1}}},"1":{"name":"(anonymous_1)","decl":{"start":{"line":23,"column":20},"end":{"line":23,"column":30}},"loc":{"start":{"line":23,"column":59},"end":{"line":26,"column":3}}},"2":{"name":"(anonymous_2)","decl":{"start":{"line":29,"column":41},"end":{"line":29,"column":42}},"loc":{"start":{"line":29,"column":53},"end":{"line":34,"column":5}}},"3":{"name":"(anonymous_3)","decl":{"start":{"line":38,"column":46},"end":{"line":38,"column":47}},"loc":{"start":{"line":38,"column":50},"end":{"line":43,"column":5}}},"4":{"name":"(anonymous_4)","decl":{"start":{"line":47,"column":49},"end":{"line":47,"column":50}},"loc":{"start":{"line":47,"column":53},"end":{"line":52,"column":5}}}},"branchMap":{"0":{"loc":{"start":{"line":25,"column":16},"end":{"line":25,"column":20}},"type":"binary-expr","locations":[{"start":{"line":25,"column":16},"end":{"line":25,"column":20}},{"start":{"line":25,"column":24},"end":{"line":25,"column":75}}]},"1":{"loc":{"start":{"line":28,"column":2},"end":{"line":35,"column":null}},"type":"if","locations":[{"start":{"line":28,"column":2},"end":{"line":35,"column":null}},{"start":{"line":28,"column":2},"end":{"line":35,"column":null}}]},"2":{"loc":{"start":{"line":30,"column":6},"end":{"line":33,"column":null}},"type":"if","locations":[{"start":{"line":30,"column":6},"end":{"line":33,"column":null}},{"start":{"line":30,"column":6},"end":{"line":33,"column":null}}]},"3":{"loc":{"start":{"line":30,"column":10},"end":{"line":30,"column":32}},"type":"binary-expr","locations":[{"start":{"line":30,"column":10},"end":{"line":30,"column":32}},{"start":{"line":30,"column":36},"end":{"line":30,"column":82}}]},"4":{"loc":{"start":{"line":37,"column":2},"end":{"line":44,"column":null}},"type":"if","locations":[{"start":{"line":37,"column":2},"end":{"line":44,"column":null}},{"start":{"line":37,"column":2},"end":{"line":44,"column":null}}]},"5":{"loc":{"start":{"line":39,"column":6},"end":{"line":42,"column":null}},"type":"if","locations":[{"start":{"line":39,"column":6},"end":{"line":42,"column":null}},{"start":{"line":39,"column":6},"end":{"line":42,"column":null}}]},"6":{"loc":{"start":{"line":39,"column":10},"end":{"line":39,"column":37}},"type":"binary-expr","locations":[{"start":{"line":39,"column":10},"end":{"line":39,"column":37}},{"start":{"line":39,"column":41},"end":{"line":39,"column":97}}]},"7":{"loc":{"start":{"line":46,"column":2},"end":{"line":53,"column":null}},"type":"if","locations":[{"start":{"line":46,"column":2},"end":{"line":53,"column":null}},{"start":{"line":46,"column":2},"end":{"line":53,"column":null}}]},"8":{"loc":{"start":{"line":48,"column":6},"end":{"line":51,"column":null}},"type":"if","locations":[{"start":{"line":48,"column":6},"end":{"line":51,"column":null}},{"start":{"line":48,"column":6},"end":{"line":51,"column":null}}]},"9":{"loc":{"start":{"line":48,"column":10},"end":{"line":48,"column":40}},"type":"binary-expr","locations":[{"start":{"line":48,"column":10},"end":{"line":48,"column":40}},{"start":{"line":48,"column":44},"end":{"line":48,"column":106}}]},"10":{"loc":{"start":{"line":55,"column":2},"end":{"line":58,"column":null}},"type":"if","locations":[{"start":{"line":55,"column":2},"end":{"line":58,"column":null}},{"start":{"line":55,"column":2},"end":{"line":58,"column":null}}]},"11":{"loc":{"start":{"line":59,"column":2},"end":{"line":62,"column":null}},"type":"if","locations":[{"start":{"line":59,"column":2},"end":{"line":62,"column":null}},{"start":{"line":59,"column":2},"end":{"line":62,"column":null}}]},"12":{"loc":{"start":{"line":63,"column":2},"end":{"line":66,"column":null}},"type":"if","locations":[{"start":{"line":63,"column":2},"end":{"line":66,"column":null}},{"start":{"line":63,"column":2},"end":{"line":66,"column":null}}]}},"s":{"0":1,"1":1,"2":1,"3":1,"4":0,"5":0,"6":0,"7":0,"8":0,"9":0,"10":0,"11":0,"12":0,"13":0,"14":0,"15":0,"16":0,"17":0,"18":0,"19":0,"20":0,"21":0,"22":0,"23":0,"24":0,"25":0,"26":0,"27":0,"28":0,"29":0,"30":0,"31":0,"32":0,"33":0},"f":{"0":0,"1":0,"2":0,"3":0,"4":0},"b":{"0":[0,0],"1":[0,0],"2":[0,0],"3":[0,0],"4":[0,0],"5":[0,0],"6":[0,0],"7":[0,0],"8":[0,0],"9":[0,0],"10":[0,0],"11":[0,0],"12":[0,0]}}
,"/home/carmichael/code/open-source-projects/openapi-nodegen/src/lib/diff/fileDiff.ts": {"path":"/home/carmichael/code/open-source-projects/openapi-nodegen/src/lib/diff/fileDiff.ts","statementMap":{"0":{"start":{"line":3,"column":21},"end":{"line":3,"column":46}},"1":{"start":{"line":11,"column":0},"end":{"line":37,"column":2}},"2":{"start":{"line":11,"column":22},"end":{"line":11,"column":48}},"3":{"start":{"line":11,"column":48},"end":{"line":11,"column":null}},"4":{"start":{"line":12,"column":8},"end":{"line":12,"column":31}},"5":{"start":{"line":13,"column":6},"end":{"line":13,"column":22}},"6":{"start":{"line":14,"column":6},"end":{"line":14,"column":16}},"7":{"start":{"line":15,"column":6},"end":{"line":15,"column":15}},"8":{"start":{"line":16,"column":2},"end":{"line":22,"column":5}},"9":{"start":{"line":17,"column":4},"end":{"line":17,"column":12}},"10":{"start":{"line":18,"column":21},"end":{"line":20,"column":8}},"11":{"start":{"line":21,"column":4},"end":{"line":21,"column":31}},"12":{"start":{"line":24,"column":2},"end":{"line":30,"column":5}},"13":{"start":{"line":25,"column":4},"end":{"line":25,"column":11}},"14":{"start":{"line":26,"column":21},"end":{"line":28,"column":8}},"15":{"start":{"line":29,"column":4},"end":{"line":29,"column":33}},"16":{"start":{"line":31,"column":2},"end":{"line":31,"column":35}},"17":{"start":{"line":32,"column":2},"end":{"line":36,"column":4}}},"fnMap":{"0":{"name":"(anonymous_0)","decl":{"start":{"line":11,"column":15},"end":{"line":11,"column":22}},"loc":{"start":{"line":11,"column":72},"end":{"line":37,"column":2}}},"1":{"name":"(anonymous_3)","decl":{"start":{"line":16,"column":12},"end":{"line":16,"column":13}},"loc":{"start":{"line":16,"column":32},"end":{"line":22,"column":3}}},"2":{"name":"(anonymous_4)","decl":{"start":{"line":24,"column":12},"end":{"line":24,"column":13}},"loc":{"start":{"line":24,"column":32},"end":{"line":30,"column":3}}}},"branchMap":{"0":{"loc":{"start":{"line":11,"column":22},"end":{"line":11,"column":48}},"type":"if","locations":[{"start":{"line":11,"column":22},"end":{"line":11,"column":48}},{"start":{"line":11,"column":22},"end":{"line":11,"column":48}}]},"1":{"loc":{"start":{"line":11,"column":48},"end":{"line":11,"column":null}},"type":"if","locations":[{"start":{"line":11,"column":48},"end":{"line":11,"column":null}},{"start":{"line":11,"column":48},"end":{"line":11,"column":null}}]}},"s":{"0":2,"1":2,"2":2,"3":2,"4":2,"5":2,"6":2,"7":2,"8":2,"9":3,"10":3,"11":3,"12":2,"13":3,"14":3,"15":3,"16":2,"17":2},"f":{"0":2,"1":3,"2":3},"b":{"0":[0,2],"1":[0,2]}}
,"/home/carmichael/code/open-source-projects/openapi-nodegen/src/lib/generate/GenerateInterfaceFiles.ts": {"path":"/home/carmichael/code/open-source-projects/openapi-nodegen/src/lib/generate/GenerateInterfaceFiles.ts","statementMap":{"0":{"start":{"line":1,"column":0},"end":{"line":1,"column":32}},"1":{"start":{"line":2,"column":0},"end":{"line":2,"column":26}},"2":{"start":{"line":3,"column":0},"end":{"line":3,"column":24}},"3":{"start":{"line":6,"column":0},"end":{"line":6,"column":52}},"4":{"start":{"line":7,"column":0},"end":{"line":7,"column":63}},"5":{"start":{"line":9,"column":0},"end":{"line":9,"column":null}},"6":{"start":{"line":13,"column":4},"end":{"line":13,"column":25}},"7":{"start":{"line":16,"column":15},"end":{"line":19,"column":null}},"8":{"start":{"line":17,"column":10},"end":{"line":17,"column":45}},"9":{"start":{"line":18,"column":4},"end":{"line":18,"column":36}},"10":{"start":{"line":21,"column":9},"end":{"line":25,"column":null}},"11":{"start":{"line":21,"column":2},"end":{"line":21,"column":9}},"12":{"start":{"line":22,"column":4},"end":{"line":24,"column":7}},"13":{"start":{"line":23,"column":6},"end":{"line":23,"column":73}},"14":{"start":{"line":27,"column":9},"end":{"line":55,"column":null}},"15":{"start":{"line":28,"column":21},"end":{"line":28,"column":71}},"16":{"start":{"line":29,"column":17},"end":{"line":29,"column":50}},"17":{"start":{"line":31,"column":19},"end":{"line":31,"column":95}},"18":{"start":{"line":32,"column":16},"end":{"line":32,"column":61}},"19":{"start":{"line":33,"column":24},"end":{"line":33,"column":50}},"20":{"start":{"line":34,"column":23},"end":{"line":34,"column":79}},"21":{"start":{"line":35,"column":18},"end":{"line":38,"column":6}},"22":{"start":{"line":40,"column":4},"end":{"line":40,"column":73}},"23":{"start":{"line":41,"column":4},"end":{"line":47,"column":7}},"24":{"start":{"line":49,"column":23},"end":{"line":49,"column":68}},"25":{"start":{"line":50,"column":4},"end":{"line":52,"column":null}},"26":{"start":{"line":51,"column":6},"end":{"line":51,"column":37}},"27":{"start":{"line":53,"column":4},"end":{"line":53,"column":50}},"28":{"start":{"line":54,"column":4},"end":{"line":54,"column":16}},"29":{"start":{"line":56,"column":0},"end":{"line":56,"column":null}},"30":{"start":{"line":58,"column":0},"end":{"line":58,"column":38}}},"fnMap":{"0":{"name":"(anonymous_0)","decl":{"start":{"line":9,"column":0},"end":{"line":9,"column":null}},"loc":{"start":{"line":9,"column":0},"end":{"line":56,"column":null}}},"1":{"name":"GenerateInterfaceFiles","decl":{"start":{"line":12,"column":2},"end":{"line":12,"column":15}},"loc":{"start":{"line":12,"column":50},"end":{"line":14,"column":3}}},"2":{"name":"(anonymous_2)","decl":{"start":{"line":16,"column":2},"end":{"line":16,"column":15}},"loc":{"start":{"line":16,"column":2},"end":{"line":19,"column":null}}},"3":{"name":"(anonymous_5)","decl":{"start":{"line":21,"column":2},"end":{"line":21,"column":9}},"loc":{"start":{"line":21,"column":40},"end":{"line":25,"column":3}}},"4":{"name":"(anonymous_6)","decl":{"start":{"line":22,"column":31},"end":{"line":22,"column":32}},"loc":{"start":{"line":22,"column":45},"end":{"line":24,"column":5}}},"5":{"name":"(anonymous_7)","decl":{"start":{"line":27,"column":2},"end":{"line":27,"column":9}},"loc":{"start":{"line":27,"column":71},"end":{"line":55,"column":3}}}},"branchMap":{"0":{"loc":{"start":{"line":46,"column":29},"end":{"line":46,"column":41}},"type":"cond-expr","locations":[{"start":{"line":46,"column":29},"end":{"line":46,"column":41}},{"start":{"line":46,"column":44},"end":{"line":46,"column":51}}]},"1":{"loc":{"start":{"line":50,"column":4},"end":{"line":52,"column":null}},"type":"if","locations":[{"start":{"line":50,"column":4},"end":{"line":52,"column":null}},{"start":{"line":50,"column":4},"end":{"line":52,"column":null}}]},"2":{"loc":{"start":{"line":50,"column":8},"end":{"line":50,"column":39}},"type":"binary-expr","locations":[{"start":{"line":50,"column":8},"end":{"line":50,"column":39}},{"start":{"line":50,"column":43},"end":{"line":50,"column":95}},{"start":{"line":50,"column":99},"end":{"line":50,"column":124}}]}},"s":{"0":1,"1":1,"2":1,"3":1,"4":1,"5":1,"6":1,"7":1,"8":1,"9":1,"10":1,"11":1,"12":1,"13":7,"14":1,"15":7,"16":7,"17":7,"18":7,"19":7,"20":7,"21":7,"22":7,"23":7,"24":7,"25":7,"26":0,"27":7,"28":7,"29":1,"30":1},"f":{"0":1,"1":1,"2":1,"3":1,"4":7,"5":7},"b":{"0":[7,0],"1":[0,7],"2":[7,0,0]}}
,"/home/carmichael/code/open-source-projects/openapi-nodegen/src/lib/generate/GeneratedComparison.ts": {"path":"/home/carmichael/code/open-source-projects/openapi-nodegen/src/lib/generate/GeneratedComparison.ts","statementMap":{"0":{"start":{"line":1,"column":0},"end":{"line":1,"column":16}},"1":{"start":{"line":2,"column":0},"end":{"line":2,"column":26}},"2":{"start":{"line":3,"column":0},"end":{"line":3,"column":24}},"3":{"start":{"line":5,"column":0},"end":{"line":5,"column":66}},"4":{"start":{"line":6,"column":0},"end":{"line":6,"column":43}},"5":{"start":{"line":7,"column":0},"end":{"line":7,"column":76}},"6":{"start":{"line":9,"column":0},"end":{"line":9,"column":null}},"7":{"start":{"line":11,"column":9},"end":{"line":13,"column":null}},"8":{"start":{"line":12,"column":4},"end":{"line":12,"column":63}},"9":{"start":{"line":20,"column":9},"end":{"line":22,"column":null}},"10":{"start":{"line":21,"column":4},"end":{"line":21,"column":81}},"11":{"start":{"line":29,"column":9},"end":{"line":39,"column":null}},"12":{"start":{"line":31,"column":4},"end":{"line":37,"column":null}},"13":{"start":{"line":32,"column":6},"end":{"line":32,"column":43}},"14":{"start":{"line":34,"column":6},"end":{"line":36,"column":8}},"15":{"start":{"line":38,"column":4},"end":{"line":38,"column":16}},"16":{"start":{"line":46,"column":9},"end":{"line":50,"column":null}},"17":{"start":{"line":47,"column":23},"end":{"line":47,"column":74}},"18":{"start":{"line":48,"column":4},"end":{"line":48,"column":33}},"19":{"start":{"line":49,"column":4},"end":{"line":49,"column":22}},"20":{"start":{"line":57,"column":9},"end":{"line":90,"column":null}},"21":{"start":{"line":57,"column":2},"end":{"line":57,"column":9}},"22":{"start":{"line":58,"column":4},"end":{"line":89,"column":7}},"23":{"start":{"line":59,"column":19},"end":{"line":59,"column":98}},"24":{"start":{"line":60,"column":23},"end":{"line":60,"column":56}},"25":{"start":{"line":61,"column":6},"end":{"line":64,"column":null}},"26":{"start":{"line":62,"column":8},"end":{"line":62,"column":127}},"27":{"start":{"line":63,"column":8},"end":{"line":63,"column":27}},"28":{"start":{"line":65,"column":28},"end":{"line":65,"column":42}},"29":{"start":{"line":66,"column":28},"end":{"line":66,"column":42}},"30":{"start":{"line":67,"column":18},"end":{"line":67,"column":23}},"31":{"start":{"line":68,"column":6},"end":{"line":87,"column":9}},"32":{"start":{"line":69,"column":28},"end":{"line":69,"column":63}},"33":{"start":{"line":70,"column":8},"end":{"line":86,"column":null}},"34":{"start":{"line":71,"column":30},"end":{"line":71,"column":65}},"35":{"start":{"line":72,"column":10},"end":{"line":85,"column":null}},"36":{"start":{"line":73,"column":12},"end":{"line":82,"column":17}},"37":{"start":{"line":78,"column":16},"end":{"line":78,"column":68}},"38":{"start":{"line":81,"column":16},"end":{"line":81,"column":26}},"39":{"start":{"line":84,"column":12},"end":{"line":84,"column":22}},"40":{"start":{"line":88,"column":6},"end":{"line":88,"column":76}},"41":{"start":{"line":97,"column":9},"end":{"line":125,"column":null}},"42":{"start":{"line":98,"column":4},"end":{"line":100,"column":null}},"43":{"start":{"line":99,"column":6},"end":{"line":99,"column":32}},"44":{"start":{"line":101,"column":21},"end":{"line":101,"column":23}},"45":{"start":{"line":102,"column":28},"end":{"line":102,"column":63}},"46":{"start":{"line":103,"column":22},"end":{"line":107,"column":5}},"47":{"start":{"line":104,"column":6},"end":{"line":104,"column":23}},"48":{"start":{"line":105,"column":6},"end":{"line":105,"column":27}},"49":{"start":{"line":106,"column":6},"end":{"line":106,"column":92}},"50":{"start":{"line":108,"column":4},"end":{"line":123,"column":7}},"51":{"start":{"line":109,"column":26},"end":{"line":109,"column":58}},"52":{"start":{"line":110,"column":6},"end":{"line":116,"column":null}},"53":{"start":{"line":111,"column":8},"end":{"line":111,"column":45}},"54":{"start":{"line":112,"column":8},"end":{"line":112,"column":48}},"55":{"start":{"line":113,"column":8},"end":{"line":113,"column":48}},"56":{"start":{"line":114,"column":8},"end":{"line":114,"column":46}},"57":{"start":{"line":115,"column":8},"end":{"line":115,"column":45}},"58":{"start":{"line":119,"column":6},"end":{"line":122,"column":8}},"59":{"start":{"line":124,"column":4},"end":{"line":124,"column":28}},"60":{"start":{"line":127,"column":9},"end":{"line":148,"column":null}},"61":{"start":{"line":128,"column":23},"end":{"line":128,"column":76}},"62":{"start":{"line":129,"column":17},"end":{"line":129,"column":53}},"63":{"start":{"line":130,"column":21},"end":{"line":130,"column":64}},"64":{"start":{"line":131,"column":4},"end":{"line":144,"column":null}},"65":{"start":{"line":132,"column":6},"end":{"line":143,"column":9}},"66":{"start":{"line":133,"column":8},"end":{"line":142,"column":null}},"67":{"start":{"line":134,"column":24},"end":{"line":134,"column":59}},"68":{"start":{"line":135,"column":10},"end":{"line":137,"column":13}},"69":{"start":{"line":136,"column":12},"end":{"line":136,"column":59}},"70":{"start":{"line":138,"column":10},"end":{"line":140,"column":13}},"71":{"start":{"line":139,"column":12},"end":{"line":139,"column":38}},"72":{"start":{"line":141,"column":10},"end":{"line":141,"column":40}},"73":{"start":{"line":145,"column":4},"end":{"line":147,"column":7}},"74":{"start":{"line":161,"column":15},"end":{"line":172,"column":null}},"75":{"start":{"line":162,"column":10},"end":{"line":162,"column":116}},"76":{"start":{"line":163,"column":10},"end":{"line":163,"column":80}},"77":{"start":{"line":164,"column":4},"end":{"line":164,"column":34}},"78":{"start":{"line":165,"column":4},"end":{"line":165,"column":40}},"79":{"start":{"line":166,"column":4},"end":{"line":170,"column":6}},"80":{"start":{"line":171,"column":4},"end":{"line":171,"column":63}},"81":{"start":{"line":181,"column":9},"end":{"line":194,"column":null}},"82":{"start":{"line":182,"column":17},"end":{"line":182,"column":55}},"83":{"start":{"line":183,"column":4},"end":{"line":185,"column":null}},"84":{"start":{"line":184,"column":6},"end":{"line":184,"column":38}},"85":{"start":{"line":186,"column":4},"end":{"line":190,"column":null}},"86":{"start":{"line":187,"column":6},"end":{"line":189,"column":8}},"87":{"start":{"line":191,"column":4},"end":{"line":193,"column":7}},"88":{"start":{"line":195,"column":0},"end":{"line":195,"column":null}},"89":{"start":{"line":197,"column":0},"end":{"line":197,"column":41}}},"fnMap":{"0":{"name":"(anonymous_0)","decl":{"start":{"line":9,"column":0},"end":{"line":9,"column":null}},"loc":{"start":{"line":9,"column":0},"end":{"line":195,"column":null}}},"1":{"name":"(anonymous_2)","decl":{"start":{"line":11,"column":2},"end":{"line":11,"column":9}},"loc":{"start":{"line":11,"column":55},"end":{"line":13,"column":3}}},"2":{"name":"(anonymous_3)","decl":{"start":{"line":20,"column":2},"end":{"line":20,"column":9}},"loc":{"start":{"line":20,"column":65},"end":{"line":22,"column":3}}},"3":{"name":"(anonymous_4)","decl":{"start":{"line":29,"column":2},"end":{"line":29,"column":9}},"loc":{"start":{"line":29,"column":50},"end":{"line":39,"column":3}}},"4":{"name":"(anonymous_5)","decl":{"start":{"line":46,"column":2},"end":{"line":46,"column":9}},"loc":{"start":{"line":46,"column":59},"end":{"line":50,"column":3}}},"5":{"name":"(anonymous_6)","decl":{"start":{"line":57,"column":2},"end":{"line":57,"column":9}},"loc":{"start":{"line":57,"column":49},"end":{"line":90,"column":3}}},"6":{"name":"(anonymous_7)","decl":{"start":{"line":58,"column":23},"end":{"line":58,"column":24}},"loc":{"start":{"line":58,"column":39},"end":{"line":89,"column":5}}},"7":{"name":"(anonymous_8)","decl":{"start":{"line":68,"column":56},"end":{"line":68,"column":57}},"loc":{"start":{"line":68,"column":66},"end":{"line":87,"column":7}}},"8":{"name":"(anonymous_9)","decl":{"start":{"line":77,"column":20},"end":{"line":77,"column":21}},"loc":{"start":{"line":77,"column":25},"end":{"line":79,"column":15}}},"9":{"name":"(anonymous_10)","decl":{"start":{"line":80,"column":21},"end":{"line":80,"column":22}},"loc":{"start":{"line":80,"column":23},"end":{"line":82,"column":15}}},"10":{"name":"(anonymous_11)","decl":{"start":{"line":97,"column":2},"end":{"line":97,"column":9}},"loc":{"start":{"line":97,"column":54},"end":{"line":125,"column":3}}},"11":{"name":"(anonymous_12)","decl":{"start":{"line":103,"column":22},"end":{"line":103,"column":32}},"loc":{"start":{"line":103,"column":58},"end":{"line":107,"column":5}}},"12":{"name":"(anonymous_13)","decl":{"start":{"line":108,"column":31},"end":{"line":108,"column":32}},"loc":{"start":{"line":108,"column":35},"end":{"line":123,"column":5}}},"13":{"name":"(anonymous_14)","decl":{"start":{"line":127,"column":2},"end":{"line":127,"column":9}},"loc":{"start":{"line":127,"column":54},"end":{"line":148,"column":3}}},"14":{"name":"(anonymous_15)","decl":{"start":{"line":132,"column":23},"end":{"line":132,"column":24}},"loc":{"start":{"line":132,"column":34},"end":{"line":143,"column":7}}},"15":{"name":"(anonymous_16)","decl":{"start":{"line":135,"column":24},"end":{"line":135,"column":25}},"loc":{"start":{"line":135,"column":38},"end":{"line":137,"column":11}}},"16":{"name":"(anonymous_17)","decl":{"start":{"line":138,"column":24},"end":{"line":138,"column":25}},"loc":{"start":{"line":138,"column":35},"end":{"line":140,"column":11}}},"17":{"name":"(anonymous_18)","decl":{"start":{"line":161,"column":2},"end":{"line":161,"column":15}},"loc":{"start":{"line":161,"column":154},"end":{"line":172,"column":null}}},"18":{"name":"(anonymous_21)","decl":{"start":{"line":181,"column":2},"end":{"line":181,"column":9}},"loc":{"start":{"line":181,"column":105},"end":{"line":194,"column":3}}}},"branchMap":{"0":{"loc":{"start":{"line":31,"column":4},"end":{"line":37,"column":null}},"type":"if","locations":[{"start":{"line":31,"column":4},"end":{"line":37,"column":null}},{"start":{"line":31,"column":4},"end":{"line":37,"column":null}}]},"1":{"loc":{"start":{"line":61,"column":6},"end":{"line":64,"column":null}},"type":"if","locations":[{"start":{"line":61,"column":6},"end":{"line":64,"column":null}},{"start":{"line":61,"column":6},"end":{"line":64,"column":null}}]},"2":{"loc":{"start":{"line":70,"column":8},"end":{"line":86,"column":null}},"type":"if","locations":[{"start":{"line":70,"column":8},"end":{"line":86,"column":null}},{"start":{"line":70,"column":8},"end":{"line":86,"column":null}}]},"3":{"loc":{"start":{"line":88,"column":22},"end":{"line":88,"column":59}},"type":"cond-expr","locations":[{"start":{"line":88,"column":22},"end":{"line":88,"column":59}},{"start":{"line":88,"column":62},"end":{"line":88,"column":75}}]},"4":{"loc":{"start":{"line":98,"column":4},"end":{"line":100,"column":null}},"type":"if","locations":[{"start":{"line":98,"column":4},"end":{"line":100,"column":null}},{"start":{"line":98,"column":4},"end":{"line":100,"column":null}}]},"5":{"loc":{"start":{"line":98,"column":8},"end":{"line":98,"column":33}},"type":"binary-expr","locations":[{"start":{"line":98,"column":8},"end":{"line":98,"column":33}},{"start":{"line":98,"column":37},"end":{"line":98,"column":49}}]},"6":{"loc":{"start":{"line":106,"column":46},"end":{"line":106,"column":72}},"type":"cond-expr","locations":[{"start":{"line":106,"column":46},"end":{"line":106,"column":72}},{"start":{"line":106,"column":75},"end":{"line":106,"column":91}}]},"7":{"loc":{"start":{"line":106,"column":22},"end":{"line":106,"column":29}},"type":"binary-expr","locations":[{"start":{"line":106,"column":22},"end":{"line":106,"column":29}},{"start":{"line":106,"column":33},"end":{"line":106,"column":42}}]},"8":{"loc":{"start":{"line":110,"column":6},"end":{"line":116,"column":null}},"type":"if","locations":[{"start":{"line":110,"column":6},"end":{"line":116,"column":null}},{"start":{"line":110,"column":6},"end":{"line":116,"column":null}}]},"9":{"loc":{"start":{"line":110,"column":10},"end":{"line":110,"column":25}},"type":"binary-expr","locations":[{"start":{"line":110,"column":10},"end":{"line":110,"column":25}},{"start":{"line":110,"column":29},"end":{"line":110,"column":55}},{"start":{"line":110,"column":59},"end":{"line":110,"column":96}}]},"10":{"loc":{"start":{"line":131,"column":4},"end":{"line":144,"column":null}},"type":"if","locations":[{"start":{"line":131,"column":4},"end":{"line":144,"column":null}},{"start":{"line":131,"column":4},"end":{"line":144,"column":null}}]},"11":{"loc":{"start":{"line":133,"column":8},"end":{"line":142,"column":null}},"type":"if","locations":[{"start":{"line":133,"column":8},"end":{"line":142,"column":null}},{"start":{"line":133,"column":8},"end":{"line":142,"column":null}}]},"12":{"loc":{"start":{"line":183,"column":4},"end":{"line":185,"column":null}},"type":"if","locations":[{"start":{"line":183,"column":4},"end":{"line":185,"column":null}},{"start":{"line":183,"column":4},"end":{"line":185,"column":null}}]},"13":{"loc":{"start":{"line":186,"column":4},"end":{"line":190,"column":null}},"type":"if","locations":[{"start":{"line":186,"column":4},"end":{"line":190,"column":null}},{"start":{"line":186,"column":4},"end":{"line":190,"column":null}}]}},"s":{"0":1,"1":1,"2":1,"3":1,"4":1,"5":1,"6":1,"7":1,"8":6,"9":1,"10":2,"11":1,"12":2,"13":0,"14":2,"15":2,"16":1,"17":1,"18":1,"19":1,"20":1,"21":1,"22":1,"23":1,"24":1,"25":1,"26":1,"27":1,"28":0,"29":0,"30":0,"31":0,"32":0,"33":0,"34":0,"35":0,"36":0,"37":0,"38":0,"39":0,"40":0,"41":1,"42":1,"43":0,"44":1,"45":1,"46":1,"47":0,"48":0,"49":0,"50":1,"51":0,"52":0,"53":0,"54":0,"55":0,"56":0,"57":0,"58":0,"59":1,"60":1,"61":1,"62":1,"63":1,"64":1,"65":0,"66":0,"67":0,"68":0,"69":0,"70":0,"71":0,"72":0,"73":1,"74":1,"75":0,"76":0,"77":0,"78":0,"79":0,"80":0,"81":1,"82":0,"83":0,"84":0,"85":0,"86":0,"87":0,"88":1,"89":1},"f":{"0":2,"1":6,"2":2,"3":2,"4":1,"5":1,"6":1,"7":0,"8":0,"9":0,"10":1,"11":0,"12":0,"13":1,"14":0,"15":0,"16":0,"17":0,"18":0},"b":{"0":[0,2],"1":[1,0],"2":[0,0],"3":[0,0],"4":[0,1],"5":[1,1],"6":[0,0],"7":[0,0],"8":[0,0],"9":[0,0,0],"10":[0,1],"11":[0,0],"12":[0,0],"13":[0,0]}}
,"/home/carmichael/code/open-source-projects/openapi-nodegen/src/lib/generate/generateBaseStructure.ts": {"path":"/home/carmichael/code/open-source-projects/openapi-nodegen/src/lib/generate/generateBaseStructure.ts","statementMap":{"0":{"start":{"line":1,"column":0},"end":{"line":1,"column":34}},"1":{"start":{"line":2,"column":0},"end":{"line":2,"column":31}},"2":{"start":{"line":3,"column":0},"end":{"line":3,"column":24}},"3":{"start":{"line":12,"column":0},"end":{"line":47,"column":2}},"4":{"start":{"line":13,"column":2},"end":{"line":13,"column":62}},"5":{"start":{"line":14,"column":2},"end":{"line":14,"column":27}},"6":{"start":{"line":15,"column":32},"end":{"line":15,"column":68}},"7":{"start":{"line":16,"column":28},"end":{"line":16,"column":64}},"8":{"start":{"line":17,"column":2},"end":{"line":32,"column":5}},"9":{"start":{"line":19,"column":6},"end":{"line":21,"column":null}},"10":{"start":{"line":20,"column":8},"end":{"line":20,"column":21}},"11":{"start":{"line":22,"column":6},"end":{"line":24,"column":null}},"12":{"start":{"line":23,"column":8},"end":{"line":23,"column":21}},"13":{"start":{"line":25,"column":6},"end":{"line":29,"column":null}},"14":{"start":{"line":26,"column":8},"end":{"line":28,"column":null}},"15":{"start":{"line":27,"column":10},"end":{"line":27,"column":23}},"16":{"start":{"line":30,"column":6},"end":{"line":30,"column":18}},"17":{"start":{"line":34,"column":2},"end":{"line":46,"column":null}},"18":{"start":{"line":36,"column":30},"end":{"line":36,"column":68}},"19":{"start":{"line":37,"column":32},"end":{"line":37,"column":112}},"20":{"start":{"line":38,"column":19},"end":{"line":38,"column":110}},"21":{"start":{"line":39,"column":4},"end":{"line":45,"column":6}}},"fnMap":{"0":{"name":"(anonymous_0)","decl":{"start":{"line":12,"column":15},"end":{"line":12,"column":16}},"loc":{"start":{"line":12,"column":87},"end":{"line":47,"column":1}}},"1":{"name":"(anonymous_1)","decl":{"start":{"line":18,"column":12},"end":{"line":18,"column":13}},"loc":{"start":{"line":18,"column":16},"end":{"line":31,"column":5}}}},"branchMap":{"0":{"loc":{"start":{"line":13,"column":30},"end":{"line":13,"column":55}},"type":"binary-expr","locations":[{"start":{"line":13,"column":30},"end":{"line":13,"column":55}},{"start":{"line":13,"column":59},"end":{"line":13,"column":61}}]},"1":{"loc":{"start":{"line":19,"column":6},"end":{"line":21,"column":null}},"type":"if","locations":[{"start":{"line":19,"column":6},"end":{"line":21,"column":null}},{"start":{"line":19,"column":6},"end":{"line":21,"column":null}}]},"2":{"loc":{"start":{"line":19,"column":10},"end":{"line":19,"column":41}},"type":"binary-expr","locations":[{"start":{"line":19,"column":10},"end":{"line":19,"column":41}},{"start":{"line":19,"column":45},"end":{"line":19,"column":85}}]},"3":{"loc":{"start":{"line":22,"column":6},"end":{"line":24,"column":null}},"type":"if","locations":[{"start":{"line":22,"column":6},"end":{"line":24,"column":null}},{"start":{"line":22,"column":6},"end":{"line":24,"column":null}}]},"4":{"loc":{"start":{"line":25,"column":6},"end":{"line":29,"column":null}},"type":"if","locations":[{"start":{"line":25,"column":6},"end":{"line":29,"column":null}},{"start":{"line":25,"column":6},"end":{"line":29,"column":null}}]},"5":{"loc":{"start":{"line":26,"column":8},"end":{"line":28,"column":null}},"type":"if","locations":[{"start":{"line":26,"column":8},"end":{"line":28,"column":null}},{"start":{"line":26,"column":8},"end":{"line":28,"column":null}}]},"6":{"loc":{"start":{"line":34,"column":2},"end":{"line":46,"column":null}},"type":"if","locations":[{"start":{"line":34,"column":2},"end":{"line":46,"column":null}},{"start":{"line":34,"column":2},"end":{"line":46,"column":null}}]}},"s":{"0":1,"1":1,"2":1,"3":1,"4":1,"5":1,"6":1,"7":1,"8":1,"9":80,"10":1,"11":79,"12":3,"13":76,"14":76,"15":1,"16":75,"17":1,"18":1,"19":1,"20":1,"21":1},"f":{"0":1,"1":80},"b":{"0":[1,0],"1":[1,79],"2":[80,1],"3":[3,76],"4":[76,0],"5":[1,75],"6":[1,0]}}
,"/home/carmichael/code/open-source-projects/openapi-nodegen/src/lib/generate/generateDirectoryStructure.ts": {"path":"/home/carmichael/code/open-source-projects/openapi-nodegen/src/lib/generate/generateDirectoryStructure.ts","statementMap":{"0":{"start":{"line":2,"column":0},"end":{"line":2,"column":71}},"1":{"start":{"line":3,"column":0},"end":{"line":3,"column":73}},"2":{"start":{"line":4,"column":0},"end":{"line":4,"column":58}},"3":{"start":{"line":5,"column":0},"end":{"line":5,"column":16}},"4":{"start":{"line":6,"column":0},"end":{"line":6,"column":26}},"5":{"start":{"line":7,"column":0},"end":{"line":7,"column":24}},"6":{"start":{"line":19,"column":0},"end":{"line":33,"column":2}},"7":{"start":{"line":20,"column":20},"end":{"line":20,"column":36}},"8":{"start":{"line":21,"column":21},"end":{"line":21,"column":26}},"9":{"start":{"line":22,"column":2},"end":{"line":31,"column":null}},"10":{"start":{"line":23,"column":4},"end":{"line":23,"column":24}},"11":{"start":{"line":24,"column":4},"end":{"line":27,"column":56}},"12":{"start":{"line":29,"column":4},"end":{"line":29,"column":85}},"13":{"start":{"line":30,"column":4},"end":{"line":30,"column":52}},"14":{"start":{"line":32,"column":2},"end":{"line":32,"column":22}}},"fnMap":{"0":{"name":"(anonymous_0)","decl":{"start":{"line":19,"column":15},"end":{"line":19,"column":16}},"loc":{"start":{"line":19,"column":64},"end":{"line":33,"column":1}}}},"branchMap":{"0":{"loc":{"start":{"line":22,"column":2},"end":{"line":31,"column":null}},"type":"if","locations":[{"start":{"line":22,"column":2},"end":{"line":31,"column":null}},{"start":{"line":22,"column":2},"end":{"line":31,"column":null}}]},"1":{"loc":{"start":{"line":27,"column":28},"end":{"line":27,"column":49}},"type":"cond-expr","locations":[{"start":{"line":27,"column":28},"end":{"line":27,"column":49}},{"start":{"line":27,"column":52},"end":{"line":27,"column":54}}]}},"s":{"0":1,"1":1,"2":1,"3":1,"4":1,"5":1,"6":1,"7":1,"8":1,"9":1,"10":1,"11":1,"12":0,"13":0,"14":1},"f":{"0":1},"b":{"0":[1,0],"1":[0,1]}}
,"/home/carmichael/code/open-source-projects/openapi-nodegen/src/lib/generate/generateFile.ts": {"path":"/home/carmichael/code/open-source-projects/openapi-nodegen/src/lib/generate/generateFile.ts","statementMap":{"0":{"start":{"line":2,"column":0},"end":{"line":2,"column":52}},"1":{"start":{"line":3,"column":0},"end":{"line":3,"column":63}},"2":{"start":{"line":4,"column":0},"end":{"line":4,"column":26}},"3":{"start":{"line":5,"column":0},"end":{"line":5,"column":28}},"4":{"start":{"line":6,"column":0},"end":{"line":6,"column":24}},"5":{"start":{"line":22,"column":0},"end":{"line":85,"column":2}},"6":{"start":{"line":22,"column":74},"end":{"line":22,"column":null}},"7":{"start":{"line":23,"column":2},"end":{"line":84,"column":5}},"8":{"start":{"line":24,"column":25},"end":{"line":24,"column":45}},"9":{"start":{"line":25,"column":22},"end":{"line":25,"column":38}},"10":{"start":{"line":26,"column":21},"end":{"line":26,"column":37}},"11":{"start":{"line":27,"column":17},"end":{"line":27,"column":28}},"12":{"start":{"line":30,"column":25},"end":{"line":30,"column":135}},"13":{"start":{"line":31,"column":25},"end":{"line":31,"column":107}},"14":{"start":{"line":34,"column":4},"end":{"line":83,"column":null}},"15":{"start":{"line":36,"column":6},"end":{"line":36,"column":38}},"16":{"start":{"line":37,"column":6},"end":{"line":37,"column":73}},"17":{"start":{"line":38,"column":6},"end":{"line":80,"column":9}},"18":{"start":{"line":39,"column":8},"end":{"line":41,"column":null}},"19":{"start":{"line":40,"column":10},"end":{"line":40,"column":29}},"20":{"start":{"line":42,"column":8},"end":{"line":79,"column":null}},"21":{"start":{"line":43,"column":38},"end":{"line":43,"column":40}},"22":{"start":{"line":44,"column":10},"end":{"line":58,"column":null}},"23":{"start":{"line":45,"column":12},"end":{"line":57,"column":15}},"24":{"start":{"line":47,"column":31},"end":{"line":47,"column":86}},"25":{"start":{"line":47,"column":65},"end":{"line":47,"column":86}},"26":{"start":{"line":48,"column":14},"end":{"line":53,"column":null}},"27":{"start":{"line":49,"column":16},"end":{"line":49,"column":54}},"28":{"start":{"line":50,"column":16},"end":{"line":50,"column":126}},"29":{"start":{"line":50,"column":107},"end":{"line":50,"column":125}},"30":{"start":{"line":52,"column":16},"end":{"line":52,"column":59}},"31":{"start":{"line":54,"column":14},"end":{"line":56,"column":null}},"32":{"start":{"line":55,"column":16},"end":{"line":55,"column":46}},"33":{"start":{"line":59,"column":27},"end":{"line":65,"column":12}},"34":{"start":{"line":66,"column":32},"end":{"line":66,"column":91}},"35":{"start":{"line":67,"column":32},"end":{"line":69,"column":null}},"36":{"start":{"line":71,"column":10},"end":{"line":76,"column":13}},"37":{"start":{"line":72,"column":12},"end":{"line":74,"column":null}},"38":{"start":{"line":73,"column":14},"end":{"line":73,"column":35}},"39":{"start":{"line":75,"column":12},"end":{"line":75,"column":22}},"40":{"start":{"line":78,"column":10},"end":{"line":78,"column":20}},"41":{"start":{"line":82,"column":6},"end":{"line":82,"column":16}}},"fnMap":{"0":{"name":"(anonymous_0)","decl":{"start":{"line":22,"column":15},"end":{"line":22,"column":16}},"loc":{"start":{"line":22,"column":103},"end":{"line":85,"column":1}}},"1":{"name":"(anonymous_1)","decl":{"start":{"line":23,"column":21},"end":{"line":23,"column":22}},"loc":{"start":{"line":23,"column":37},"end":{"line":84,"column":3}}},"2":{"name":"(anonymous_2)","decl":{"start":{"line":38,"column":40},"end":{"line":38,"column":41}},"loc":{"start":{"line":38,"column":53},"end":{"line":80,"column":7}}},"3":{"name":"(anonymous_3)","decl":{"start":{"line":45,"column":46},"end":{"line":45,"column":47}},"loc":{"start":{"line":45,"column":70},"end":{"line":57,"column":13}}},"4":{"name":"(anonymous_4)","decl":{"start":{"line":47,"column":58},"end":{"line":47,"column":59}},"loc":{"start":{"line":47,"column":60},"end":{"line":47,"column":66}}},"5":{"name":"(anonymous_5)","decl":{"start":{"line":50,"column":95},"end":{"line":50,"column":96}},"loc":{"start":{"line":50,"column":102},"end":{"line":50,"column":110}}},"6":{"name":"(anonymous_6)","decl":{"start":{"line":71,"column":61},"end":{"line":71,"column":62}},"loc":{"start":{"line":71,"column":67},"end":{"line":76,"column":11}}}},"branchMap":{"0":{"loc":{"start":{"line":22,"column":74},"end":{"line":22,"column":null}},"type":"if","locations":[{"start":{"line":22,"column":74},"end":{"line":22,"column":null}},{"start":{"line":22,"column":74},"end":{"line":22,"column":null}}]},"1":{"loc":{"start":{"line":30,"column":61},"end":{"line":30,"column":89}},"type":"cond-expr","locations":[{"start":{"line":30,"column":61},"end":{"line":30,"column":89}},{"start":{"line":30,"column":92},"end":{"line":30,"column":135}}]},"2":{"loc":{"start":{"line":34,"column":4},"end":{"line":83,"column":null}},"type":"if","locations":[{"start":{"line":34,"column":4},"end":{"line":83,"column":null}},{"start":{"line":34,"column":4},"end":{"line":83,"column":null}}]},"3":{"loc":{"start":{"line":34,"column":8},"end":{"line":34,"column":18}},"type":"binary-expr","locations":[{"start":{"line":34,"column":8},"end":{"line":34,"column":18}},{"start":{"line":34,"column":22},"end":{"line":34,"column":81}},{"start":{"line":34,"column":85},"end":{"line":34,"column":115}}]},"4":{"loc":{"start":{"line":39,"column":8},"end":{"line":41,"column":null}},"type":"if","locations":[{"start":{"line":39,"column":8},"end":{"line":41,"column":null}},{"start":{"line":39,"column":8},"end":{"line":41,"column":null}}]},"5":{"loc":{"start":{"line":44,"column":10},"end":{"line":58,"column":null}},"type":"if","locations":[{"start":{"line":44,"column":10},"end":{"line":58,"column":null}},{"start":{"line":44,"column":10},"end":{"line":58,"column":null}}]},"6":{"loc":{"start":{"line":47,"column":65},"end":{"line":47,"column":66}},"type":"binary-expr","locations":[{"start":{"line":47,"column":65},"end":{"line":47,"column":66}},{"start":{"line":47,"column":70},"end":{"line":47,"column":85}}]},"7":{"loc":{"start":{"line":48,"column":14},"end":{"line":53,"column":null}},"type":"if","locations":[{"start":{"line":48,"column":14},"end":{"line":53,"column":null}},{"start":{"line":48,"column":14},"end":{"line":53,"column":null}}]},"8":{"loc":{"start":{"line":54,"column":14},"end":{"line":56,"column":null}},"type":"if","locations":[{"start":{"line":54,"column":14},"end":{"line":56,"column":null}},{"start":{"line":54,"column":14},"end":{"line":56,"column":null}}]},"9":{"loc":{"start":{"line":72,"column":12},"end":{"line":74,"column":null}},"type":"if","locations":[{"start":{"line":72,"column":12},"end":{"line":74,"column":null}},{"start":{"line":72,"column":12},"end":{"line":74,"column":null}}]}},"s":{"0":1,"1":1,"2":1,"3":1,"4":1,"5":1,"6":102,"7":51,"8":51,"9":51,"10":51,"11":51,"12":51,"13":51,"14":51,"15":51,"16":51,"17":51,"18":51,"19":0,"20":51,"21":51,"22":51,"23":1,"24":3,"25":9,"26":3,"27":1,"28":1,"29":0,"30":2,"31":3,"32":2,"33":51,"34":51,"35":51,"36":51,"37":51,"38":0,"39":51,"40":0,"41":0},"f":{"0":51,"1":51,"2":51,"3":3,"4":9,"5":0,"6":51},"b":{"0":[51,0],"1":[50,1],"2":[51,0],"3":[51,0,0],"4":[0,51],"5":[1,50],"6":[9,4],"7":[1,2],"8":[2,1],"9":[0,51]}}
,"/home/carmichael/code/open-source-projects/openapi-nodegen/src/lib/generate/generateOperationFile.ts": {"path":"/home/carmichael/code/open-source-projects/openapi-nodegen/src/lib/generate/generateOperationFile.ts","statementMap":{"0":{"start":{"line":1,"column":0},"end":{"line":1,"column":26}},"1":{"start":{"line":2,"column":0},"end":{"line":2,"column":23}},"2":{"start":{"line":3,"column":0},"end":{"line":3,"column":24}},"3":{"start":{"line":4,"column":0},"end":{"line":4,"column":32}},"4":{"start":{"line":7,"column":0},"end":{"line":7,"column":48}},"5":{"start":{"line":8,"column":0},"end":{"line":8,"column":69}},"6":{"start":{"line":9,"column":0},"end":{"line":9,"column":52}},"7":{"start":{"line":10,"column":0},"end":{"line":10,"column":63}},"8":{"start":{"line":22,"column":0},"end":{"line":72,"column":2}},"9":{"start":{"line":22,"column":92},"end":{"line":22,"column":109}},"10":{"start":{"line":22,"column":109},"end":{"line":22,"column":null}},"11":{"start":{"line":23,"column":2},"end":{"line":71,"column":5}},"12":{"start":{"line":24,"column":21},"end":{"line":24,"column":61}},"13":{"start":{"line":25,"column":4},"end":{"line":70,"column":7}},"14":{"start":{"line":26,"column":6},"end":{"line":28,"column":null}},"15":{"start":{"line":27,"column":8},"end":{"line":27,"column":27}},"16":{"start":{"line":29,"column":21},"end":{"line":29,"column":87}},"17":{"start":{"line":30,"column":18},"end":{"line":30,"column":58}},"18":{"start":{"line":31,"column":26},"end":{"line":31,"column":115}},"19":{"start":{"line":32,"column":25},"end":{"line":32,"column":76}},"20":{"start":{"line":33,"column":19},"end":{"line":39,"column":null}},"21":{"start":{"line":41,"column":30},"end":{"line":41,"column":77}},"22":{"start":{"line":43,"column":33},"end":{"line":43,"column":99}},"23":{"start":{"line":44,"column":28},"end":{"line":50,"column":8}},"24":{"start":{"line":52,"column":25},"end":{"line":52,"column":70}},"25":{"start":{"line":53,"column":6},"end":{"line":55,"column":null}},"26":{"start":{"line":54,"column":8},"end":{"line":54,"column":55}},"27":{"start":{"line":56,"column":6},"end":{"line":69,"column":null}},"28":{"start":{"line":57,"column":8},"end":{"line":65,"column":25}},"29":{"start":{"line":67,"column":8},"end":{"line":67,"column":60}},"30":{"start":{"line":68,"column":8},"end":{"line":68,"column":25}}},"fnMap":{"0":{"name":"(anonymous_0)","decl":{"start":{"line":22,"column":15},"end":{"line":22,"column":16}},"loc":{"start":{"line":22,"column":139},"end":{"line":72,"column":1}}},"1":{"name":"(anonymous_1)","decl":{"start":{"line":23,"column":21},"end":{"line":23,"column":22}},"loc":{"start":{"line":23,"column":37},"end":{"line":71,"column":3}}},"2":{"name":"(anonymous_2)","decl":{"start":{"line":25,"column":34},"end":{"line":25,"column":35}},"loc":{"start":{"line":25,"column":54},"end":{"line":70,"column":5}}}},"branchMap":{"0":{"loc":{"start":{"line":22,"column":92},"end":{"line":22,"column":109}},"type":"if","locations":[{"start":{"line":22,"column":92},"end":{"line":22,"column":109}},{"start":{"line":22,"column":92},"end":{"line":22,"column":109}}]},"1":{"loc":{"start":{"line":22,"column":109},"end":{"line":22,"column":null}},"type":"if","locations":[{"start":{"line":22,"column":109},"end":{"line":22,"column":null}},{"start":{"line":22,"column":109},"end":{"line":22,"column":null}}]},"2":{"loc":{"start":{"line":26,"column":6},"end":{"line":28,"column":null}},"type":"if","locations":[{"start":{"line":26,"column":6},"end":{"line":28,"column":null}},{"start":{"line":26,"column":6},"end":{"line":28,"column":null}}]},"3":{"loc":{"start":{"line":37,"column":20},"end":{"line":37,"column":37}},"type":"binary-expr","locations":[{"start":{"line":37,"column":20},"end":{"line":37,"column":37}},{"start":{"line":37,"column":41},"end":{"line":37,"column":46}}]},"4":{"loc":{"start":{"line":49,"column":31},"end":{"line":49,"column":43}},"type":"cond-expr","locations":[{"start":{"line":49,"column":31},"end":{"line":49,"column":43}},{"start":{"line":49,"column":46},"end":{"line":49,"column":53}}]},"5":{"loc":{"start":{"line":53,"column":6},"end":{"line":55,"column":null}},"type":"if","locations":[{"start":{"line":53,"column":6},"end":{"line":55,"column":null}},{"start":{"line":53,"column":6},"end":{"line":55,"column":null}}]},"6":{"loc":{"start":{"line":53,"column":10},"end":{"line":53,"column":36}},"type":"binary-expr","locations":[{"start":{"line":53,"column":10},"end":{"line":53,"column":36}},{"start":{"line":53,"column":40},"end":{"line":53,"column":87}}]},"7":{"loc":{"start":{"line":56,"column":6},"end":{"line":69,"column":null}},"type":"if","locations":[{"start":{"line":56,"column":6},"end":{"line":69,"column":null}},{"start":{"line":56,"column":6},"end":{"line":69,"column":null}}]},"8":{"loc":{"start":{"line":56,"column":10},"end":{"line":56,"column":52}},"type":"binary-expr","locations":[{"start":{"line":56,"column":10},"end":{"line":56,"column":52}},{"start":{"line":56,"column":56},"end":{"line":56,"column":81}}]}},"s":{"0":1,"1":1,"2":1,"3":1,"4":1,
[...]
n":43}}},"3":{"name":"(anonymous_3)","decl":{"start":{"line":29,"column":30},"end":{"line":29,"column":31}},"loc":{"start":{"line":29,"column":37},"end":{"line":29,"column":43}}},"4":{"name":"(anonymous_4)","decl":{"start":{"line":32,"column":30},"end":{"line":32,"column":31}},"loc":{"start":{"line":32,"column":37},"end":{"line":32,"column":43}}},"5":{"name":"(anonymous_5)","decl":{"start":{"line":35,"column":30},"end":{"line":35,"column":31}},"loc":{"start":{"line":35,"column":37},"end":{"line":35,"column":43}}},"6":{"name":"(anonymous_6)","decl":{"start":{"line":38,"column":30},"end":{"line":38,"column":31}},"loc":{"start":{"line":38,"column":37},"end":{"line":38,"column":43}}},"7":{"name":"(anonymous_7)","decl":{"start":{"line":44,"column":27},"end":{"line":44,"column":28}},"loc":{"start":{"line":44,"column":41},"end":{"line":50,"column":5}}},"8":{"name":"(anonymous_8)","decl":{"start":{"line":45,"column":36},"end":{"line":45,"column":37}},"loc":{"start":{"line":45,"column":40},"end":{"line":49,"column":7}}},"9":{"name":"(anonymous_9)","decl":{"start":{"line":60,"column":24},"end":{"line":60,"column":25}},"loc":{"start":{"line":60,"column":34},"end":{"line":60,"column":40}}}},"branchMap":{"0":{"loc":{"start":{"line":2,"column":2},"end":{"line":4,"column":null}},"type":"if","locations":[{"start":{"line":2,"column":2},"end":{"line":4,"column":null}},{"start":{"line":2,"column":2},"end":{"line":4,"column":null}}]},"1":{"loc":{"start":{"line":5,"column":2},"end":{"line":7,"column":null}},"type":"if","locations":[{"start":{"line":5,"column":2},"end":{"line":7,"column":null}},{"start":{"line":5,"column":2},"end":{"line":7,"column":null}}]},"2":{"loc":{"start":{"line":5,"column":6},"end":{"line":5,"column":17}},"type":"binary-expr","locations":[{"start":{"line":5,"column":6},"end":{"line":5,"column":17}},{"start":{"line":5,"column":21},"end":{"line":5,"column":56}},{"start":{"line":5,"column":60},"end":{"line":5,"column":108}}]},"3":{"loc":{"start":{"line":20,"column":28},"end":{"line":20,"column":55}},"type":"if","locations":[{"start":{"line":20,"column":28},"end":{"line":20,"column":55}},{"start":{"line":20,"column":28},"end":{"line":20,"column":55}}]},"4":{"loc":{"start":{"line":20,"column":76},"end":{"line":20,"column":null}},"type":"if","locations":[{"start":{"line":20,"column":76},"end":{"line":20,"column":null}},{"start":{"line":20,"column":76},"end":{"line":20,"column":null}}]},"5":{"loc":{"start":{"line":21,"column":2},"end":{"line":23,"column":null}},"type":"if","locations":[{"start":{"line":21,"column":2},"end":{"line":23,"column":null}},{"start":{"line":21,"column":2},"end":{"line":23,"column":null}}]},"6":{"loc":{"start":{"line":25,"column":2},"end":{"line":41,"column":null}},"type":"if","locations":[{"start":{"line":25,"column":2},"end":{"line":41,"column":null}},{"start":{"line":25,"column":2},"end":{"line":41,"column":null}}]},"7":{"loc":{"start":{"line":26,"column":4},"end":{"line":28,"column":null}},"type":"if","locations":[{"start":{"line":26,"column":4},"end":{"line":28,"column":null}},{"start":{"line":26,"column":4},"end":{"line":28,"column":null}}]},"8":{"loc":{"start":{"line":29,"column":4},"end":{"line":31,"column":null}},"type":"if","locations":[{"start":{"line":29,"column":4},"end":{"line":31,"column":null}},{"start":{"line":29,"column":4},"end":{"line":31,"column":null}}]},"9":{"loc":{"start":{"line":32,"column":4},"end":{"line":34,"column":null}},"type":"if","locations":[{"start":{"line":32,"column":4},"end":{"line":34,"column":null}},{"start":{"line":32,"column":4},"end":{"line":34,"column":null}}]},"10":{"loc":{"start":{"line":35,"column":4},"end":{"line":37,"column":null}},"type":"if","locations":[{"start":{"line":35,"column":4},"end":{"line":37,"column":null}},{"start":{"line":35,"column":4},"end":{"line":37,"column":null}}]},"11":{"loc":{"start":{"line":38,"column":4},"end":{"line":40,"column":null}},"type":"if","locations":[{"start":{"line":38,"column":4},"end":{"line":40,"column":null}},{"start":{"line":38,"column":4},"end":{"line":40,"column":null}}]},"12":{"loc":{"start":{"line":42,"column":2},"end":{"line":54,"column":null}},"type":"if","locations":[{"start":{"line":42,"column":2},"end":{"line":54,"column":null}},{"start":{"line":42,"column":2},"end":{"line":54,"column":null}}]},"13":{"loc":{"start":{"line":46,"column":8},"end":{"line":48,"column":null}},"type":"if","locations":[{"start":{"line":46,"column":8},"end":{"line":48,"column":null}},{"start":{"line":46,"column":8},"end":{"line":48,"column":null}}]},"14":{"loc":{"start":{"line":51,"column":4},"end":{"line":53,"column":null}},"type":"if","locations":[{"start":{"line":51,"column":4},"end":{"line":53,"column":null}},{"start":{"line":51,"column":4},"end":{"line":53,"column":null}}]},"15":{"loc":{"start":{"line":55,"column":2},"end":{"line":57,"column":null}},"type":"if","locations":[{"start":{"line":55,"column":2},"end":{"line":57,"column":null}},{"start":{"line":55,"column":2},"end":{"line":57,"column":null}}]},"16":{"loc":{"start":{"line":59,"column":2},"end":{"line":61,"column":null}},"type":"if","locations":[{"start":{"line":59,"column":2},"end":{"line":61,"column":null}},{"start":{"line":59,"column":2},"end":{"line":61,"column":null}}]},"17":{"loc":{"start":{"line":60,"column":55},"end":{"line":60,"column":60}},"type":"cond-expr","locations":[{"start":{"line":60,"column":55},"end":{"line":60,"column":60}},{"start":{"line":60,"column":63},"end":{"line":60,"column":73}}]},"18":{"loc":{"start":{"line":62,"column":64},"end":{"line":62,"column":67}},"type":"cond-expr","locations":[{"start":{"line":62,"column":64},"end":{"line":62,"column":67}},{"start":{"line":62,"column":70},"end":{"line":62,"column":72}}]},"19":{"loc":{"start":{"line":62,"column":31},"end":{"line":62,"column":39}},"type":"binary-expr","locations":[{"start":{"line":62,"column":31},"end":{"line":62,"column":39}},{"start":{"line":62,"column":43},"end":{"line":62,"column":60}}]}},"s":{"0":29,"1":24,"2":5,"3":4,"4":1,"5":2,"6":14,"7":25,"8":14,"9":0,"10":14,"11":14,"12":14,"13":14,"14":12,"15":14,"16":32,"17":6,"18":14,"19":28,"20":6,"21":14,"22":32,"23":0,"24":14,"25":32,"26":0,"27":14,"28":4,"29":4,"30":6,"31":6,"32":3,"33":4,"34":3,"35":14,"36":2,"37":14,"38":14,"39":6,"40":13,"41":14},"f":{"0":29,"1":14,"2":14,"3":32,"4":28,"5":32,"6":32,"7":6,"8":6,"9":13},"b":{"0":[24,5],"1":[4,1],"2":[5,4,4],"3":[0,14],"4":[11,3],"5":[0,14],"6":[14,0],"7":[12,2],"8":[6,8],"9":[6,8],"10":[0,14],"11":[0,14],"12":[4,10],"13":[3,3],"14":[3,1],"15":[2,12],"16":[6,8],"17":[1,12],"18":[3,11],"19":[14,3]}}
,"/home/carmichael/code/open-source-projects/openapi-nodegen/src/lib/template/helpers/prettifyRouteName.ts": {"path":"/home/carmichael/code/open-source-projects/openapi-nodegen/src/lib/template/helpers/prettifyRouteName.ts","statementMap":{"0":{"start":{"line":1,"column":0},"end":{"line":1,"column":52}},"1":{"start":{"line":3,"column":0},"end":{"line":5,"column":2}},"2":{"start":{"line":4,"column":2},"end":{"line":4,"column":41}}},"fnMap":{"0":{"name":"(anonymous_0)","decl":{"start":{"line":3,"column":15},"end":{"line":3,"column":16}},"loc":{"start":{"line":3,"column":29},"end":{"line":5,"column":1}}}},"branchMap":{},"s":{"0":1,"1":1,"2":8},"f":{"0":8},"b":{}}
,"/home/carmichael/code/open-source-projects/openapi-nodegen/src/lib/template/helpers/ucFirst.ts": {"path":"/home/carmichael/code/open-source-projects/openapi-nodegen/src/lib/template/helpers/ucFirst.ts","statementMap":{"0":{"start":{"line":6,"column":0},"end":{"line":11,"column":2}},"1":{"start":{"line":7,"column":2},"end":{"line":9,"column":null}},"2":{"start":{"line":8,"column":4},"end":{"line":8,"column":98}},"3":{"start":{"line":10,"column":2},"end":{"line":10,"column":68}}},"fnMap":{"0":{"name":"(anonymous_0)","decl":{"start":{"line":6,"column":15},"end":{"line":6,"column":16}},"loc":{"start":{"line":6,"column":35},"end":{"line":11,"column":1}}}},"branchMap":{"0":{"loc":{"start":{"line":7,"column":2},"end":{"line":9,"column":null}},"type":"if","locations":[{"start":{"line":7,"column":2},"end":{"line":9,"column":null}},{"start":{"line":7,"column":2},"end":{"line":9,"column":null}}]}},"s":{"0":3,"1":78,"2":0,"3":78},"f":{"0":78},"b":{"0":[0,78]}}
,"/home/carmichael/code/open-source-projects/openapi-nodegen/src/lib/template/helpers/urlPathJoin.ts": {"path":"/home/carmichael/code/open-source-projects/openapi-nodegen/src/lib/template/helpers/urlPathJoin.ts","statementMap":{"0":{"start":{"line":1,"column":0},"end":{"line":1,"column":28}},"1":{"start":{"line":4,"column":21},"end":{"line":4,"column":23}},"2":{"start":{"line":5,"column":2},"end":{"line":9,"column":null}},"3":{"start":{"line":6,"column":4},"end":{"line":8,"column":null}},"4":{"start":{"line":7,"column":6},"end":{"line":7,"column":50}},"5":{"start":{"line":10,"column":2},"end":{"line":10,"column":22}},"6":{"start":{"line":3,"column":0},"end":{"line":3,"column":null}}},"fnMap":{"0":{"name":"default_1","decl":{"start":{"line":3,"column":0},"end":{"line":3,"column":null}},"loc":{"start":{"line":3,"column":0},"end":{"line":11,"column":1}}}},"branchMap":{"0":{"loc":{"start":{"line":6,"column":4},"end":{"line":8,"column":null}},"type":"if","locations":[{"start":{"line":6,"column":4},"end":{"line":8,"column":null}},{"start":{"line":6,"column":4},"end":{"line":8,"column":null}}]}},"s":{"0":1,"1":0,"2":0,"3":0,"4":0,"5":0,"6":1},"f":{"0":0},"b":{"0":[0,0]}}
,"/home/carmichael/code/open-source-projects/openapi-nodegen/src/lib/template/helpers/validMethods.ts": {"path":"/home/carmichael/code/open-source-projects/openapi-nodegen/src/lib/template/helpers/validMethods.ts","statementMap":{"0":{"start":{"line":1,"column":0},"end":{"line":1,"column":60}},"1":{"start":{"line":7,"column":0},"end":{"line":9,"column":2}},"2":{"start":{"line":8,"column":2},"end":{"line":8,"column":26}}},"fnMap":{"0":{"name":"(anonymous_0)","decl":{"start":{"line":7,"column":15},"end":{"line":7,"column":null}},"loc":{"start":{"line":7,"column":15},"end":{"line":9,"column":1}}}},"branchMap":{},"s":{"0":1,"1":1,"2":0},"f":{"0":0},"b":{}}
,"/home/carmichael/code/open-source-projects/openapi-nodegen/src/types/global.d.ts": {"path":"/home/carmichael/code/open-source-projects/openapi-nodegen/src/types/global.d.ts","statementMap":{},"fnMap":{},"branchMap":{},"s":{},"f":{},"b":{},"hash":"7db97bdd616d89377a8121ce37028a131245258d"}
,"/home/carmichael/code/open-source-projects/openapi-nodegen/src/utils/commandRun.ts": {"path":"/home/carmichael/code/open-source-projects/openapi-nodegen/src/utils/commandRun.ts","statementMap":{"0":{"start":{"line":1,"column":0},"end":{"line":1,"column":42}},"1":{"start":{"line":3,"column":14},"end":{"line":3,"column":33}},"2":{"start":{"line":12,"column":0},"end":{"line":42,"column":2}},"3":{"start":{"line":12,"column":33},"end":{"line":12,"column":54}},"4":{"start":{"line":12,"column":54},"end":{"line":12,"column":null}},"5":{"start":{"line":13,"column":2},"end":{"line":41,"column":5}},"6":{"start":{"line":14,"column":4},"end":{"line":16,"column":null}},"7":{"start":{"line":15,"column":6},"end":{"line":15,"column":50}},"8":{"start":{"line":17,"column":20},"end":{"line":17,"column":40}},"9":{"start":{"line":18,"column":23},"end":{"line":18,"column":25}},"10":{"start":{"line":19,"column":28},"end":{"line":19,"column":30}},"11":{"start":{"line":20,"column":4},"end":{"line":25,"column":7}},"12":{"start":{"line":21,"column":6},"end":{"line":23,"column":null}},"13":{"start":{"line":22,"column":8},"end":{"line":22,"column":34}},"14":{"start":{"line":24,"column":6},"end":{"line":24,"column":35}},"15":{"start":{"line":27,"column":4},"end":{"line":32,"column":7}},"16":{"start":{"line":28,"column":6},"end":{"line":30,"column":null}},"17":{"start":{"line":29,"column":8},"end":{"line":29,"column":34}},"18":{"start":{"line":31,"column":6},"end":{"line":31,"column":40}},"19":{"start":{"line":34,"column":4},"end":{"line":40,"column":7}},"20":{"start":{"line":35,"column":6},"end":{"line":39,"column":null}},"21":{"start":{"line":36,"column":8},"end":{"line":36,"column":51}},"22":{"start":{"line":38,"column":8},"end":{"line":38,"column":56}}},"fnMap":{"0":{"name":"(anonymous_0)","decl":{"start":{"line":12,"column":15},"end":{"line":12,"column":16}},"loc":{"start":{"line":12,"column":78},"end":{"line":42,"column":1}}},"1":{"name":"(anonymous_1)","decl":{"start":{"line":13,"column":21},"end":{"line":13,"column":22}},"loc":{"start":{"line":13,"column":37},"end":{"line":41,"column":3}}},"2":{"name":"(anonymous_2)","decl":{"start":{"line":20,"column":30},"end":{"line":20,"column":40}},"loc":{"start":{"line":20,"column":49},"end":{"line":25,"column":5}}},"3":{"name":"(anonymous_3)","decl":{"start":{"line":27,"column":30},"end":{"line":27,"column":40}},"loc":{"start":{"line":27,"column":49},"end":{"line":32,"column":5}}},"4":{"name":"(anonymous_4)","decl":{"start":{"line":34,"column":24},"end":{"line":34,"column":34}},"loc":{"start":{"line":34,"column":46},"end":{"line":40,"column":5}}}},"branchMap":{"0":{"loc":{"start":{"line":12,"column":33},"end":{"line":12,"column":54}},"type":"if","locations":[{"start":{"line":12,"column":33},"end":{"line":12,"column":54}},{"start":{"line":12,"column":33},"end":{"line":12,"column":54}}]},"1":{"loc":{"start":{"line":12,"column":54},"end":{"line":12,"column":null}},"type":"if","locations":[{"start":{"line":12,"column":54},"end":{"line":12,"column":null}},{"start":{"line":12,"column":54},"end":{"line":12,"column":null}}]},"2":{"loc":{"start":{"line":14,"column":4},"end":{"line":16,"column":null}},"type":"if","locations":[{"start":{"line":14,"column":4},"end":{"line":16,"column":null}},{"start":{"line":14,"column":4},"end":{"line":16,"column":null}}]},"3":{"loc":{"start":{"line":21,"column":6},"end":{"line":23,"column":null}},"type":"if","locations":[{"start":{"line":21,"column":6},"end":{"line":23,"column":null}},{"start":{"line":21,"column":6},"end":{"line":23,"column":null}}]},"4":{"loc":{"start":{"line":21,"column":10},"end":{"line":21,"column":17}},"type":"binary-expr","locations":[{"start":{"line":21,"column":10},"end":{"line":21,"column":17}},{"start":{"line":21,"column":21},"end":{"line":21,"column":32}}]},"5":{"loc":{"start":{"line":28,"column":6},"end":{"line":30,"column":null}},"type":"if","locations":[{"start":{"line":28,"column":6},"end":{"line":30,"column":null}},{"start":{"line":28,"column":6},"end":{"line":30,"column":null}}]},"6":{"loc":{"start":{"line":28,"column":10},"end":{"line":28,"column":17}},"type":"binary-expr","locations":[{"start":{"line":28,"column":10},"end":{"line":28,"column":17}},{"start":{"line":28,"column":21},"end":{"line":28,"column":32}}]},"7":{"loc":{"start":{"line":35,"column":6},"end":{"line":39,"column":null}},"type":"if","locations":[{"start":{"line":35,"column":6},"end":{"line":39,"column":null}},{"start":{"line":35,"column":6},"end":{"line":39,"column":null}}]}},"s":{"0":2,"1":2,"2":2,"3":6,"4":11,"5":6,"6":6,"7":1,"8":6,"9":6,"10":6,"11":6,"12":5,"13":0,"14":5,"15":6,"16":1,"17":1,"18":1,"19":6,"20":6,"21":6,"22":0},"f":{"0":6,"1":6,"2":5,"3":1,"4":6},"b":{"0":[0,6],"1":[5,1],"2":[1,5],"3":[0,5],"4":[5,0],"5":[1,0],"6":[1,1],"7":[6,0]}}
,"/home/carmichael/code/open-source-projects/openapi-nodegen/src/utils/consoleHorizontalRule.ts": {"path":"/home/carmichael/code/open-source-projects/openapi-nodegen/src/utils/consoleHorizontalRule.ts","statementMap":{"0":{"start":{"line":1,"column":0},"end":{"line":7,"column":2}},"1":{"start":{"line":2,"column":11},"end":{"line":2,"column":13}},"2":{"start":{"line":3,"column":2},"end":{"line":5,"column":null}},"3":{"start":{"line":3,"column":15},"end":{"line":3,"column":16}},"4":{"start":{"line":4,"column":4},"end":{"line":4,"column":14}},"5":{"start":{"line":6,"column":2},"end":{"line":6,"column":12}}},"fnMap":{"0":{"name":"(anonymous_0)","decl":{"start":{"line":1,"column":15},"end":{"line":1,"column":null}},"loc":{"start":{"line":1,"column":15},"end":{"line":7,"column":1}}}},"branchMap":{},"s":{"0":2,"1":1,"2":1,"3":1,"4":15,"5":1},"f":{"0":1},"b":{}}
,"/home/carmichael/code/open-source-projects/openapi-nodegen/src/utils/globalHelpers.ts": {"path":"/home/carmichael/code/open-source-projects/openapi-nodegen/src/utils/globalHelpers.ts","statementMap":{"0":{"start":{"line":1,"column":0},"end":{"line":1,"column":41}},"1":{"start":{"line":3,"column":0},"end":{"line":15,"column":2}},"2":{"start":{"line":4,"column":2},"end":{"line":4,"column":53}},"3":{"start":{"line":5,"column":2},"end":{"line":9,"column":4}},"4":{"start":{"line":6,"column":4},"end":{"line":8,"column":null}},"5":{"start":{"line":7,"column":6},"end":{"line":7,"column":16}},"6":{"start":{"line":10,"column":2},"end":{"line":14,"column":4}},"7":{"start":{"line":11,"column":4},"end":{"line":13,"column":null}},"8":{"start":{"line":12,"column":6},"end":{"line":12,"column":16}}},"fnMap":{"0":{"name":"(anonymous_0)","decl":{"start":{"line":3,"column":15},"end":{"line":3,"column":16}},"loc":{"start":{"line":3,"column":54},"end":{"line":15,"column":1}}},"1":{"name":"(anonymous_1)","decl":{"start":{"line":5,"column":30},"end":{"line":5,"column":31}},"loc":{"start":{"line":5,"column":37},"end":{"line":9,"column":3}}},"2":{"name":"(anonymous_2)","decl":{"start":{"line":10,"column":26},"end":{"line":10,"column":27}},"loc":{"start":{"line":10,"column":33},"end":{"line":14,"column":3}}}},"branchMap":{"0":{"loc":{"start":{"line":6,"column":4},"end":{"line":8,"column":null}},"type":"if","locations":[{"start":{"line":6,"column":4},"end":{"line":8,"column":null}},{"start":{"line":6,"column":4},"end":{"line":8,"column":null}}]},"1":{"loc":{"start":{"line":6,"column":8},"end":{"line":6,"column":19}},"type":"binary-expr","locations":[{"start":{"line":6,"column":8},"end":{"line":6,"column":19}},{"start":{"line":6,"column":23},"end":{"line":6,"column":31}}]},"2":{"loc":{"start":{"line":11,"column":4},"end":{"line":13,"column":null}},"type":"if","locations":[{"start":{"line":11,"column":4},"end":{"line":13,"column":null}},{"start":{"line":11,"column":4},"end":{"line":13,"column":null}}]},"3":{"loc":{"start":{"line":11,"column":9},"end":{"line":11,"column":16}},"type":"binary-expr","locations":[{"start":{"line":11,"column":9},"end":{"line":11,"column":16}},{"start":{"line":11,"column":20},"end":{"line":11,"column":31}},{"start":{"line":11,"column":36},"end":{"line":11,"column":44}}]}},"s":{"0":1,"1":1,"2":1,"3":1,"4":222,"5":0,"6":1,"7":1,"8":0},"f":{"0":1,"1":222,"2":1},"b":{"0":[0,222],"1":[222,0],"2":[0,1],"3":[1,1,0]}}
,"/home/carmichael/code/open-source-projects/openapi-nodegen/src/utils/isFileToIngore.ts": {"path":"/home/carmichael/code/open-source-projects/openapi-nodegen/src/utils/isFileToIngore.ts","statementMap":{"0":{"start":{"line":1,"column":0},"end":{"line":12,"column":2}},"1":{"start":{"line":2,"column":21},"end":{"line":2,"column":49}},"2":{"start":{"line":3,"column":2},"end":{"line":10,"column":null}},"3":{"start":{"line":3,"column":15},"end":{"line":3,"column":16}},"4":{"start":{"line":4,"column":4},"end":{"line":6,"column":null}},"5":{"start":{"line":5,"column":6},"end":{"line":5,"column":18}},"6":{"start":{"line":7,"column":4},"end":{"line":9,"column":null}},"7":{"start":{"line":8,"column":6},"end":{"line":8,"column":18}},"8":{"start":{"line":11,"column":2},"end":{"line":11,"column":15}}},"fnMap":{"0":{"name":"(anonymous_0)","decl":{"start":{"line":1,"column":15},"end":{"line":1,"column":16}},"loc":{"start":{"line":1,"column":45},"end":{"line":12,"column":1}}}},"branchMap":{"0":{"loc":{"start":{"line":4,"column":4},"end":{"line":6,"column":null}},"type":"if","locations":[{"start":{"line":4,"column":4},"end":{"line":6,"column":null}},{"start":{"line":4,"column":4},"end":{"line":6,"column":null}}]},"1":{"loc":{"start":{"line":7,"column":4},"end":{"line":9,"column":null}},"type":"if","locations":[{"start":{"line":7,"column":4},"end":{"line":9,"column":null}},{"start":{"line":7,"column":4},"end":{"line":9,"column":null}}]}},"s":{"0":2,"1":93,"2":93,"3":93,"4":222,"5":33,"6":189,"7":1,"8":59},"f":{"0":93},"b":{"0":[33,189],"1":[1,188]}}
}
