TN:
SF:/home/carmichael/code/open-source-projects/openapi-nodegen/src/cli.ts
FN:15,(anonymous_0)
FN:20,(anonymous_1)
FN:25,(anonymous_2)
FN:35,(anonymous_3)
FN:41,(anonymous_4)
FN:41,(anonymous_5)
FN:65,(anonymous_7)
FN:75,(anonymous_8)
FN:79,(anonymous_9)
FNF:9
FNH:0
FNDA:0,(anonymous_0)
FNDA:0,(anonymous_1)
FNDA:0,(anonymous_2)
FNDA:0,(anonymous_3)
FNDA:0,(anonymous_4)
FNDA:0,(anonymous_5)
FNDA:0,(anonymous_7)
FNDA:0,(anonymous_8)
FNDA:0,(anonymous_9)
DA:2,0
DA:3,0
DA:4,0
DA:5,0
DA:6,0
DA:7,0
DA:9,0
DA:11,0
DA:14,0
DA:15,0
DA:16,0
DA:17,0
DA:20,0
DA:21,0
DA:22,0
DA:25,0
DA:26,0
DA:36,0
DA:38,0
DA:41,0
DA:42,0
DA:43,0
DA:44,0
DA:48,0
DA:58,0
DA:64,0
DA:66,0
DA:67,0
DA:70,0
DA:72,0
DA:76,0
DA:79,0
DA:80,0
LF:33
LH:0
BRDA:16,0,0,0
BRDA:16,0,1,0
BRDA:16,1,0,0
BRDA:16,1,1,0
BRDA:21,2,0,0
BRDA:21,2,1,0
BRDA:21,3,0,0
BRDA:21,3,1,0
BRDA:21,3,2,0
BRDA:32,4,0,0
BRDA:32,4,1,0
BRDA:33,5,0,0
BRDA:33,5,1,0
BRDA:34,6,0,0
BRDA:34,6,1,0
BRDA:66,7,0,0
BRDA:66,7,1,0
BRF:17
BRH:0
end_of_record
TN:
SF:/home/carmichael/code/open-source-projects/openapi-nodegen/src/commander.ts
FN:8,(anonymous_0)
FN:14,(anonymous_1)
FNF:2
FNH:2
FNDA:2,(anonymous_0)
FNDA:1,(anonymous_1)
DA:1,1
DA:2,1
DA:3,1
DA:4,1
DA:6,1
DA:8,1
DA:11,2
DA:15,1
DA:26,2
DA:27,1
DA:29,1
LF:11
LH:11
BRDA:26,0,0,1
BRDA:26,0,1,1
BRF:2
BRH:2
end_of_record
TN:
SF:/home/carmichael/code/open-source-projects/openapi-nodegen/src/commanderParseOutput.ts
FN:3,(anonymous_0)
FNF:1
FNH:1
FNDA:2,(anonymous_0)
DA:1,2
DA:3,2
DA:4,2
LF:3
LH:3
BRF:0
BRH:0
end_of_record
TN:
SF:/home/carmichael/code/open-source-projects/openapi-nodegen/src/constants/CachePaths.ts
FNF:0
FNH:0
DA:1,1
DA:2,1
DA:3,1
LF:3
LH:3
BRF:0
BRH:0
end_of_record
TN:
SF:/home/carmichael/code/open-source-projects/openapi-nodegen/src/constants/ValidHttpMethods.ts
FNF:0
FNH:0
DA:1,0
LF:1
LH:0
BRF:0
BRH:0
end_of_record
TN:
SF:/home/carmichael/code/open-source-projects/openapi-nodegen/src/interfaces/NodegenRc.ts
FN:1,(anonymous_0)
FNF:1
FNH:0
FNDA:0,(anonymous_0)
DA:1,0
DA:2,0
DA:3,0
LF:3
LH:0
BRDA:1,0,0,0
BRDA:1,0,1,0
BRF:2
BRH:0
end_of_record
TN:
SF:/home/carmichael/code/open-source-projects/openapi-nodegen/src/lib/ConfigMerger.ts
FN:13,(anonymous_0)
FN:14,(anonymous_2)
FN:22,(anonymous_5)
FNF:3
FNH:0
FNDA:0,(anonymous_0)
FNDA:0,(anonymous_2)
FNDA:0,(anonymous_5)
DA:3,0
DA:4,0
DA:13,0
DA:14,0
DA:15,0
DA:16,0
DA:22,0
DA:23,0
DA:30,0
DA:32,0
LF:10
LH:0
BRDA:15,0,0,0
BRDA:19,1,0,0
BRDA:19,1,1,0
BRF:3
BRH:0
end_of_record
TN:
SF:/home/carmichael/code/open-source-projects/openapi-nodegen/src/lib/FileIterator.ts
FN:13,(anonymous_0)
FN:24,(anonymous_2)
FN:30,(anonymous_3)
FN:33,(anonymous_4)
FN:33,(anonymous_5)
FN:41,(anonymous_7)
FN:44,(anonymous_8)
FN:55,(anonymous_11)
FN:69,(anonymous_14)
FN:82,(anonymous_15)
FN:102,(anonymous_16)
FNF:11
FNH:0
FNDA:0,(anonymous_0)
FNDA:0,(anonymous_2)
FNDA:0,(anonymous_3)
FNDA:0,(anonymous_4)
FNDA:0,(anonymous_5)
FNDA:0,(anonymous_7)
FNDA:0,(anonymous_8)
FNDA:0,(anonymous_11)
FNDA:0,(anonymous_14)
FNDA:0,(anonymous_15)
FNDA:0,(anonymous_16)
DA:1,0
DA:2,0
DA:3,0
DA:6,0
DA:7,0
DA:8,0
DA:9,0
DA:10,0
DA:11,0
DA:13,0
DA:14,0
DA:24,0
DA:25,0
DA:26,0
DA:27,0
DA:28,0
DA:29,0
DA:30,0
DA:31,0
DA:33,0
DA:35,0
DA:37,0
DA:42,0
DA:44,0
DA:45,0
DA:46,0
DA:55,0
DA:56,0
DA:57,0
DA:69,0
DA:70,0
DA:82,0
DA:83,0
DA:102,0
DA:103,0
DA:104,0
DA:106,0
DA:107,0
DA:109,0
DA:110,0
DA:111,0
DA:113,0
DA:114,0
DA:115,0
DA:116,0
DA:117,0
DA:118,0
DA:119,0
DA:120,0
DA:121,0
DA:122,0
DA:125,0
DA:126,0
DA:127,0
DA:132,0
DA:133,0
DA:135,0
DA:136,0
DA:138,0
DA:140,0
LF:60
LH:0
BRDA:45,0,0,0
BRDA:56,1,0,0
BRDA:56,1,1,0
BRDA:115,2,0,0
BRDA:115,2,1,0
BRDA:103,3,0,0
BRDA:103,3,1,0
BRDA:114,4,0,0
BRDA:114,4,1,0
BRDA:114,4,2,0
BRDA:125,5,0,0
BRDA:125,5,1,0
BRDA:125,6,0,0
BRDA:125,6,1,0
BRDA:125,6,2,0
BRDA:125,6,3,0
BRDA:132,7,0,0
BRDA:132,7,1,0
BRF:18
BRH:0
end_of_record
TN:
SF:/home/carmichael/code/open-source-projects/openapi-nodegen/src/lib/FileTypeCheck.ts
FN:1,(anonymous_0)
FN:9,(anonymous_2)
FN:28,(anonymous_3)
FN:32,(anonymous_4)
FN:36,(anonymous_5)
FN:40,(anonymous_6)
FN:44,(anonymous_7)
FNF:7
FNH:5
FNDA:2,(anonymous_0)
FNDA:0,(anonymous_2)
FNDA:4,(anonymous_3)
FNDA:0,(anonymous_4)
FNDA:4,(anonymous_5)
FNDA:4,(anonymous_6)
FNDA:4,(anonymous_7)
DA:1,1
DA:2,1
DA:3,1
DA:4,1
DA:5,1
DA:6,1
DA:7,1
DA:9,1
DA:10,0
DA:11,0
DA:13,0
DA:14,0
DA:16,0
DA:17,0
DA:19,0
DA:20,0
DA:22,0
DA:23,0
DA:25,0
DA:28,1
DA:29,4
DA:32,1
DA:33,0
DA:36,1
DA:37,4
DA:40,1
DA:41,4
DA:44,1
DA:45,4
DA:47,1
DA:49,1
LF:31
LH:19
BRDA:10,0,0,0
BRDA:10,0,1,0
BRDA:13,1,0,0
BRDA:13,1,1,0
BRDA:16,2,0,0
BRDA:16,2,1,0
BRDA:19,3,0,0
BRDA:19,3,1,0
BRDA:22,4,0,0
BRDA:22,4,1,0
BRF:10
BRH:0
end_of_record
TN:
SF:/home/carmichael/code/open-source-projects/openapi-nodegen/src/lib/GenerateInterfaceFiles.ts
FN:9,(anonymous_0)
FN:12,GenerateInterfaceFiles
FN:16,(anonymous_2)
FN:21,(anonymous_5)
FN:22,(anonymous_6)
FN:27,(anonymous_7)
FNF:6
FNH:0
FNDA:0,(anonymous_0)
FNDA:0,GenerateInterfaceFiles
FNDA:0,(anonymous_2)
FNDA:0,(anonymous_5)
FNDA:0,(anonymous_6)
FNDA:0,(anonymous_7)
DA:1,0
DA:2,0
DA:3,0
DA:6,0
DA:7,0
DA:9,0
DA:13,0
DA:16,0
DA:17,0
DA:18,0
DA:21,0
DA:22,0
DA:23,0
DA:27,0
DA:28,0
DA:29,0
DA:31,0
DA:32,0
DA:33,0
DA:34,0
DA:35,0
DA:40,0
DA:41,0
DA:49,0
DA:50,0
DA:51,0
DA:53,0
DA:54,0
DA:56,0
DA:58,0
LF:30
LH:0
BRDA:46,0,0,0
BRDA:46,0,1,0
BRDA:50,1,0,0
BRDA:50,1,1,0
BRDA:50,2,0,0
BRDA:50,2,1,0
BRDA:50,2,2,0
BRF:7
BRH:0
end_of_record
TN:
SF:/home/carmichael/code/open-source-projects/openapi-nodegen/src/lib/GeneratedComparison.ts
FN:9,(anonymous_0)
FN:11,(anonymous_2)
FN:20,(anonymous_3)
FN:29,(anonymous_4)
FN:46,(anonymous_5)
FN:57,(anonymous_6)
FN:58,(anonymous_7)
FN:67,(anonymous_8)
FN:76,(anonymous_9)
FN:79,(anonymous_10)
FN:96,(anonymous_11)
FN:102,(anonymous_12)
FN:107,(anonymous_13)
FN:126,(anonymous_14)
FN:131,(anonymous_15)
FN:134,(anonymous_16)
FN:137,(anonymous_17)
FN:160,(anonymous_18)
FN:180,(anonymous_21)
FNF:19
FNH:0
FNDA:0,(anonymous_0)
FNDA:0,(anonymous_2)
FNDA:0,(anonymous_3)
FNDA:0,(anonymous_4)
FNDA:0,(anonymous_5)
FNDA:0,(anonymous_6)
FNDA:0,(anonymous_7)
FNDA:0,(anonymous_8)
FNDA:0,(anonymous_9)
FNDA:0,(anonymous_10)
FNDA:0,(anonymous_11)
FNDA:0,(anonymous_12)
FNDA:0,(anonymous_13)
FNDA:0,(anonymous_14)
FNDA:0,(anonymous_15)
FNDA:0,(anonymous_16)
FNDA:0,(anonymous_17)
FNDA:0,(anonymous_18)
FNDA:0,(anonymous_21)
DA:1,0
DA:2,0
DA:3,0
DA:5,0
DA:6,0
DA:7,0
DA:9,0
DA:11,0
DA:12,0
DA:20,0
DA:21,0
DA:29,0
DA:31,0
DA:32,0
DA:34,0
DA:38,0
DA:46,0
DA:47,0
DA:48,0
DA:49,0
DA:57,0
DA:58,0
DA:59,0
DA:60,0
DA:61,0
DA:62,0
DA:64,0
DA:65,0
DA:66,0
DA:67,0
DA:68,0
DA:69,0
DA:70,0
DA:71,0
DA:72,0
DA:77,0
DA:80,0
DA:83,0
DA:87,0
DA:96,0
DA:97,0
DA:98,0
DA:100,0
DA:101,0
DA:102,0
DA:103,0
DA:104,0
DA:105,0
DA:107,0
DA:108,0
DA:109,0
DA:110,0
DA:111,0
DA:112,0
DA:113,0
DA:114,0
DA:118,0
DA:123,0
DA:126,0
DA:127,0
DA:128,0
DA:129,0
DA:130,0
DA:131,0
DA:132,0
DA:133,0
DA:134,0
DA:135,0
DA:137,0
DA:138,0
DA:140,0
DA:144,0
DA:160,0
DA:161,0
DA:162,0
DA:163,0
DA:164,0
DA:165,0
DA:170,0
DA:180,0
DA:181,0
DA:182,0
DA:183,0
DA:185,0
DA:186,0
DA:190,0
DA:194,0
DA:196,0
LF:88
LH:0
BRDA:31,0,0,0
BRDA:31,0,1,0
BRDA:61,1,0,0
BRDA:61,1,1,0
BRDA:69,2,0,0
BRDA:69,2,1,0
BRDA:87,3,0,0
BRDA:87,3,1,0
BRDA:97,4,0,0
BRDA:97,4,1,0
BRDA:97,5,0,0
BRDA:97,5,1,0
BRDA:105,6,0,0
BRDA:105,6,1,0
BRDA:105,7,0,0
BRDA:105,7,1,0
BRDA:109,8,0,0
BRDA:109,8,1,0
BRDA:109,9,0,0
BRDA:109,9,1,0
BRDA:109,9,2,0
BRDA:130,10,0,0
BRDA:130,10,1,0
BRDA:132,11,0,0
BRDA:132,11,1,0
BRDA:182,12,0,0
BRDA:182,12,1,0
BRDA:185,13,0,0
BRDA:185,13,1,0
BRF:29
BRH:0
end_of_record
TN:
SF:/home/carmichael/code/open-source-projects/openapi-nodegen/src/lib/NodegenRc.ts
FN:4,(anonymous_0)
FN:10,(anonymous_2)
FN:31,(anonymous_5)
FNF:3
FNH:0
FNDA:0,(anonymous_0)
FNDA:0,(anonymous_2)
FNDA:0,(anonymous_5)
DA:1,0
DA:2,0
DA:4,0
DA:10,0
DA:11,0
DA:12,0
DA:13,0
DA:14,0
DA:15,0
DA:17,0
DA:18,0
DA:19,0
DA:21,0
DA:22,0
DA:31,0
DA:32,0
DA:33,0
DA:34,0
DA:36,0
DA:37,0
DA:39,0
DA:41,0
DA:43,0
LF:23
LH:0
BRDA:14,0,0,0
BRDA:14,0,1,0
BRDA:18,1,0,0
BRDA:18,1,1,0
BRDA:33,2,0,0
BRDA:33,2,1,0
BRDA:36,3,0,0
BRDA:36,3,1,0
BRF:8
BRH:0
end_of_record
TN:
SF:/home/carmichael/code/open-source-projects/openapi-nodegen/src/lib/OpenAPIBundler.ts
FN:13,(anonymous_0)
FN:19,(anonymous_2)
FN:95,(anonymous_5)
FN:108,(anonymous_6)
FN:120,(anonymous_9)
FN:134,(anonymous_12)
FN:168,(anonymous_15)
FN:178,(anonymous_16)
FN:204,(anonymous_19)
FN:206,(anonymous_20)
FN:220,(anonymous_21)
FNF:11
FNH:0
FNDA:0,(anonymous_0)
FNDA:0,(anonymous_2)
FNDA:0,(anonymous_5)
FNDA:0,(anonymous_6)
FNDA:0,(anonymous_9)
FNDA:0,(anonymous_12)
FNDA:0,(anonymous_15)
FNDA:0,(anonymous_16)
FNDA:0,(anonymous_19)
FNDA:0,(anonymous_20)
FNDA:0,(anonymous_21)
DA:2,0
DA:3,0
DA:4,0
DA:5,0
DA:6,0
DA:7,0
DA:8,0
DA:9,0
DA:11,0
DA:13,0
DA:19,0
DA:22,0
DA:23,0
DA:25,0
DA:26,0
DA:27,0
DA:30,0
DA:31,0
DA:33,0
DA:34,0
DA:35,0
DA:38,0
DA:39,0
DA:41,0
DA:42,0
DA:43,0
DA:47,0
DA:49,0
DA:50,0
DA:51,0
DA:54,0
DA:55,0
DA:57,0
DA:58,0
DA:59,0
DA:62,0
DA:63,0
DA:65,0
DA:66,0
DA:67,0
DA:71,0
DA:73,0
DA:74,0
DA:75,0
DA:79,0
DA:81,0
DA:82,0
DA:84,0
DA:86,0
DA:95,0
DA:96,0
DA:97,0
DA:98,0
DA:100,0
DA:108,0
DA:109,0
DA:120,0
DA:121,0
DA:134,0
DA:135,0
DA:136,0
DA:137,0
DA:138,0
DA:139,0
DA:140,0
DA:141,0
DA:142,0
DA:143,0
DA:144,0
DA:145,0
DA:146,0
DA:147,0
DA:148,0
DA:150,0
DA:159,0
DA:168,0
DA:169,0
DA:178,0
DA:179,0
DA:180,0
DA:181,0
DA:183,0
DA:185,0
DA:192,0
DA:193,0
DA:194,0
DA:197,0
DA:204,0
DA:205,0
DA:206,0
DA:207,0
DA:210,0
DA:211,0
DA:220,0
DA:221,0
DA:222,0
DA:223,0
DA:226,0
DA:233,0
DA:244,0
DA:245,0
DA:248,0
DA:250,0
LF:103
LH:0
BRDA:138,0,0,0
BRDA:138,0,1,0
BRDA:141,1,0,0
BRDA:141,1,1,0
BRDA:144,2,0,0
BRDA:144,2,1,0
BRDA:146,3,0,0
BRDA:146,3,1,0
BRDA:148,4,0,0
BRDA:148,4,1,0
BRDA:148,5,0,0
BRDA:148,5,1,0
BRDA:168,6,0,0
BRDA:168,6,1,0
BRDA:197,7,0,0
BRDA:180,8,0,0
BRDA:180,8,1,0
BRDA:205,9,0,0
BRDA:205,9,1,0
BRDA:207,10,0,0
BRDA:207,10,1,0
BRDA:233,11,0,0
BRF:22
BRH:0
end_of_record
TN:
SF:/home/carmichael/code/open-source-projects/openapi-nodegen/src/lib/OpenAPIInjectInterfaceNaming.ts
FN:6,(anonymous_0)
FN:10,OpenAPIInjectInterfaceNaming
FN:19,(anonymous_2)
FN:31,(anonymous_3)
FN:44,(anonymous_4)
FN:46,(anonymous_5)
FN:58,(anonymous_6)
FN:66,(anonymous_7)
FN:74,(anonymous_8)
FN:78,(anonymous_9)
FN:79,(anonymous_10)
FN:95,(anonymous_11)
FN:106,(anonymous_12)
FN:126,(anonymous_13)
FN:151,(anonymous_14)
FN:152,(anonymous_15)
FN:155,(anonymous_16)
FN:183,(anonymous_17)
FN:186,(anonymous_18)
FN:198,(anonymous_19)
FNF:20
FNH:4
FNDA:1,(anonymous_0)
FNDA:2,OpenAPIInjectInterfaceNaming
FNDA:0,(anonymous_2)
FNDA:0,(anonymous_3)
FNDA:0,(anonymous_4)
FNDA:0,(anonymous_5)
FNDA:2,(anonymous_6)
FNDA:2,(anonymous_7)
FNDA:0,(anonymous_8)
FNDA:0,(anonymous_9)
FNDA:0,(anonymous_10)
FNDA:0,(anonymous_11)
FNDA:0,(anonymous_12)
FNDA:0,(anonymous_13)
FNDA:0,(anonymous_14)
FNDA:0,(anonymous_15)
FNDA:0,(anonymous_16)
FNDA:0,(anonymous_17)
FNDA:0,(anonymous_18)
FNDA:0,(anonymous_19)
DA:2,1
DA:3,1
DA:4,1
DA:6,1
DA:11,2
DA:12,2
DA:19,1
DA:20,0
DA:21,0
DA:23,0
DA:24,0
DA:31,1
DA:32,0
DA:33,0
DA:35,0
DA:36,0
DA:44,1
DA:45,0
DA:46,0
DA:47,0
DA:48,0
DA:51,0
DA:58,1
DA:59,2
DA:66,1
DA:67,2
DA:74,1
DA:75,0
DA:76,0
DA:78,0
DA:79,0
DA:80,0
DA:81,0
DA:83,0
DA:87,0
DA:95,1
DA:96,0
DA:97,0
DA:106,1
DA:107,0
DA:125,0
DA:126,0
DA:127,0
DA:128,0
DA:129,0
DA:130,0
DA:131,0
DA:132,0
DA:133,0
DA:134,0
DA:135,0
DA:138,0
DA:143,0
DA:151,1
DA:152,0
DA:153,0
DA:154,0
DA:155,0
DA:156,0
DA:157,0
DA:158,0
DA:161,0
DA:162,0
DA:163,0
DA:166,0
DA:167,0
DA:168,0
DA:172,0
DA:183,1
DA:184,0
DA:185,0
DA:186,0
DA:187,0
DA:189,0
DA:198,1
DA:199,0
DA:200,0
DA:201,0
DA:202,0
DA:203,0
DA:204,0
DA:205,0
DA:208,0
DA:211,0
DA:213,1
DA:215,1
LF:86
LH:21
BRDA:12,0,0,2
BRDA:12,0,1,2
BRDA:20,1,0,0
BRDA:20,1,1,0
BRDA:23,2,0,0
BRDA:23,2,1,0
BRDA:32,3,0,0
BRDA:32,3,1,0
BRDA:35,4,0,0
BRDA:35,4,1,0
BRDA:47,5,0,0
BRDA:47,5,1,0
BRDA:59,6,0,2
BRDA:59,6,1,1
BRDA:75,7,0,0
BRDA:75,7,1,0
BRDA:80,8,0,0
BRDA:80,8,1,0
BRDA:125,9,0,0
BRDA:125,9,1,0
BRDA:127,10,0,0
BRDA:127,10,1,0
BRDA:127,11,0,0
BRDA:127,11,1,0
BRDA:127,11,2,0
BRDA:129,12,0,0
BRDA:129,12,1,0
BRDA:131,13,0,0
BRDA:131,13,1,0
BRDA:132,14,0,0
BRDA:132,14,1,0
BRDA:158,15,0,0
BRDA:158,15,1,0
BRDA:162,16,0,0
BRDA:162,16,1,0
BRDA:166,17,0,0
BRDA:166,17,1,0
BRDA:185,18,0,0
BRDA:185,18,1,0
BRDA:200,19,0,0
BRDA:200,19,1,0
BRDA:201,20,0,0
BRDA:201,20,1,0
BRDA:201,21,0,0
BRDA:201,21,1,0
BRDA:201,21,2,0
BRDA:201,21,3,0
BRDA:204,22,0,0
BRDA:204,22,1,0
BRF:49
BRH:4
end_of_record
TN:
SF:/home/carmichael/code/open-source-projects/openapi-nodegen/src/lib/TemplateFetch.ts
FN:8,(anonymous_0)
FN:11,(anonymous_2)
FN:22,(anonymous_3)
FN:30,(anonymous_4)
FN:44,(anonymous_5)
FN:59,(anonymous_8)
FN:70,(anonymous_9)
FN:100,(anonymous_12)
FN:121,(anonymous_15)
FN:137,(anonymous_18)
FN:159,(anonymous_19)
FNF:11
FNH:4
FNDA:2,(anonymous_0)
FNDA:1,(anonymous_2)
FNDA:1,(anonymous_3)
FNDA:0,(anonymous_4)
FNDA:1,(anonymous_5)
FNDA:0,(anonymous_8)
FNDA:0,(anonymous_9)
FNDA:0,(anonymous_12)
FNDA:0,(anonymous_15)
FNDA:0,(anonymous_18)
FNDA:0,(anonymous_19)
DA:1,1
DA:2,1
DA:3,1
DA:5,1
DA:6,1
DA:8,1
DA:11,1
DA:12,1
DA:13,1
DA:22,1
DA:23,1
DA:24,1
DA:30,1
DA:31,0
DA:32,0
DA:33,0
DA:34,0
DA:36,0
DA:37,0
DA:44,1
DA:46,2
DA:47,1
DA:49,0
DA:50,0
DA:59,1
DA:60,0
DA:70,1
DA:71,0
DA:72,0
DA:74,0
DA:75,0
DA:76,0
DA:77,0
DA:78,0
DA:81,0
DA:82,0
DA:84,0
DA:85,0
DA:88,0
DA:89,0
DA:90,0
DA:92,0
DA:100,1
DA:101,0
DA:102,0
DA:104,0
DA:105,0
DA:106,0
DA:107,0
DA:109,0
DA:110,0
DA:121,1
DA:122,0
DA:123,0
DA:124,0
DA:125,0
DA:126,0
DA:128,0
DA:137,1
DA:138,0
DA:140,0
DA:141,0
DA:142,0
DA:143,0
DA:145,0
DA:159,1
DA:160,0
DA:161,0
DA:163,0
DA:166,1
DA:168,1
LF:71
LH:24
BRDA:31,0,0,0
BRDA:31,0,1,0
BRDA:71,1,0,0
BRDA:71,1,1,0
BRDA:71,2,0,0
BRDA:71,2,1,0
BRDA:76,3,0,0
BRDA:76,3,1,0
BRDA:76,4,0,0
BRDA:76,4,1,0
BRDA:81,5,0,0
BRDA:81,5,1,0
BRDA:81,6,0,0
BRDA:81,6,1,0
BRDA:125,7,0,0
BRDA:125,7,1,0
BRDA:140,8,0,0
BRDA:140,8,1,0
BRDA:161,9,0,0
BRDA:161,9,1,0
BRDA:160,10,0,0
BRDA:160,10,1,0
BRF:22
BRH:0
end_of_record
TN:
SF:/home/carmichael/code/open-source-projects/openapi-nodegen/src/lib/TemplateRenderer.ts
FN:28,(anonymous_0)
FN:37,(anonymous_2)
FN:47,(anonymous_3)
FN:83,(anonymous_4)
FN:96,(anonymous_5)
FNF:5
FNH:0
FNDA:0,(anonymous_0)
FNDA:0,(anonymous_2)
FNDA:0,(anonymous_3)
FNDA:0,(anonymous_4)
FNDA:0,(anonymous_5)
DA:1,0
DA:2,0
DA:3,0
DA:4,0
DA:5,0
DA:6,0
DA:7,0
DA:8,0
DA:9,0
DA:10,0
DA:11,0
DA:12,0
DA:13,0
DA:14,0
DA:15,0
DA:16,0
DA:17,0
DA:18,0
DA:19,0
DA:20,0
DA:21,0
DA:22,0
DA:23,0
DA:24,0
DA:25,0
DA:26,0
DA:28,0
DA:37,0
DA:38,0
DA:39,0
DA:47,0
DA:48,0
DA:50,0
DA:51,0
DA:52,0
DA:53,0
DA:57,0
DA:58,0
DA:59,0
DA:60,0
DA:61,0
DA:62,0
DA:63,0
DA:64,0
DA:65,0
DA:66,0
DA:67,0
DA:68,0
DA:69,0
DA:70,0
DA:71,0
DA:72,0
DA:73,0
DA:74,0
DA:75,0
DA:76,0
DA:77,0
DA:78,0
DA:79,0
DA:81,0
DA:83,0
DA:84,0
DA:96,0
DA:97,0
DA:100,0
DA:101,0
DA:102,0
DA:103,0
DA:106,0
DA:109,0
DA:111,0
LF:71
LH:0
BRDA:37,0,0,0
BRDA:37,0,1,0
BRDA:37,1,0,0
BRDA:37,1,1,0
BRDA:37,2,0,0
BRDA:37,2,1,0
BRDA:47,3,0,0
BRDA:47,3,1,0
BRDA:47,4,0,0
BRDA:47,4,1,0
BRDA:52,5,0,0
BRDA:52,5,1,0
BRDA:96,6,0,0
BRDA:96,6,1,0
BRDA:102,7,0,0
BRDA:102,7,1,0
BRF:16
BRH:0
end_of_record
TN:
SF:/home/carmichael/code/open-source-projects/openapi-nodegen/src/lib/commandRun.ts
FN:12,(anonymous_0)
FN:13,(anonymous_1)
FN:20,(anonymous_2)
FN:27,(anonymous_3)
FN:34,(anonymous_4)
FNF:5
FNH:4
FNDA:1,(anonymous_0)
FNDA:1,(anonymous_1)
FNDA:1,(anonymous_2)
FNDA:0,(anonymous_3)
FNDA:1,(anonymous_4)
DA:1,1
DA:3,1
DA:12,2
DA:13,1
DA:14,1
DA:15,0
DA:17,1
DA:18,1
DA:19,1
DA:20,1
DA:21,1
DA:22,0
DA:24,1
DA:27,1
DA:28,0
DA:29,0
DA:31,0
DA:34,1
DA:35,1
DA:36,1
DA:38,0
LF:21
LH:15
BRDA:12,0,0,0
BRDA:12,0,1,1
BRDA:12,1,0,1
BRDA:12,1,1,0
BRDA:14,2,0,0
BRDA:14,2,1,1
BRDA:21,3,0,0
BRDA:21,3,1,1
BRDA:21,4,0,1
BRDA:21,4,1,0
BRDA:28,5,0,0
BRDA:28,5,1,0
BRDA:28,6,0,0
BRDA:28,6,1,0
BRDA:35,7,0,1
BRDA:35,7,1,0
BRF:16
BRH:6
end_of_record
TN:
SF:/home/carmichael/code/open-source-projects/openapi-nodegen/src/lib/consoleHorizontalRule.ts
FN:1,(anonymous_0)
FNF:1
FNH:0
FNDA:0,(anonymous_0)
DA:1,0
DA:2,0
DA:3,0
DA:4,0
DA:6,0
LF:5
LH:0
BRF:0
BRH:0
end_of_record
TN:
SF:/home/carmichael/code/open-source-projects/openapi-nodegen/src/lib/displayDependencyDiffs.ts
FN:5,(anonymous_0)
FN:23,(anonymous_1)
FN:29,(anonymous_2)
FN:38,(anonymous_3)
FN:47,(anonymous_4)
FNF:5
FNH:0
FNDA:0,(anonymous_0)
FNDA:0,(anonymous_1)
FNDA:0,(anonymous_2)
FNDA:0,(anonymous_3)
FNDA:0,(anonymous_4)
DA:1,0
DA:2,0
DA:3,0
DA:5,0
DA:6,0
DA:7,0
DA:13,0
DA:20,0
DA:21,0
DA:22,0
DA:23,0
DA:24,0
DA:25,0
DA:28,0
DA:29,0
DA:30,0
DA:32,0
DA:37,0
DA:38,0
DA:39,0
DA:41,0
DA:46,0
DA:47,0
DA:48,0
DA:50,0
DA:55,0
DA:56,0
DA:57,0
DA:59,0
DA:60,0
DA:61,0
DA:63,0
DA:64,0
DA:65,0
LF:34
LH:0
BRDA:25,0,0,0
BRDA:25,0,1,0
BRDA:28,1,0,0
BRDA:28,1,1,0
BRDA:30,2,0,0
BRDA:30,2,1,0
BRDA:30,3,0,0
BRDA:30,3,1,0
BRDA:37,4,0,0
BRDA:37,4,1,0
BRDA:39,5,0,0
BRDA:39,5,1,0
BRDA:39,6,0,0
BRDA:39,6,1,0
BRDA:46,7,0,0
BRDA:46,7,1,0
BRDA:48,8,0,0
BRDA:48,8,1,0
BRDA:48,9,0,0
BRDA:48,9,1,0
BRDA:55,10,0,0
BRDA:55,10,1,0
BRDA:59,11,0,0
BRDA:59,11,1,0
BRDA:63,12,0,0
BRDA:63,12,1,0
BRF:26
BRH:0
end_of_record
TN:
SF:/home/carmichael/code/open-source-projects/openapi-nodegen/src/lib/fileDiff.ts
FN:11,(anonymous_0)
FN:16,(anonymous_3)
FN:24,(anonymous_4)
FNF:3
FNH:3
FNDA:2,(anonymous_0)
FNDA:3,(anonymous_3)
FNDA:3,(anonymous_4)
DA:3,1
DA:11,2
DA:12,2
DA:13,2
DA:14,2
DA:15,2
DA:16,2
DA:17,3
DA:18,3
DA:21,3
DA:24,2
DA:25,3
DA:26,3
DA:29,3
DA:31,2
DA:32,2
LF:16
LH:16
BRDA:11,0,0,0
BRDA:11,0,1,2
BRDA:11,1,0,0
BRDA:11,1,1,2
BRF:4
BRH:2
end_of_record
TN:
SF:/home/carmichael/code/open-source-projects/openapi-nodegen/src/lib/generateBaseStructure.ts
FN:12,(anonymous_0)
FN:18,(anonymous_1)
FNF:2
FNH:0
FNDA:0,(anonymous_0)
FNDA:0,(anonymous_1)
DA:1,0
DA:2,0
DA:3,0
DA:12,0
DA:13,0
DA:14,0
DA:15,0
DA:16,0
DA:17,0
DA:19,0
DA:20,0
DA:22,0
DA:23,0
DA:25,0
DA:26,0
DA:27,0
DA:30,0
DA:34,0
DA:36,0
DA:37,0
DA:38,0
DA:39,0
LF:22
LH:0
BRDA:13,0,0,0
BRDA:13,0,1,0
BRDA:19,1,0,0
BRDA:19,1,1,0
BRDA:19,2,0,0
BRDA:19,2,1,0
BRDA:22,3,0,0
BRDA:22,3,1,0
BRDA:25,4,0,0
BRDA:25,4,1,0
BRDA:26,5,0,0
BRDA:26,5,1,0
BRDA:34,6,0,0
BRDA:34,6,1,0
BRF:14
BRH:0
end_of_record
TN:
SF:/home/carmichael/code/open-source-projects/openapi-nodegen/src/lib/generateDirectoryStructure.ts
FN:19,(anonymous_0)
FNF:1
FNH:0
FNDA:0,(anonymous_0)
DA:2,0
DA:3,0
DA:4,0
DA:5,0
DA:6,0
DA:7,0
DA:19,0
DA:20,0
DA:21,0
DA:22,0
DA:23,0
DA:24,0
DA:29,0
DA:30,0
DA:32,0
LF:15
LH:0
BRDA:22,0,0,0
BRDA:22,0,1,0
BRDA:27,1,0,0
BRDA:27,1,1,0
BRF:4
BRH:0
end_of_record
TN:
SF:/home/carmichael/code/open-source-projects/openapi-nodegen/src/lib/generateFile.ts
FN:22,(anonymous_0)
FN:23,(anonymous_1)
FN:38,(anonymous_2)
FN:45,(anonymous_3)
FN:47,(anonymous_4)
FN:50,(anonymous_5)
FN:71,(anonymous_6)
FNF:7
FNH:0
FNDA:0,(anonymous_0)
FNDA:0,(anonymous_1)
FNDA:0,(anonymous_2)
FNDA:0,(anonymous_3)
FNDA:0,(anonymous_4)
FNDA:0,(anonymous_5)
FNDA:0,(anonymous_6)
DA:2,0
DA:3,0
DA:4,0
DA:5,0
DA:6,0
DA:22,0
DA:23,0
DA:24,0
DA:25,0
DA:26,0
DA:27,0
DA:30,0
DA:31,0
DA:34,0
DA:36,0
DA:37,0
DA:38,0
DA:39,0
DA:40,0
DA:42,0
DA:43,0
DA:44,0
DA:45,0
DA:47,0
DA:48,0
DA:49,0
DA:50,0
DA:52,0
DA:54,0
DA:55,0
DA:59,0
DA:66,0
DA:67,0
DA:71,0
DA:72,0
DA:73,0
DA:75,0
DA:78,0
DA:82,0
LF:39
LH:0
BRDA:22,0,0,0
BRDA:22,0,1,0
BRDA:30,1,0,0
BRDA:30,1,1,0
BRDA:34,2,0,0
BRDA:34,2,1,0
BRDA:34,3,0,0
BRDA:34,3,1,0
BRDA:34,3,2,0
BRDA:39,4,0,0
BRDA:39,4,1,0
BRDA:44,5,0,0
BRDA:44,5,1,0
BRDA:47,6,0,0
BRDA:47,6,1,0
BRDA:48,7,0,0
BRDA:48,7,1,0
BRDA:54,8,0,0
BRDA:54,8,1,0
BRDA:72,9,0,0
BRDA:72,9,1,0
BRF:21
BRH:0
end_of_record
TN:
SF:/home/carmichael/code/open-source-projects/openapi-nodegen/src/lib/generateOperationFile.ts
FN:22,(anonymous_0)
FN:23,(anonymous_1)
FN:25,(anonymous_2)
FNF:3
FNH:0
FNDA:0,(anonymous_0)
FNDA:0,(anonymous_1)
FNDA:0,(anonymous_2)
DA:1,0
DA:2,0
DA:3,0
DA:4,0
DA:7,0
DA:8,0
DA:9,0
DA:10,0
DA:22,0
DA:23,0
DA:24,0
DA:25,0
DA:26,0
DA:27,0
DA:29,0
DA:30,0
DA:31,0
DA:32,0
DA:33,0
DA:41,0
DA:43,0
DA:44,0
DA:52,0
DA:53,0
DA:54,0
DA:56,0
DA:57,0
DA:67,0
DA:68,0
LF:29
LH:0
BRDA:22,0,0,0
BRDA:22,0,1,0
BRDA:22,1,0,0
BRDA:22,1,1,0
BRDA:26,2,0,0
BRDA:26,2,1,0
BRDA:37,3,0,0
BRDA:37,3,1,0
BRDA:49,4,0,0
BRDA:49,4,1,0
BRDA:53,5,0,0
BRDA:53,5,1,0
BRDA:53,6,0,0
BRDA:53,6,1,0
BRDA:56,7,0,0
BRDA:56,7,1,0
BRDA:56,8,0,0
BRDA:56,8,1,0
BRF:18
BRH:0
end_of_record
TN:
SF:/home/carmichael/code/open-source-projects/openapi-nodegen/src/lib/generateOperationFiles.ts
FN:11,(anonymous_0)
FN:11,(anonymous_1)
FN:16,(anonymous_2)
FN:18,(anonymous_3)
FN:41,(anonymous_4)
FN:44,(anonymous_5)
FNF:6
FNH:0
FNDA:0,(anonymous_0)
FNDA:0,(anonymous_1)
FNDA:0,(anonymous_2)
FNDA:0,(anonymous_3)
FNDA:0,(anonymous_4)
FNDA:0,(anonymous_5)
DA:2,0
DA:3,0
DA:11,0
DA:12,0
DA:16,0
DA:18,0
DA:25,0
DA:26,0
DA:29,0
DA:30,0
DA:33,0
DA:34,0
DA:40,0
DA:42,0
DA:45,0
LF:15
LH:0
BRDA:18,0,0,0
BRDA:18,0,1,0
BRDA:29,1,0,0
BRDA:29,1,1,0
BRDA:37,2,0,0
BRDA:37,2,1,0
BRF:6
BRH:0
end_of_record
TN:
SF:/home/carmichael/code/open-source-projects/openapi-nodegen/src/lib/generateOperationId.ts
FN:11,(anonymous_0)
FN:17,(anonymous_1)
FNF:2
FNH:2
FNDA:3,(anonymous_0)
FNDA:5,(anonymous_1)
DA:1,2
DA:11,2
DA:12,3
DA:13,3
DA:14,1
DA:16,2
DA:17,2
DA:18,5
DA:19,1
DA:21,5
DA:23,2
DA:24,2
LF:12
LH:12
BRDA:13,0,0,1
BRDA:13,0,1,2
BRDA:18,1,0,1
BRDA:18,1,1,4
BRF:4
BRH:4
end_of_record
TN:
SF:/home/carmichael/code/open-source-projects/openapi-nodegen/src/lib/index.ts
FN:26,(anonymous_0)
FN:26,(anonymous_1)
FNF:2
FNH:0
FNDA:0,(anonymous_0)
FNDA:0,(anonymous_1)
DA:1,0
DA:2,0
DA:3,0
DA:6,0
DA:7,0
DA:8,0
DA:9,0
DA:10,0
DA:11,0
DA:26,0
DA:27,0
DA:28,0
DA:29,0
DA:31,0
DA:32,0
DA:33,0
DA:35,0
DA:36,0
DA:37,0
DA:38,0
DA:40,0
DA:41,0
DA:43,0
DA:44,0
DA:45,0
DA:47,0
DA:48,0
LF:27
LH:0
BRF:0
BRH:0
end_of_record
TN:
SF:/home/carmichael/code/open-source-projects/openapi-nodegen/src/lib/isFileToIngore.ts
FN:1,(anonymous_0)
FNF:1
FNH:1
FNDA:6,(anonymous_0)
DA:1,1
DA:2,6
DA:3,6
DA:4,15
DA:5,3
DA:7,12
DA:8,1
DA:11,2
LF:8
LH:8
BRDA:4,0,0,3
BRDA:4,0,1,12
BRDA:7,1,0,1
BRDA:7,1,1,11
BRF:4
BRH:4
end_of_record
TN:
SF:/home/carmichael/code/open-source-projects/openapi-nodegen/src/lib/logger.ts
FN:1,(anonymous_0)
FNF:1
FNH:0
FNDA:0,(anonymous_0)
DA:1,0
DA:2,0
DA:3,0
DA:5,0
LF:4
LH:0
BRDA:2,0,0,0
BRDA:2,0,1,0
BRF:2
BRH:0
end_of_record
TN:
SF:/home/carmichael/code/open-source-projects/openapi-nodegen/src/lib/openApiResolveAllOfs.ts
FN:3,(anonymous_0)
FNF:1
FNH:0
FNDA:0,(anonymous_0)
DA:1,0
DA:3,0
DA:4,0
LF:3
LH:0
BRF:0
BRH:0
end_of_record
TN:
SF:/home/carmichael/code/open-source-projects/openapi-nodegen/src/lib/openApiTypeToTypscriptType.ts
FN:1,(anonymous_0)
FNF:1
FNH:0
FNDA:0,(anonymous_0)
DA:1,1
DA:2,0
DA:4,0
DA:6,0
DA:8,0
DA:10,0
DA:12,0
DA:14,0
DA:16,0
LF:9
LH:1
BRDA:3,0,0,0
BRDA:3,0,1,0
BRDA:3,0,2,0
BRDA:3,0,3,0
BRDA:3,0,4,0
BRDA:3,0,5,0
BRDA:3,0,6,0
BRF:7
BRH:0
end_of_record
TN:
SF:/home/carmichael/code/open-source-projects/openapi-nodegen/src/lib/resetNodegenFolder.ts
FN:12,(anonymous_0)
FN:15,(anonymous_1)
FNF:2
FNH:0
FNDA:0,(anonymous_0)
FNDA:0,(anonymous_1)
DA:2,0
DA:3,0
DA:12,0
DA:13,0
DA:14,0
DA:17,0
DA:20,0
DA:21,0
DA:26,0
DA:27,0
DA:28,0
DA:29,0
LF:12
LH:0
BRDA:12,0,0,0
BRDA:12,0,1,0
BRDA:26,1,0,0
BRDA:26,1,1,0
BRF:4
BRH:0
end_of_record
TN:
SF:/home/carmichael/code/open-source-projects/openapi-nodegen/src/lib/helpers/NamingUtils.ts
FN:6,(anonymous_0)
FN:7,(anonymous_2)
FN:32,(anonymous_3)
FN:48,(anonymous_4)
FN:65,(anonymous_5)
FNF:5
FNH:5
FNDA:8,(anonymous_0)
FNDA:2,(anonymous_2)
FNDA:7,(anonymous_3)
FNDA:2,(anonymous_4)
FNDA:4,(anonymous_5)
DA:1,4
DA:3,4
DA:4,4
DA:6,4
DA:7,4
DA:8,2
DA:9,2
DA:10,2
DA:12,0
DA:13,0
DA:14,0
DA:16,2
DA:17,2
DA:18,1
DA:20,2
DA:21,0
DA:24,2
DA:32,4
DA:33,7
DA:34,7
DA:35,4
DA:36,4
DA:37,4
DA:39,3
DA:48,4
DA:49,2
DA:50,2
DA:52,0
DA:65,4
DA:66,4
DA:67,4
DA:68,2
DA:70,4
DA:72,4
DA:75,4
DA:77,4
DA:79,4
LF:37
LH:32
BRDA:10,0,0,0
BRDA:10,0,1,2
BRDA:17,1,0,1
BRDA:17,1,1,1
BRDA:20,2,0,0
BRDA:20,2,1,2
BRDA:34,3,0,4
BRDA:34,3,1,3
BRDA:49,4,0,2
BRDA:49,4,1,0
BRDA:67,5,0,2
BRDA:67,5,1,2
BRDA:70,6,0,4
BRDA:70,6,1,0
BRF:14
BRH:10
end_of_record
TN:
SF:/home/carmichael/code/open-source-projects/openapi-nodegen/src/lib/helpers/OaToJs.ts
FN:1,(anonymous_0)
FN:2,(anonymous_2)
FN:36,(anonymous_3)
FNF:3
FNH:3
FNDA:2,(anonymous_0)
FNDA:34,(anonymous_2)
FNDA:5,(anonymous_3)
DA:1,1
DA:2,1
DA:3,34
DA:4,0
DA:6,34
DA:8,21
DA:10,0
DA:12,4
DA:14,1
DA:16,2
DA:17,0
DA:19,2
DA:22,1
DA:23,0
DA:25,1
DA:28,5
DA:29,0
DA:31,5
DA:36,1
DA:37,5
DA:38,28
DA:39,28
DA:40,0
DA:41,0
DA:44,5
DA:46,1
DA:48,1
LF:27
LH:20
BRDA:3,0,0,0
BRDA:3,0,1,34
BRDA:3,1,0,34
BRDA:3,1,1,0
BRDA:7,2,0,21
BRDA:7,2,1,0
BRDA:7,2,2,4
BRDA:7,2,3,1
BRDA:7,2,4,2
BRDA:7,2,5,1
BRDA:7,2,6,5
BRDA:16,3,0,0
BRDA:16,3,1,2
BRDA:22,4,0,0
BRDA:22,4,1,1
BRDA:28,5,0,0
BRDA:28,5,1,5
BRDA:38,6,0,28
BRDA:38,6,1,0
BRDA:40,7,0,0
BRDA:40,7,1,0
BRF:21
BRH:12
end_of_record
TN:
SF:/home/carmichael/code/open-source-projects/openapi-nodegen/src/lib/helpers/OaToJsToJs.ts
FN:1,(anonymous_0)
FN:2,(anonymous_2)
FN:16,(anonymous_3)
FN:30,(anonymous_4)
FNF:4
FNH:4
FNDA:2,(anonymous_0)
FNDA:26,(anonymous_2)
FNDA:3,(anonymous_3)
FNDA:5,(anonymous_4)
DA:1,1
DA:2,1
DA:3,26
DA:4,0
DA:5,26
DA:6,0
DA:7,26
DA:8,21
DA:9,5
DA:10,4
DA:11,1
DA:12,1
DA:16,1
DA:17,3
DA:18,3
DA:19,3
DA:20,0
DA:21,3
DA:22,0
DA:23,3
DA:24,3
DA:27,3
DA:30,1
DA:31,5
DA:32,5
DA:33,28
DA:34,26
DA:35,2
DA:36,1
DA:37,1
DA:38,1
DA:41,5
DA:42,5
DA:44,1
DA:46,1
LF:35
LH:31
BRDA:3,0,0,0
BRDA:3,0,1,26
BRDA:5,1,0,0
BRDA:5,1,1,26
BRDA:7,2,0,21
BRDA:7,2,1,5
BRDA:9,3,0,4
BRDA:9,3,1,1
BRDA:11,4,0,1
BRDA:11,4,1,0
BRDA:17,5,0,3
BRDA:17,5,1,3
BRDA:19,6,0,0
BRDA:19,6,1,3
BRDA:21,7,0,0
BRDA:21,7,1,3
BRDA:23,8,0,3
BRDA:23,8,1,0
BRDA:31,9,0,5
BRDA:31,9,1,2
BRDA:33,10,0,26
BRDA:33,10,1,2
BRDA:35,11,0,1
BRDA:35,11,1,1
BRDA:37,12,0,1
BRDA:37,12,1,0
BRF:26
BRH:19
end_of_record
TN:
SF:/home/carmichael/code/open-source-projects/openapi-nodegen/src/lib/helpers/SwaggerUtils.ts
FN:1,(anonymous_0)
FN:8,(anonymous_2)
FN:35,(anonymous_3)
FN:71,(anonymous_4)
FN:88,(anonymous_5)
FN:93,(anonymous_6)
FN:94,(anonymous_7)
FN:95,(anonymous_8)
FN:100,(anonymous_9)
FN:105,(anonymous_10)
FN:107,(anonymous_11)
FNF:11
FNH:10
FNDA:2,(anonymous_0)
FNDA:6,(anonymous_2)
FNDA:4,(anonymous_3)
FNDA:0,(anonymous_4)
FNDA:4,(anonymous_5)
FNDA:4,(anonymous_6)
FNDA:4,(anonymous_7)
FNDA:4,(anonymous_8)
FNDA:12,(anonymous_9)
FNDA:4,(anonymous_10)
FNDA:3,(anonymous_11)
DA:1,1
DA:8,9
DA:9,6
DA:10,0
DA:11,0
DA:13,6
DA:14,6
DA:15,6
DA:16,6
DA:17,6
DA:18,1
DA:20,5
DA:23,6
DA:24,3
DA:26,6
DA:27,0
DA:28,0
DA:30,0
DA:33,6
DA:34,2
DA:35,4
DA:38,6
DA:39,0
DA:41,6
DA:42,0
DA:44,6
DA:45,0
DA:47,6
DA:48,0
DA:50,6
DA:51,0
DA:53,6
DA:54,0
DA:55,0
DA:56,0
DA:59,0
DA:61,0
DA:62,0
DA:64,0
DA:65,0
DA:67,0
DA:68,0
DA:69,0
DA:70,0
DA:71,0
DA:72,0
DA:76,0
DA:78,0
DA:80,6
DA:88,4
DA:89,4
DA:90,0
DA:92,4
DA:93,4
DA:94,4
DA:95,4
DA:98,4
DA:100,4
DA:101,12
DA:102,8
DA:104,4
DA:105,4
DA:106,4
DA:107,1
DA:108,3
DA:114,3
DA:115,3
DA:118,4
DA:121,4
DA:123,1
DA:125,1
LF:71
LH:44
BRDA:8,0,0,3
BRDA:8,0,1,3
BRDA:9,1,0,0
BRDA:9,1,1,6
BRDA:13,2,0,6
BRDA:13,2,1,0
BRDA:14,3,0,6
BRDA:14,3,1,3
BRDA:14,3,2,4
BRDA:15,4,0,6
BRDA:15,4,1,2
BRDA:16,5,0,6
BRDA:16,5,1,0
BRDA:17,6,0,1
BRDA:17,6,1,5
BRDA:23,7,0,3
BRDA:23,7,1,3
BRDA:23,8,0,6
BRDA:23,8,1,5
BRDA:26,9,0,0
BRDA:26,9,1,6
BRDA:27,10,0,0
BRDA:27,10,1,0
BRDA:33,11,0,2
BRDA:33,11,1,4
BRDA:33,12,0,6
BRDA:33,12,1,5
BRDA:33,12,2,2
BRDA:34,13,0,2
BRDA:34,13,1,1
BRDA:38,14,0,0
BRDA:38,14,1,6
BRDA:39,15,0,0
BRDA:39,15,1,0
BRDA:41,16,0,0
BRDA:41,16,1,6
BRDA:42,17,0,0
BRDA:42,17,1,0
BRDA:44,18,0,0
BRDA:44,18,1,6
BRDA:45,19,0,0
BRDA:45,19,1,0
BRDA:47,20,0,0
BRDA:47,20,1,6
BRDA:48,21,0,0
BRDA:48,21,1,0
BRDA:50,22,0,0
BRDA:50,22,1,6
BRDA:50,23,0,6
BRDA:50,23,1,5
BRDA:51,24,0,0
BRDA:51,24,1,0
BRDA:53,25,0,2
BRDA:53,25,1,4
BRDA:53,26,0,6
BRDA:53,26,1,0
BRDA:54,27,0,0
BRDA:54,27,1,0
BRDA:56,28,0,0
BRDA:56,28,1,0
BRDA:61,29,0,0
BRDA:61,29,1,0
BRDA:62,30,0,0
BRDA:62,30,1,0
BRDA:64,31,0,0
BRDA:64,31,1,0
BRDA:65,32,0,0
BRDA:65,32,1,0
BRDA:67,33,0,0
BRDA:67,33,1,0
BRDA:68,34,0,0
BRDA:68,34,1,0
BRDA:68,35,0,0
BRDA:68,35,1,0
BRDA:69,36,0,0
BRDA:69,36,1,0
BRDA:69,36,2,0
BRDA:76,37,0,0
BRDA:76,37,1,0
BRDA:76,38,0,0
BRDA:76,38,1,0
BRDA:78,39,0,0
BRDA:78,39,1,0
BRDA:78,40,0,0
BRDA:78,40,1,0
BRDA:89,41,0,0
BRDA:89,41,1,4
BRDA:101,42,0,8
BRDA:101,42,1,4
BRDA:106,43,0,1
BRDA:106,43,1,3
BRDA:106,44,0,4
BRDA:106,44,1,3
BRDA:114,45,0,3
BRDA:114,45,1,0
BRDA:114,46,0,3
BRDA:114,46,1,2
BRDA:114,46,2,2
BRF:98
BRH:45
end_of_record
TN:
SF:/home/carmichael/code/open-source-projects/openapi-nodegen/src/lib/helpers/camelCaseStringReplacement.ts
FN:10,(anonymous_0)
FN:18,(anonymous_1)
FN:20,(anonymous_2)
FNF:3
FNH:3
FNDA:7,(anonymous_0)
FNDA:16,(anonymous_1)
FNDA:51,(anonymous_2)
DA:1,2
DA:2,2
DA:10,2
DA:11,7
DA:12,4
DA:14,7
DA:15,0
DA:17,7
DA:18,7
DA:19,16
DA:20,16
DA:21,51
DA:24,7
LF:13
LH:12
BRDA:11,0,0,4
BRDA:11,0,1,3
BRDA:14,1,0,0
BRDA:14,1,1,7
BRDA:19,2,0,7
BRDA:19,2,1,9
BRF:6
BRH:5
end_of_record
TN:
SF:/home/carmichael/code/open-source-projects/openapi-nodegen/src/lib/helpers/extractOASchemaPathResponses.ts
FN:1,(anonymous_0)
FNF:1
FNH:1
FNDA:3,(anonymous_0)
DA:1,1
DA:2,3
DA:3,3
DA:5,3
DA:8,0
DA:9,0
DA:10,0
DA:15,0
LF:8
LH:4
BRDA:2,0,0,3
BRDA:2,0,1,0
BRDA:3,1,0,3
BRDA:3,1,1,0
BRDA:8,2,0,0
BRDA:8,2,1,0
BRDA:8,3,0,0
BRDA:8,3,1,0
BRDA:9,4,0,0
BRDA:9,4,1,0
BRF:10
BRH:2
end_of_record
TN:
SF:/home/carmichael/code/open-source-projects/openapi-nodegen/src/lib/helpers/oa2OrOa3.ts
FN:1,(anonymous_0)
FNF:1
FNH:0
FNDA:0,(anonymous_0)
DA:1,0
DA:2,0
DA:3,0
DA:4,0
DA:7,0
DA:9,0
LF:6
LH:0
BRDA:2,0,0,0
BRDA:2,0,1,0
BRF:2
BRH:0
end_of_record
TN:
SF:/home/carmichael/code/open-source-projects/openapi-nodegen/src/lib/helpers/template/arrayContains.ts
FN:7,(anonymous_0)
FNF:1
FNH:1
FNDA:3,(anonymous_0)
DA:7,3
DA:8,3
DA:9,6
DA:10,6
DA:11,1
DA:13,5
DA:14,1
DA:17,1
LF:8
LH:8
BRDA:7,0,0,0
BRDA:7,0,1,3
BRDA:7,1,0,0
BRDA:7,1,1,3
BRDA:10,2,0,1
BRDA:10,2,1,5
BRDA:13,3,0,1
BRDA:13,3,1,4
BRF:8
BRH:6
end_of_record
TN:
SF:/home/carmichael/code/open-source-projects/openapi-nodegen/src/lib/helpers/template/celebrateImport.ts
FN:4,(anonymous_0)
FN:7,(anonymous_1)
FN:8,(anonymous_2)
FN:11,(anonymous_3)
FNF:4
FNH:0
FNDA:0,(anonymous_0)
FNDA:0,(anonymous_1)
FNDA:0,(anonymous_2)
FNDA:0,(anonymous_3)
DA:4,0
DA:5,0
DA:6,0
DA:7,0
DA:8,0
DA:9,0
DA:10,0
DA:11,0
DA:12,0
DA:13,0
DA:20,0
LF:11
LH:0
BRDA:6,0,0,0
BRDA:6,0,1,0
BRDA:10,1,0,0
BRDA:10,1,1,0
BRDA:12,2,0,0
BRDA:12,2,1,0
BRDA:20,3,0,0
BRDA:20,3,1,0
BRF:8
BRH:0
end_of_record
TN:
SF:/home/carmichael/code/open-source-projects/openapi-nodegen/src/lib/helpers/template/celebrateRoute.ts
FN:6,(anonymous_0)
FN:9,(anonymous_1)
FNF:2
FNH:0
FNDA:0,(anonymous_0)
FNDA:0,(anonymous_1)
DA:1,0
DA:6,0
DA:7,0
DA:8,0
DA:9,0
DA:10,0
DA:11,0
DA:15,0
LF:8
LH:0
BRDA:8,0,0,0
BRDA:8,0,1,0
BRDA:10,1,0,0
BRDA:10,1,1,0
BRDA:15,2,0,0
BRDA:15,2,1,0
BRF:6
BRH:0
end_of_record
TN:
SF:/home/carmichael/code/open-source-projects/openapi-nodegen/src/lib/helpers/template/endsWith.ts
FN:4,(anonymous_0)
FNF:1
FNH:0
FNDA:0,(anonymous_0)
DA:4,0
DA:5,0
LF:2
LH:0
BRF:0
BRH:0
end_of_record
TN:
SF:/home/carmichael/code/open-source-projects/openapi-nodegen/src/lib/helpers/template/getApiKeyHeaders.ts
FN:1,(anonymous_0)
FN:2,(anonymous_1)
FN:2,(anonymous_2)
FNF:3
FNH:0
FNDA:0,(anonymous_0)
FNDA:0,(anonymous_1)
FNDA:0,(anonymous_2)
DA:1,0
DA:2,0
DA:3,0
DA:5,0
LF:4
LH:0
BRDA:5,0,0,0
BRDA:5,0,1,0
BRF:2
BRH:0
end_of_record
TN:
SF:/home/carmichael/code/open-source-projects/openapi-nodegen/src/lib/helpers/template/getContext.ts
FN:5,default_1
FNF:1
FNH:0
FNDA:0,default_1
DA:5,0
DA:6,0
LF:2
LH:0
BRF:0
BRH:0
end_of_record
TN:
SF:/home/carmichael/code/open-source-projects/openapi-nodegen/src/lib/helpers/template/getJwtTokenHeaders.ts
FN:1,(anonymous_0)
FN:2,(anonymous_1)
FN:2,(anonymous_2)
FNF:3
FNH:0
FNDA:0,(anonymous_0)
FNDA:0,(anonymous_1)
FNDA:0,(anonymous_2)
DA:1,0
DA:2,0
DA:3,0
DA:5,0
LF:4
LH:0
BRDA:5,0,0,0
BRDA:5,0,1,0
BRF:2
BRH:0
end_of_record
TN:
SF:/home/carmichael/code/open-source-projects/openapi-nodegen/src/lib/helpers/template/getSecurityNames.ts
FN:6,(anonymous_0)
FN:15,(anonymous_1)
FN:16,(anonymous_2)
FNF:3
FNH:3
FNDA:5,(anonymous_0)
FNDA:4,(anonymous_1)
FNDA:6,(anonymous_2)
DA:6,1
DA:7,5
DA:8,1
DA:14,4
DA:15,4
DA:16,4
DA:17,6
DA:18,5
DA:19,5
DA:23,4
LF:10
LH:10
BRDA:7,0,0,1
BRDA:7,0,1,4
BRDA:7,1,0,5
BRDA:7,1,1,5
BRDA:7,1,2,4
BRDA:7,1,3,4
BRDA:17,2,0,5
BRDA:17,2,1,1
BRDA:23,3,0,1
BRDA:23,3,1,3
BRF:10
BRH:10
end_of_record
TN:
SF:/home/carmichael/code/open-source-projects/openapi-nodegen/src/lib/helpers/template/importInterfaces.ts
FN:3,default_1
FN:5,(anonymous_1)
FN:7,(anonymous_2)
FN:11,(anonymous_3)
FNF:4
FNH:0
FNDA:0,default_1
FNDA:0,(anonymous_1)
FNDA:0,(anonymous_2)
FNDA:0,(anonymous_3)
DA:1,0
DA:3,0
DA:4,0
DA:5,0
DA:6,0
DA:7,0
DA:8,0
DA:9,0
DA:11,0
DA:12,0
DA:13,0
DA:14,0
DA:15,0
DA:18,0
DA:19,0
DA:20,0
DA:26,0
DA:27,0
DA:28,0
DA:29,0
DA:36,0
DA:37,0
LF:22
LH:0
BRDA:9,0,0,0
BRDA:9,0,1,0
BRDA:12,1,0,0
BRDA:12,1,1,0
BRDA:13,2,0,0
BRDA:13,2,1,0
BRDA:14,3,0,0
BRDA:14,3,1,0
BRDA:18,4,0,0
BRDA:18,4,1,0
BRDA:19,5,0,0
BRDA:19,5,1,0
BRDA:26,6,0,0
BRDA:26,6,1,0
BRDA:28,7,0,0
BRDA:28,7,1,0
BRF:16
BRH:0
end_of_record
TN:
SF:/home/carmichael/code/open-source-projects/openapi-nodegen/src/lib/helpers/template/inline.ts
FN:4,(anonymous_0)
FNF:1
FNH:0
FNDA:0,(anonymous_0)
DA:4,0
DA:5,0
LF:2
LH:0
BRDA:5,0,0,0
BRDA:5,0,1,0
BRF:2
BRH:0
end_of_record
TN:
SF:/home/carmichael/code/open-source-projects/openapi-nodegen/src/lib/helpers/template/isObjLength.ts
FN:1,(anonymous_0)
FNF:1
FNH:0
FNDA:0,(anonymous_0)
DA:1,0
DA:2,0
LF:2
LH:0
BRF:0
BRH:0
end_of_record
TN:
SF:/home/carmichael/code/open-source-projects/openapi-nodegen/src/lib/helpers/template/isUsingJwt.ts
FN:1,(anonymous_0)
FNF:1
FNH:0
FNDA:0,(anonymous_0)
DA:1,0
DA:2,0
LF:2
LH:0
BRF:0
BRH:0
end_of_record
TN:
SF:/home/carmichael/code/open-source-projects/openapi-nodegen/src/lib/helpers/template/isUsingSecurityDefinition.ts
FN:1,(anonymous_0)
FNF:1
FNH:0
FNDA:0,(anonymous_0)
DA:1,0
DA:2,0
LF:2
LH:0
BRDA:2,0,0,0
BRDA:2,0,1,0
BRF:2
BRH:0
end_of_record
TN:
SF:/home/carmichael/code/open-source-projects/openapi-nodegen/src/lib/helpers/template/isValidMethod.ts
FN:6,(anonymous_0)
FNF:1
FNH:0
FNDA:0,(anonymous_0)
DA:1,0
DA:6,0
DA:7,0
LF:3
LH:0
BRF:0
BRH:0
end_of_record
TN:
SF:/home/carmichael/code/open-source-projects/openapi-nodegen/src/lib/helpers/template/lcFirst.ts
FN:6,(anonymous_0)
FNF:1
FNH:1
FNDA:16,(anonymous_0)
DA:6,2
DA:7,16
DA:8,0
DA:10,16
LF:4
LH:3
BRDA:7,0,0,0
BRDA:7,0,1,16
BRF:2
BRH:1
end_of_record
TN:
SF:/home/carmichael/code/open-source-projects/openapi-nodegen/src/lib/helpers/template/mockOutput.ts
FN:3,(anonymous_0)
FN:7,(anonymous_1)
FNF:2
FNH:0
FNDA:0,(anonymous_0)
FNDA:0,(anonymous_1)
DA:1,0
DA:3,0
DA:4,0
DA:7,0
DA:8,0
DA:9,0
DA:13,0
LF:7
LH:0
BRDA:4,0,0,0
BRDA:4,0,1,0
BRDA:8,1,0,0
BRDA:8,1,1,0
BRDA:10,2,0,0
BRDA:10,2,1,0
BRDA:9,3,0,0
BRDA:9,3,1,0
BRF:8
BRH:0
end_of_record
TN:
SF:/home/carmichael/code/open-source-projects/openapi-nodegen/src/lib/helpers/template/objLength.ts
FN:1,(anonymous_0)
FNF:1
FNH:0
FNDA:0,(anonymous_0)
DA:1,0
DA:2,0
LF:2
LH:0
BRF:0
BRH:0
end_of_record
TN:
SF:/home/carmichael/code/open-source-projects/openapi-nodegen/src/lib/helpers/template/paramsInputReducer.ts
FN:5,(anonymous_0)
FN:11,(anonymous_1)
FNF:2
FNH:0
FNDA:0,(anonymous_0)
FNDA:0,(anonymous_1)
DA:1,0
DA:2,0
DA:3,0
DA:5,0
DA:6,0
DA:7,0
DA:8,0
DA:9,0
DA:10,0
DA:11,0
DA:12,0
DA:13,0
DA:15,0
DA:16,0
DA:18,0
DA:19,0
DA:22,0
DA:23,0
DA:24,0
DA:25,0
DA:29,0
LF:21
LH:0
BRDA:9,0,0,0
BRDA:9,0,1,0
BRDA:12,1,0,0
BRDA:12,1,1,0
BRDA:15,2,0,0
BRDA:15,2,1,0
BRDA:18,3,0,0
BRDA:18,3,1,0
BRF:8
BRH:0
end_of_record
TN:
SF:/home/carmichael/code/open-source-projects/openapi-nodegen/src/lib/helpers/template/paramsOutputReducer.ts
FN:5,(anonymous_0)
FNF:1
FNH:1
FNDA:3,(anonymous_0)
DA:1,1
DA:2,1
DA:3,1
DA:5,1
DA:6,3
DA:7,3
DA:8,3
DA:9,0
DA:11,3
DA:12,2
DA:14,1
LF:11
LH:10
BRDA:8,0,0,0
BRDA:8,0,1,3
BRDA:8,1,0,3
BRDA:8,1,1,3
BRDA:11,2,0,2
BRDA:11,2,1,1
BRF:6
BRH:5
end_of_record
TN:
SF:/home/carmichael/code/open-source-projects/openapi-nodegen/src/lib/helpers/template/paramsValidation.ts
FN:3,(anonymous_0)
FNF:1
FNH:0
FNDA:0,(anonymous_0)
DA:1,0
DA:3,0
DA:4,0
LF:3
LH:0
BRF:0
BRH:0
end_of_record
TN:
SF:/home/carmichael/code/open-source-projects/openapi-nodegen/src/lib/helpers/template/pathParamsToDomainParams.ts
FN:1,addType
FN:20,(anonymous_1)
FN:26,(anonymous_2)
FN:29,(anonymous_3)
FN:32,(anonymous_4)
FN:35,(anonymous_5)
FN:38,(anonymous_6)
FN:44,(anonymous_7)
FN:45,(anonymous_8)
FN:60,(anonymous_9)
FNF:10
FNH:10
FNDA:19,addType
FNDA:8,(anonymous_1)
FNDA:8,(anonymous_2)
FNDA:16,(anonymous_3)
FNDA:12,(anonymous_4)
FNDA:16,(anonymous_5)
FNDA:16,(anonymous_6)
FNDA:2,(anonymous_7)
FNDA:2,(anonymous_8)
FNDA:8,(anonymous_9)
DA:2,19
DA:3,19
DA:5,0
DA:6,0
DA:8,0
DA:20,16
DA:21,8
DA:22,0
DA:24,8
DA:25,8
DA:26,8
DA:27,8
DA:29,16
DA:30,4
DA:32,12
DA:33,4
DA:35,16
DA:36,0
DA:38,16
DA:39,0
DA:42,8
DA:43,2
DA:44,2
DA:45,2
DA:46,2
DA:47,1
DA:51,2
DA:52,1
DA:55,8
DA:56,2
DA:58,8
DA:59,8
DA:60,8
DA:62,8
LF:34
LH:28
BRDA:2,0,0,19
BRDA:2,0,1,0
BRDA:5,1,0,0
BRDA:5,1,1,0
BRDA:5,2,0,0
BRDA:5,2,1,0
BRDA:5,2,2,0
BRDA:20,3,0,0
BRDA:20,3,1,8
BRDA:20,4,0,8
BRDA:20,4,1,0
BRDA:21,5,0,0
BRDA:21,5,1,8
BRDA:25,6,0,8
BRDA:25,6,1,0
BRDA:26,7,0,8
BRDA:26,7,1,0
BRDA:29,8,0,4
BRDA:29,8,1,4
BRDA:32,9,0,4
BRDA:32,9,1,4
BRDA:35,10,0,0
BRDA:35,10,1,8
BRDA:38,11,0,0
BRDA:38,11,1,8
BRDA:42,12,0,2
BRDA:42,12,1,6
BRDA:46,13,0,1
BRDA:46,13,1,1
BRDA:51,14,0,1
BRDA:51,14,1,1
BRDA:55,15,0,2
BRDA:55,15,1,6
BRDA:59,16,0,3
BRDA:59,16,1,5
BRDA:60,17,0,1
BRDA:60,17,1,7
BRDA:62,18,0,0
BRDA:62,18,1,8
BRDA:62,19,0,8
BRDA:62,19,1,0
BRF:41
BRH:26
end_of_record
TN:
SF:/home/carmichael/code/open-source-projects/openapi-nodegen/src/lib/helpers/template/prettifyRouteName.ts
FN:3,(anonymous_0)
FNF:1
FNH:0
FNDA:0,(anonymous_0)
DA:1,0
DA:3,0
DA:4,0
LF:3
LH:0
BRF:0
BRH:0
end_of_record
TN:
SF:/home/carmichael/code/open-source-projects/openapi-nodegen/src/lib/helpers/template/ucFirst.ts
FN:6,(anonymous_0)
FNF:1
FNH:1
FNDA:51,(anonymous_0)
DA:6,2
DA:7,51
DA:8,0
DA:10,51
LF:4
LH:3
BRDA:7,0,0,0
BRDA:7,0,1,51
BRF:2
BRH:1
end_of_record
TN:
SF:/home/carmichael/code/open-source-projects/openapi-nodegen/src/lib/helpers/template/urlPathJoin.ts
FN:3,default_1
FNF:1
FNH:0
FNDA:0,default_1
DA:1,0
DA:3,0
DA:4,0
DA:5,0
DA:6,0
DA:7,0
DA:10,0
LF:7
LH:0
BRDA:6,0,0,0
BRDA:6,0,1,0
BRF:2
BRH:0
end_of_record
TN:
SF:/home/carmichael/code/open-source-projects/openapi-nodegen/src/lib/helpers/template/validMethods.ts
FN:7,(anonymous_0)
FNF:1
FNH:0
FNDA:0,(anonymous_0)
DA:1,0
DA:7,0
DA:8,0
LF:3
LH:0
BRF:0
BRH:0
end_of_record
TN:
SF:/home/carmichael/code/open-source-projects/openapi-nodegen/src/types/global.d.ts
FNF:0
FNH:0
LF:0
LH:0
BRF:0
BRH:0
end_of_record
