TN:
SF:/home/carmichael/code/open-source-projects/openapi-nodegen/src/cli.ts
FN:43,(anonymous_0)
FN:46,(anonymous_1)
FN:49,(anonymous_2)
FN:49,(anonymous_3)
FN:58,(anonymous_5)
FN:62,(anonymous_6)
FNF:6
FNH:0
FNDA:0,(anonymous_0)
FNDA:0,(anonymous_1)
FNDA:0,(anonymous_2)
FNDA:0,(anonymous_3)
FNDA:0,(anonymous_5)
FNDA:0,(anonymous_6)
DA:2,0
DA:3,0
DA:4,0
DA:5,0
DA:6,0
DA:7,0
DA:10,0
DA:12,0
DA:14,0
DA:27,0
DA:36,0
DA:42,0
DA:44,0
DA:45,0
DA:46,0
DA:47,0
DA:48,0
DA:49,0
DA:50,0
DA:51,0
DA:52,0
DA:55,0
DA:59,0
DA:62,0
DA:63,0
LF:25
LH:0
BRDA:15,0,0,0
BRDA:15,0,1,0
BRDA:16,1,0,0
BRDA:16,1,1,0
BRDA:22,2,0,0
BRDA:22,2,1,0
BRDA:23,3,0,0
BRDA:23,3,1,0
BRDA:24,4,0,0
BRDA:24,4,1,0
BRDA:44,5,0,0
BRDA:44,5,1,0
BRF:12
BRH:0
end_of_record
TN:
SF:/home/carmichael/code/open-source-projects/openapi-nodegen/src/commander.ts
FN:8,(anonymous_0)
FN:14,(anonymous_1)
FNF:2
FNH:2
FNDA:2,(anonymous_0)
FNDA:1,(anonymous_1)
DA:1,1
DA:2,1
DA:3,1
DA:4,1
DA:6,1
DA:8,1
DA:11,2
DA:15,1
DA:26,2
DA:27,1
DA:29,1
LF:11
LH:11
BRDA:26,0,0,1
BRDA:26,0,1,1
BRF:2
BRH:2
end_of_record
TN:
SF:/home/carmichael/code/open-source-projects/openapi-nodegen/src/commanderParseOutput.ts
FN:3,(anonymous_0)
FNF:1
FNH:1
FNDA:2,(anonymous_0)
DA:1,2
DA:3,2
DA:4,2
LF:3
LH:3
BRF:0
BRH:0
end_of_record
TN:
SF:/home/carmichael/code/open-source-projects/openapi-nodegen/src/openapiNodegen.ts
FN:17,(anonymous_0)
FN:17,(anonymous_1)
FNF:2
FNH:2
FNDA:1,(anonymous_0)
FNDA:1,(anonymous_1)
DA:1,1
DA:2,1
DA:3,1
DA:4,1
DA:6,1
DA:7,1
DA:8,1
DA:9,1
DA:10,1
DA:11,1
DA:17,1
DA:18,1
DA:20,1
DA:21,1
DA:22,1
DA:24,1
DA:25,1
DA:26,1
DA:28,1
DA:29,1
DA:30,1
DA:31,1
DA:33,1
DA:34,2
DA:36,1
DA:37,1
DA:38,2
DA:40,1
DA:41,1
DA:43,1
DA:44,1
LF:31
LH:31
BRF:0
BRH:0
end_of_record
TN:
SF:/home/carmichael/code/open-source-projects/openapi-nodegen/src/constants/CachePaths.ts
FNF:0
FNH:0
DA:1,2
DA:2,2
DA:3,2
LF:3
LH:3
BRF:0
BRH:0
end_of_record
TN:
SF:/home/carmichael/code/open-source-projects/openapi-nodegen/src/constants/ValidHttpMethods.ts
FNF:0
FNH:0
DA:1,1
LF:1
LH:1
BRF:0
BRH:0
end_of_record
TN:
SF:/home/carmichael/code/open-source-projects/openapi-nodegen/src/constants/cli.ts
FNF:0
FNH:0
DA:1,0
LF:1
LH:0
BRF:0
BRH:0
end_of_record
TN:
SF:/home/carmichael/code/open-source-projects/openapi-nodegen/src/interfaces/NodegenRc.ts
FN:1,(anonymous_0)
FNF:1
FNH:0
FNDA:0,(anonymous_0)
DA:1,0
DA:2,0
DA:3,0
LF:3
LH:0
BRDA:1,0,0,0
BRDA:1,0,1,0
BRF:2
BRH:0
end_of_record
TN:
SF:/home/carmichael/code/open-source-projects/openapi-nodegen/src/lib/ConfigMerger.ts
FN:13,(anonymous_0)
FN:14,(anonymous_2)
FN:22,(anonymous_5)
FNF:3
FNH:3
FNDA:2,(anonymous_0)
FNDA:1,(anonymous_2)
FNDA:1,(anonymous_5)
DA:3,1
DA:4,1
DA:13,1
DA:14,1
DA:15,1
DA:16,1
DA:22,1
DA:23,1
DA:30,1
DA:32,1
LF:10
LH:10
BRDA:15,0,0,1
BRDA:19,1,0,1
BRDA:19,1,1,1
BRF:3
BRH:3
end_of_record
TN:
SF:/home/carmichael/code/open-source-projects/openapi-nodegen/src/lib/FileIterator.ts
FN:13,(anonymous_0)
FN:24,(anonymous_2)
FN:30,(anonymous_3)
FN:33,(anonymous_4)
FN:33,(anonymous_5)
FN:41,(anonymous_7)
FN:44,(anonymous_8)
FN:55,(anonymous_11)
FN:69,(anonymous_14)
FN:82,(anonymous_15)
FN:102,(anonymous_16)
FNF:11
FNH:10
FNDA:2,(anonymous_0)
FNDA:1,(anonymous_2)
FNDA:1,(anonymous_3)
FNDA:87,(anonymous_4)
FNDA:87,(anonymous_5)
FNDA:0,(anonymous_7)
FNDA:2,(anonymous_8)
FNDA:1,(anonymous_11)
FNDA:57,(anonymous_14)
FNDA:57,(anonymous_15)
FNDA:87,(anonymous_16)
DA:1,1
DA:2,1
DA:3,1
DA:6,1
DA:7,1
DA:8,1
DA:9,1
DA:10,1
DA:11,1
DA:13,1
DA:14,1
DA:24,1
DA:25,1
DA:26,1
DA:27,1
DA:28,1
DA:29,1
DA:30,1
DA:31,1
DA:33,87
DA:35,174
DA:37,0
DA:42,0
DA:44,1
DA:45,2
DA:46,1
DA:55,1
DA:56,2
DA:57,0
DA:69,1
DA:70,57
DA:82,1
DA:83,57
DA:102,1
DA:103,87
DA:104,30
DA:106,57
DA:107,57
DA:109,57
DA:110,57
DA:111,57
DA:113,57
DA:114,1
DA:115,2
DA:116,1
DA:117,51
DA:118,102
DA:119,51
DA:120,0
DA:121,0
DA:122,0
DA:125,110
DA:126,4
DA:127,4
DA:132,57
DA:133,10
DA:135,57
DA:136,57
DA:138,1
DA:140,1
LF:60
LH:54
BRDA:45,0,0,1
BRDA:56,1,0,1
BRDA:56,1,1,0
BRDA:115,2,0,1
BRDA:115,2,1,51
BRDA:103,3,0,30
BRDA:103,3,1,57
BRDA:114,4,0,1
BRDA:114,4,1,51
BRDA:114,4,2,0
BRDA:125,5,0,53
BRDA:125,5,1,4
BRDA:125,6,0,57
BRDA:125,6,1,0
BRDA:125,6,2,57
BRDA:125,6,3,56
BRDA:132,7,0,10
BRDA:132,7,1,47
BRF:18
BRH:15
end_of_record
TN:
SF:/home/carmichael/code/open-source-projects/openapi-nodegen/src/lib/FileTypeCheck.ts
FN:1,(anonymous_0)
FN:9,(anonymous_2)
FN:28,(anonymous_3)
FN:32,(anonymous_4)
FN:36,(anonymous_5)
FN:40,(anonymous_6)
FN:44,(anonymous_7)
FNF:7
FNH:7
FNDA:4,(anonymous_0)
FNDA:57,(anonymous_2)
FNDA:61,(anonymous_3)
FNDA:57,(anonymous_4)
FNDA:58,(anonymous_5)
FNDA:65,(anonymous_6)
FNDA:56,(anonymous_7)
DA:1,2
DA:2,2
DA:3,2
DA:4,2
DA:5,2
DA:6,2
DA:7,2
DA:9,2
DA:10,57
DA:11,0
DA:13,57
DA:14,3
DA:16,54
DA:17,1
DA:19,53
DA:20,1
DA:22,52
DA:23,1
DA:25,51
DA:28,2
DA:29,61
DA:32,2
DA:33,57
DA:36,2
DA:37,58
DA:40,2
DA:41,65
DA:44,2
DA:45,56
DA:47,2
DA:49,2
LF:31
LH:30
BRDA:10,0,0,0
BRDA:10,0,1,57
BRDA:13,1,0,3
BRDA:13,1,1,54
BRDA:16,2,0,1
BRDA:16,2,1,53
BRDA:19,3,0,1
BRDA:19,3,1,52
BRDA:22,4,0,1
BRDA:22,4,1,51
BRF:10
BRH:9
end_of_record
TN:
SF:/home/carmichael/code/open-source-projects/openapi-nodegen/src/lib/NodegenRc.ts
FN:4,(anonymous_0)
FN:10,(anonymous_2)
FN:31,(anonymous_5)
FNF:3
FNH:3
FNDA:2,(anonymous_0)
FNDA:1,(anonymous_2)
FNDA:1,(anonymous_5)
DA:1,1
DA:2,1
DA:4,1
DA:10,1
DA:11,1
DA:12,1
DA:13,1
DA:14,1
DA:15,0
DA:17,1
DA:18,1
DA:19,0
DA:21,1
DA:22,1
DA:31,1
DA:32,1
DA:33,1
DA:34,0
DA:36,1
DA:37,0
DA:39,1
DA:41,1
DA:43,1
LF:23
LH:19
BRDA:14,0,0,0
BRDA:14,0,1,1
BRDA:18,1,0,0
BRDA:18,1,1,1
BRDA:33,2,0,0
BRDA:33,2,1,1
BRDA:36,3,0,0
BRDA:36,3,1,1
BRF:8
BRH:4
end_of_record
TN:
SF:/home/carmichael/code/open-source-projects/openapi-nodegen/src/lib/resetNodegenFolder.ts
FN:12,(anonymous_0)
FN:15,(anonymous_1)
FNF:2
FNH:0
FNDA:0,(anonymous_0)
FNDA:0,(anonymous_1)
DA:2,1
DA:3,1
DA:12,1
DA:13,0
DA:14,0
DA:17,0
DA:20,0
DA:21,0
DA:26,0
DA:27,0
DA:28,0
DA:29,0
LF:12
LH:3
BRDA:12,0,0,0
BRDA:12,0,1,0
BRDA:26,1,0,0
BRDA:26,1,1,0
BRF:4
BRH:0
end_of_record
TN:
SF:/home/carmichael/code/open-source-projects/openapi-nodegen/src/lib/diff/displayDependencyDiffs.ts
FN:5,(anonymous_0)
FN:23,(anonymous_1)
FN:29,(anonymous_2)
FN:38,(anonymous_3)
FN:47,(anonymous_4)
FNF:5
FNH:0
FNDA:0,(anonymous_0)
FNDA:0,(anonymous_1)
FNDA:0,(anonymous_2)
FNDA:0,(anonymous_3)
FNDA:0,(anonymous_4)
DA:1,1
DA:2,1
DA:3,1
DA:5,1
DA:6,0
DA:7,0
DA:13,0
DA:20,0
DA:21,0
DA:22,0
DA:23,0
DA:24,0
DA:25,0
DA:28,0
DA:29,0
DA:30,0
DA:32,0
DA:37,0
DA:38,0
DA:39,0
DA:41,0
DA:46,0
DA:47,0
DA:48,0
DA:50,0
DA:55,0
DA:56,0
DA:57,0
DA:59,0
DA:60,0
DA:61,0
DA:63,0
DA:64,0
DA:65,0
LF:34
LH:4
BRDA:25,0,0,0
BRDA:25,0,1,0
BRDA:28,1,0,0
BRDA:28,1,1,0
BRDA:30,2,0,0
BRDA:30,2,1,0
BRDA:30,3,0,0
BRDA:30,3,1,0
BRDA:37,4,0,0
BRDA:37,4,1,0
BRDA:39,5,0,0
BRDA:39,5,1,0
BRDA:39,6,0,0
BRDA:39,6,1,0
BRDA:46,7,0,0
BRDA:46,7,1,0
BRDA:48,8,0,0
BRDA:48,8,1,0
BRDA:48,9,0,0
BRDA:48,9,1,0
BRDA:55,10,0,0
BRDA:55,10,1,0
BRDA:59,11,0,0
BRDA:59,11,1,0
BRDA:63,12,0,0
BRDA:63,12,1,0
BRF:26
BRH:0
end_of_record
TN:
SF:/home/carmichael/code/open-source-projects/openapi-nodegen/src/lib/diff/fileDiff.ts
FN:11,(anonymous_0)
FN:16,(anonymous_3)
FN:24,(anonymous_4)
FNF:3
FNH:3
FNDA:2,(anonymous_0)
FNDA:3,(anonymous_3)
FNDA:3,(anonymous_4)
DA:3,2
DA:11,2
DA:12,2
DA:13,2
DA:14,2
DA:15,2
DA:16,2
DA:17,3
DA:18,3
DA:21,3
DA:24,2
DA:25,3
DA:26,3
DA:29,3
DA:31,2
DA:32,2
LF:16
LH:16
BRDA:11,0,0,0
BRDA:11,0,1,2
BRDA:11,1,0,0
BRDA:11,1,1,2
BRF:4
BRH:2
end_of_record
TN:
SF:/home/carmichael/code/open-source-projects/openapi-nodegen/src/lib/generate/GenerateInterfaceFiles.ts
FN:9,(anonymous_0)
FN:12,GenerateInterfaceFiles
FN:16,(anonymous_2)
FN:21,(anonymous_5)
FN:22,(anonymous_6)
FN:27,(anonymous_7)
FNF:6
FNH:6
FNDA:1,(anonymous_0)
FNDA:1,GenerateInterfaceFiles
FNDA:1,(anonymous_2)
FNDA:1,(anonymous_5)
FNDA:7,(anonymous_6)
FNDA:7,(anonymous_7)
DA:1,1
DA:2,1
DA:3,1
DA:6,1
DA:7,1
DA:9,1
DA:13,1
DA:16,1
DA:17,1
DA:18,1
DA:21,1
DA:22,1
DA:23,7
DA:27,1
DA:28,7
DA:29,7
DA:31,7
DA:32,7
DA:33,7
DA:34,7
DA:35,7
DA:40,7
DA:41,7
DA:49,7
DA:50,7
DA:51,0
DA:53,7
DA:54,7
DA:56,1
DA:58,1
LF:30
LH:29
BRDA:46,0,0,7
BRDA:46,0,1,0
BRDA:50,1,0,0
BRDA:50,1,1,7
BRDA:50,2,0,7
BRDA:50,2,1,0
BRDA:50,2,2,0
BRF:7
BRH:3
end_of_record
TN:
SF:/home/carmichael/code/open-source-projects/openapi-nodegen/src/lib/generate/GeneratedComparison.ts
FN:9,(anonymous_0)
FN:11,(anonymous_2)
FN:20,(anonymous_3)
FN:29,(anonymous_4)
FN:46,(anonymous_5)
FN:57,(anonymous_6)
FN:58,(anonymous_7)
FN:68,(anonymous_8)
FN:77,(anonymous_9)
FN:80,(anonymous_10)
FN:97,(anonymous_11)
FN:103,(anonymous_12)
FN:108,(anonymous_13)
FN:127,(anonymous_14)
FN:132,(anonymous_15)
FN:135,(anonymous_16)
FN:138,(anonymous_17)
FN:161,(anonymous_18)
FN:181,(anonymous_21)
FNF:19
FNH:9
FNDA:2,(anonymous_0)
FNDA:6,(anonymous_2)
FNDA:2,(anonymous_3)
FNDA:2,(anonymous_4)
FNDA:1,(anonymous_5)
FNDA:1,(anonymous_6)
FNDA:1,(anonymous_7)
FNDA:0,(anonymous_8)
FNDA:0,(anonymous_9)
FNDA:0,(anonymous_10)
FNDA:1,(anonymous_11)
FNDA:0,(anonymous_12)
FNDA:0,(anonymous_13)
FNDA:1,(anonymous_14)
FNDA:0,(anonymous_15)
FNDA:0,(anonymous_16)
FNDA:0,(anonymous_17)
FNDA:0,(anonymous_18)
FNDA:0,(anonymous_21)
DA:1,1
DA:2,1
DA:3,1
DA:5,1
DA:6,1
DA:7,1
DA:9,1
DA:11,1
DA:12,6
DA:20,1
DA:21,2
DA:29,1
DA:31,2
DA:32,0
DA:34,2
DA:38,2
DA:46,1
DA:47,1
DA:48,1
DA:49,1
DA:57,1
DA:58,1
DA:59,1
DA:60,1
DA:61,1
DA:62,1
DA:63,1
DA:65,0
DA:66,0
DA:67,0
DA:68,0
DA:69,0
DA:70,0
DA:71,0
DA:72,0
DA:73,0
DA:78,0
DA:81,0
DA:84,0
DA:88,0
DA:97,1
DA:98,1
DA:99,0
DA:101,1
DA:102,1
DA:103,1
DA:104,0
DA:105,0
DA:106,0
DA:108,1
DA:109,0
DA:110,0
DA:111,0
DA:112,0
DA:113,0
DA:114,0
DA:115,0
DA:119,0
DA:124,1
DA:127,1
DA:128,1
DA:129,1
DA:130,1
DA:131,1
DA:132,0
DA:133,0
DA:134,0
DA:135,0
DA:136,0
DA:138,0
DA:139,0
DA:141,0
DA:145,1
DA:161,1
DA:162,0
DA:163,0
DA:164,0
DA:165,0
DA:166,0
DA:171,0
DA:181,1
DA:182,0
DA:183,0
DA:184,0
DA:186,0
DA:187,0
DA:191,0
DA:195,1
DA:197,1
LF:89
LH:43
BRDA:31,0,0,0
BRDA:31,0,1,2
BRDA:61,1,0,1
BRDA:61,1,1,0
BRDA:70,2,0,0
BRDA:70,2,1,0
BRDA:88,3,0,0
BRDA:88,3,1,0
BRDA:98,4,0,0
BRDA:98,4,1,1
BRDA:98,5,0,1
BRDA:98,5,1,1
BRDA:106,6,0,0
BRDA:106,6,1,0
BRDA:106,7,0,0
BRDA:106,7,1,0
BRDA:110,8,0,0
BRDA:110,8,1,0
BRDA:110,9,0,0
BRDA:110,9,1,0
BRDA:110,9,2,0
BRDA:131,10,0,0
BRDA:131,10,1,1
BRDA:133,11,0,0
BRDA:133,11,1,0
BRDA:183,12,0,0
BRDA:183,12,1,0
BRDA:186,13,0,0
BRDA:186,13,1,0
BRF:29
BRH:6
end_of_record
TN:
SF:/home/carmichael/code/open-source-projects/openapi-nodegen/src/lib/generate/generateBaseStructure.ts
FN:12,(anonymous_0)
FN:18,(anonymous_1)
FNF:2
FNH:2
FNDA:1,(anonymous_0)
FNDA:80,(anonymous_1)
DA:1,1
DA:2,1
DA:3,1
DA:12,1
DA:13,1
DA:14,1
DA:15,1
DA:16,1
DA:17,1
DA:19,80
DA:20,1
DA:22,79
DA:23,3
DA:25,76
DA:26,76
DA:27,1
DA:30,75
DA:34,1
DA:36,1
DA:37,1
DA:38,1
DA:39,1
LF:22
LH:22
BRDA:13,0,0,1
BRDA:13,0,1,0
BRDA:19,1,0,1
BRDA:19,1,1,79
BRDA:19,2,0,80
BRDA:19,2,1,1
BRDA:22,3,0,3
BRDA:22,3,1,76
BRDA:25,4,0,76
BRDA:25,4,1,0
BRDA:26,5,0,1
BRDA:26,5,1,75
BRDA:34,6,0,1
BRDA:34,6,1,0
BRF:14
BRH:11
end_of_record
TN:
SF:/home/carmichael/code/open-source-projects/openapi-nodegen/src/lib/generate/generateDirectoryStructure.ts
FN:19,(anonymous_0)
FNF:1
FNH:1
FNDA:1,(anonymous_0)
DA:2,1
DA:3,1
DA:4,1
DA:5,1
DA:6,1
DA:7,1
DA:19,1
DA:20,1
DA:21,1
DA:22,1
DA:23,1
DA:24,1
DA:29,0
DA:30,0
DA:32,1
LF:15
LH:13
BRDA:22,0,0,1
BRDA:22,0,1,0
BRDA:27,1,0,0
BRDA:27,1,1,1
BRF:4
BRH:2
end_of_record
TN:
SF:/home/carmichael/code/open-source-projects/openapi-nodegen/src/lib/generate/generateFile.ts
FN:22,(anonymous_0)
FN:23,(anonymous_1)
FN:38,(anonymous_2)
FN:45,(anonymous_3)
FN:47,(anonymous_4)
FN:50,(anonymous_5)
FN:71,(anonymous_6)
FNF:7
FNH:6
FNDA:51,(anonymous_0)
FNDA:51,(anonymous_1)
FNDA:51,(anonymous_2)
FNDA:3,(anonymous_3)
FNDA:9,(anonymous_4)
FNDA:0,(anonymous_5)
FNDA:51,(anonymous_6)
DA:2,1
DA:3,1
DA:4,1
DA:5,1
DA:6,1
DA:22,102
DA:23,51
DA:24,51
DA:25,51
DA:26,51
DA:27,51
DA:30,51
DA:31,51
DA:34,51
DA:36,51
DA:37,51
DA:38,51
DA:39,51
DA:40,0
DA:42,51
DA:43,51
DA:44,51
DA:45,1
DA:47,9
DA:48,3
DA:49,1
DA:50,1
DA:52,2
DA:54,3
DA:55,2
DA:59,51
DA:66,51
DA:67,51
DA:71,51
DA:72,51
DA:73,0
DA:75,51
DA:78,0
DA:82,0
LF:39
LH:35
BRDA:22,0,0,51
BRDA:22,0,1,0
BRDA:30,1,0,50
BRDA:30,1,1,1
BRDA:34,2,0,51
BRDA:34,2,1,0
BRDA:34,3,0,51
BRDA:34,3,1,0
BRDA:34,3,2,0
BRDA:39,4,0,0
BRDA:39,4,1,51
BRDA:44,5,0,1
BRDA:44,5,1,50
BRDA:47,6,0,9
BRDA:47,6,1,4
BRDA:48,7,0,1
BRDA:48,7,1,2
BRDA:54,8,0,2
BRDA:54,8,1,1
BRDA:72,9,0,0
BRDA:72,9,1,51
BRF:21
BRH:15
end_of_record
TN:
SF:/home/carmichael/code/open-source-projects/openapi-nodegen/src/lib/generate/generateOperationFile.ts
FN:22,(anonymous_0)
FN:23,(anonymous_1)
FN:25,(anonymous_2)
FNF:3
FNH:3
FNDA:8,(anonymous_0)
FNDA:8,(anonymous_1)
FNDA:8,(anonymous_2)
DA:1,1
DA:2,1
DA:3,1
DA:4,1
DA:7,1
DA:8,1
DA:9,1
DA:10,1
DA:22,16
DA:23,8
DA:24,8
DA:25,8
DA:26,8
DA:27,0
DA:29,8
DA:30,8
DA:31,8
DA:32,8
DA:33,8
DA:41,8
DA:43,8
DA:44,8
DA:52,8
DA:53,8
DA:54,0
DA:56,8
DA:57,0
DA:67,8
DA:68,8
LF:29
LH:26
BRDA:22,0,0,8
BRDA:22,0,1,0
BRDA:22,1,0,8
BRDA:22,1,1,0
BRDA:26,2,0,0
BRDA:26,2,1,8
BRDA:37,3,0,8
BRDA:37,3,1,8
BRDA:49,4,0,8
BRDA:49,4,1,0
BRDA:53,5,0,0
BRDA:53,5,1,8
BRDA:53,6,0,8
BRDA:53,6,1,0
BRDA:56,7,0,0
BRDA:56,7,1,8
BRDA:56,8,0,8
BRDA:56,8,1,2
BRF:18
BRH:11
end_of_record
TN:
SF:/home/carmichael/code/open-source-projects/openapi-nodegen/src/lib/generate/generateOperationFiles.ts
FN:11,(anonymous_0)
FN:11,(anonymous_1)
FN:16,(anonymous_2)
FN:18,(anonymous_3)
FN:41,(anonymous_4)
FN:44,(anonymous_5)
FNF:6
FNH:6
FNDA:4,(anonymous_0)
FNDA:4,(anonymous_1)
FNDA:12,(anonymous_2)
FNDA:36,(anonymous_3)
FNDA:8,(anonymous_4)
FNDA:4,(anonymous_5)
DA:2,1
DA:3,1
DA:11,4
DA:12,4
DA:16,4
DA:18,36
DA:25,12
DA:26,12
DA:29,12
DA:30,8
DA:33,12
DA:34,12
DA:40,4
DA:42,8
DA:45,4
LF:15
LH:15
BRDA:18,0,0,36
BRDA:18,0,1,16
BRDA:29,1,0,8
BRDA:29,1,1,4
BRDA:37,2,0,12
BRDA:37,2,1,0
BRF:6
BRH:5
end_of_record
TN:
SF:/home/carmichael/code/open-source-projects/openapi-nodegen/src/lib/generate/generateOperationId.ts
FN:11,(anonymous_0)
FN:17,(anonymous_1)
FNF:2
FNH:2
FNDA:15,(anonymous_0)
FNDA:41,(anonymous_1)
DA:1,3
DA:11,3
DA:12,15
DA:13,15
DA:14,1
DA:16,14
DA:17,14
DA:18,41
DA:19,5
DA:21,41
DA:23,14
DA:24,14
LF:12
LH:12
BRDA:13,0,0,1
BRDA:13,0,1,14
BRDA:18,1,0,5
BRDA:18,1,1,36
BRF:4
BRH:4
end_of_record
TN:
SF:/home/carmichael/code/open-source-projects/openapi-nodegen/src/lib/helpers/NamingUtils.ts
FN:6,(anonymous_0)
FN:7,(anonymous_2)
FN:32,(anonymous_3)
FN:48,(anonymous_4)
FN:65,(anonymous_5)
FNF:5
FNH:5
FNDA:10,(anonymous_0)
FNDA:10,(anonymous_2)
FNDA:23,(anonymous_3)
FNDA:53,(anonymous_4)
FNDA:19,(anonymous_5)
DA:1,5
DA:3,5
DA:4,5
DA:6,5
DA:7,5
DA:8,10
DA:9,10
DA:10,10
DA:12,0
DA:13,0
DA:14,0
DA:16,10
DA:17,10
DA:18,5
DA:20,10
DA:21,2
DA:24,10
DA:32,5
DA:33,23
DA:34,23
DA:35,4
DA:36,4
DA:37,4
DA:39,19
DA:48,5
DA:49,53
DA:50,6
DA:52,47
DA:65,5
DA:66,19
DA:67,19
DA:68,17
DA:70,19
DA:72,19
DA:75,19
DA:77,5
DA:79,5
LF:37
LH:34
BRDA:10,0,0,0
BRDA:10,0,1,10
BRDA:17,1,0,5
BRDA:17,1,1,5
BRDA:20,2,0,2
BRDA:20,2,1,8
BRDA:34,3,0,4
BRDA:34,3,1,19
BRDA:49,4,0,6
BRDA:49,4,1,47
BRDA:67,5,0,17
BRDA:67,5,1,2
BRDA:70,6,0,19
BRDA:70,6,1,0
BRF:14
BRH:12
end_of_record
TN:
SF:/home/carmichael/code/open-source-projects/openapi-nodegen/src/lib/helpers/OaToJs.ts
FN:1,(anonymous_0)
FN:2,(anonymous_2)
FN:36,(anonymous_3)
FNF:3
FNH:3
FNDA:4,(anonymous_0)
FNDA:133,(anonymous_2)
FNDA:26,(anonymous_3)
DA:1,2
DA:2,2
DA:3,133
DA:4,0
DA:6,133
DA:8,40
DA:10,0
DA:12,60
DA:14,1
DA:16,5
DA:17,0
DA:19,5
DA:22,1
DA:23,0
DA:25,1
DA:28,26
DA:29,0
DA:31,26
DA:36,2
DA:37,26
DA:38,121
DA:39,121
DA:40,0
DA:41,0
DA:44,26
DA:46,2
DA:48,2
LF:27
LH:20
BRDA:3,0,0,0
BRDA:3,0,1,133
BRDA:3,1,0,133
BRDA:3,1,1,0
BRDA:7,2,0,40
BRDA:7,2,1,0
BRDA:7,2,2,60
BRDA:7,2,3,1
BRDA:7,2,4,5
BRDA:7,2,5,1
BRDA:7,2,6,26
BRDA:16,3,0,0
BRDA:16,3,1,5
BRDA:22,4,0,0
BRDA:22,4,1,1
BRDA:28,5,0,0
BRDA:28,5,1,26
BRDA:38,6,0,121
BRDA:38,6,1,0
BRDA:40,7,0,0
BRDA:40,7,1,0
BRF:21
BRH:12
end_of_record
TN:
SF:/home/carmichael/code/open-source-projects/openapi-nodegen/src/lib/helpers/OaToJsToJs.ts
FN:1,(anonymous_0)
FN:2,(anonymous_2)
FN:16,(anonymous_3)
FN:30,(anonymous_4)
FNF:4
FNH:4
FNDA:4,(anonymous_0)
FNDA:101,(anonymous_2)
FNDA:6,(anonymous_3)
FNDA:26,(anonymous_4)
DA:1,2
DA:2,2
DA:3,101
DA:4,0
DA:5,101
DA:6,0
DA:7,101
DA:8,40
DA:9,61
DA:10,60
DA:11,1
DA:12,1
DA:16,2
DA:17,6
DA:18,6
DA:19,6
DA:20,0
DA:21,6
DA:22,0
DA:23,6
DA:24,6
DA:27,6
DA:30,2
DA:31,26
DA:32,26
DA:33,121
DA:34,101
DA:35,20
DA:36,4
DA:37,16
DA:38,16
DA:41,26
DA:42,26
DA:44,2
DA:46,2
LF:35
LH:31
BRDA:3,0,0,0
BRDA:3,0,1,101
BRDA:5,1,0,0
BRDA:5,1,1,101
BRDA:7,2,0,40
BRDA:7,2,1,61
BRDA:9,3,0,60
BRDA:9,3,1,1
BRDA:11,4,0,1
BRDA:11,4,1,0
BRDA:17,5,0,6
BRDA:17,5,1,6
BRDA:19,6,0,0
BRDA:19,6,1,6
BRDA:21,7,0,0
BRDA:21,7,1,6
BRDA:23,8,0,6
BRDA:23,8,1,0
BRDA:31,9,0,26
BRDA:31,9,1,20
BRDA:33,10,0,101
BRDA:33,10,1,20
BRDA:35,11,0,4
BRDA:35,11,1,16
BRDA:37,12,0,16
BRDA:37,12,1,0
BRF:26
BRH:19
end_of_record
TN:
SF:/home/carmichael/code/open-source-projects/openapi-nodegen/src/lib/helpers/SwaggerUtils.ts
FN:1,(anonymous_0)
FN:8,(anonymous_2)
FN:35,(anonymous_3)
FN:71,(anonymous_4)
FN:88,(anonymous_5)
FN:93,(anonymous_6)
FN:94,(anonymous_7)
FN:95,(anonymous_8)
FN:100,(anonymous_9)
FN:105,(anonymous_10)
FN:107,(anonymous_11)
FNF:11
FNH:10
FNDA:4,(anonymous_0)
FNDA:15,(anonymous_2)
FNDA:4,(anonymous_3)
FNDA:0,(anonymous_4)
FNDA:7,(anonymous_5)
FNDA:12,(anonymous_6)
FNDA:12,(anonymous_7)
FNDA:12,(anonymous_8)
FNDA:21,(anonymous_9)
FNDA:12,(anonymous_10)
FNDA:5,(anonymous_11)
DA:1,2
DA:8,25
DA:9,15
DA:10,0
DA:11,0
DA:13,15
DA:14,15
DA:15,15
DA:16,15
DA:17,15
DA:18,1
DA:20,14
DA:23,15
DA:24,5
DA:26,15
DA:27,0
DA:28,0
DA:30,0
DA:33,15
DA:34,2
DA:35,4
DA:38,15
DA:39,0
DA:41,15
DA:42,0
DA:44,15
DA:45,0
DA:47,15
DA:48,0
DA:50,15
DA:51,0
DA:53,15
DA:54,0
DA:55,0
DA:56,0
DA:59,0
DA:61,0
DA:62,0
DA:64,0
DA:65,0
DA:67,0
DA:68,0
DA:69,0
DA:70,0
DA:71,0
DA:72,0
DA:76,0
DA:78,0
DA:80,15
DA:88,7
DA:89,7
DA:90,0
DA:92,7
DA:93,12
DA:94,12
DA:95,12
DA:98,7
DA:100,7
DA:101,21
DA:102,13
DA:104,8
DA:105,8
DA:106,12
DA:107,2
DA:108,5
DA:114,10
DA:115,10
DA:118,8
DA:121,7
DA:123,2
DA:125,2
LF:71
LH:44
BRDA:8,0,0,10
BRDA:8,0,1,5
BRDA:9,1,0,0
BRDA:9,1,1,15
BRDA:13,2,0,15
BRDA:13,2,1,0
BRDA:14,3,0,15
BRDA:14,3,1,3
BRDA:14,3,2,13
BRDA:15,4,0,15
BRDA:15,4,1,2
BRDA:16,5,0,15
BRDA:16,5,1,0
BRDA:17,6,0,1
BRDA:17,6,1,14
BRDA:23,7,0,5
BRDA:23,7,1,10
BRDA:23,8,0,15
BRDA:23,8,1,9
BRDA:26,9,0,0
BRDA:26,9,1,15
BRDA:27,10,0,0
BRDA:27,10,1,0
BRDA:33,11,0,2
BRDA:33,11,1,13
BRDA:33,12,0,15
BRDA:33,12,1,14
BRDA:33,12,2,2
BRDA:34,13,0,2
BRDA:34,13,1,1
BRDA:38,14,0,0
BRDA:38,14,1,15
BRDA:39,15,0,0
BRDA:39,15,1,0
BRDA:41,16,0,0
BRDA:41,16,1,15
BRDA:42,17,0,0
BRDA:42,17,1,0
BRDA:44,18,0,0
BRDA:44,18,1,15
BRDA:45,19,0,0
BRDA:45,19,1,0
BRDA:47,20,0,0
BRDA:47,20,1,15
BRDA:48,21,0,0
BRDA:48,21,1,0
BRDA:50,22,0,0
BRDA:50,22,1,15
BRDA:50,23,0,15
BRDA:50,23,1,9
BRDA:51,24,0,0
BRDA:51,24,1,0
BRDA:53,25,0,4
BRDA:53,25,1,11
BRDA:53,26,0,15
BRDA:53,26,1,0
BRDA:54,27,0,0
BRDA:54,27,1,0
BRDA:56,28,0,0
BRDA:56,28,1,0
BRDA:61,29,0,0
BRDA:61,29,1,0
BRDA:62,30,0,0
BRDA:62,30,1,0
BRDA:64,31,0,0
BRDA:64,31,1,0
BRDA:65,32,0,0
BRDA:65,32,1,0
BRDA:67,33,0,0
BRDA:67,33,1,0
BRDA:68,34,0,0
BRDA:68,34,1,0
BRDA:68,35,0,0
BRDA:68,35,1,0
BRDA:69,36,0,0
BRDA:69,36,1,0
BRDA:69,36,2,0
BRDA:76,37,0,0
BRDA:76,37,1,0
BRDA:76,38,0,0
BRDA:76,38,1,0
BRDA:78,39,0,0
BRDA:78,39,1,0
BRDA:78,40,0,0
BRDA:78,40,1,0
BRDA:89,41,0,0
BRDA:89,41,1,7
BRDA:101,42,0,13
BRDA:101,42,1,8
BRDA:106,43,0,2
BRDA:106,43,1,10
BRDA:106,44,0,12
BRDA:106,44,1,4
BRDA:114,45,0,10
BRDA:114,45,1,0
BRDA:114,46,0,10
BRDA:114,46,1,2
BRDA:114,46,2,2
BRF:98
BRH:45
end_of_record
TN:
SF:/home/carmichael/code/open-source-projects/openapi-nodegen/src/lib/helpers/camelCaseStringReplacement.ts
FN:10,(anonymous_0)
FN:18,(anonymous_1)
FN:20,(anonymous_2)
FNF:3
FNH:3
FNDA:8,(anonymous_0)
FNDA:22,(anonymous_1)
FNDA:67,(anonymous_2)
DA:1,3
DA:2,3
DA:10,3
DA:11,8
DA:12,4
DA:14,8
DA:15,0
DA:17,8
DA:18,8
DA:19,22
DA:20,22
DA:21,67
DA:24,8
LF:13
LH:12
BRDA:11,0,0,4
BRDA:11,0,1,4
BRDA:14,1,0,0
BRDA:14,1,1,8
BRDA:19,2,0,8
BRDA:19,2,1,14
BRF:6
BRH:5
end_of_record
TN:
SF:/home/carmichael/code/open-source-projects/openapi-nodegen/src/lib/helpers/extractOASchemaPathResponses.ts
FN:1,(anonymous_0)
FNF:1
FNH:1
FNDA:6,(anonymous_0)
DA:1,2
DA:2,6
DA:3,6
DA:5,6
DA:8,0
DA:9,0
DA:10,0
DA:15,0
LF:8
LH:4
BRDA:2,0,0,6
BRDA:2,0,1,0
BRDA:3,1,0,6
BRDA:3,1,1,0
BRDA:8,2,0,0
BRDA:8,2,1,0
BRDA:8,3,0,0
BRDA:8,3,1,0
BRDA:9,4,0,0
BRDA:9,4,1,0
BRF:10
BRH:2
end_of_record
TN:
SF:/home/carmichael/code/open-source-projects/openapi-nodegen/src/lib/helpers/oa2OrOa3.ts
FN:1,(anonymous_0)
FNF:1
FNH:0
FNDA:0,(anonymous_0)
DA:1,1
DA:2,0
DA:3,0
DA:4,0
DA:7,0
DA:9,0
LF:6
LH:1
BRDA:2,0,0,0
BRDA:2,0,1,0
BRF:2
BRH:0
end_of_record
TN:
SF:/home/carmichael/code/open-source-projects/openapi-nodegen/src/lib/logger/logger.ts
FN:1,(anonymous_0)
FNF:1
FNH:0
FNDA:0,(anonymous_0)
DA:1,1
DA:2,0
DA:3,0
DA:5,0
LF:4
LH:1
BRDA:2,0,0,0
BRDA:2,0,1,0
BRF:2
BRH:0
end_of_record
TN:
SF:/home/carmichael/code/open-source-projects/openapi-nodegen/src/lib/openapi/OpenAPIBundler.ts
FN:13,(anonymous_0)
FN:19,(anonymous_2)
FN:95,(anonymous_5)
FN:108,(anonymous_6)
FN:120,(anonymous_9)
FN:134,(anonymous_12)
FN:168,(anonymous_15)
FN:178,(anonymous_16)
FN:204,(anonymous_19)
FN:206,(anonymous_20)
FN:220,(anonymous_21)
FNF:11
FNH:11
FNDA:2,(anonymous_0)
FNDA:1,(anonymous_2)
FNDA:1,(anonymous_5)
FNDA:1,(anonymous_6)
FNDA:1,(anonymous_9)
FNDA:1,(anonymous_12)
FNDA:13,(anonymous_15)
FNDA:1,(anonymous_16)
FNDA:1,(anonymous_19)
FNDA:3,(anonymous_20)
FNDA:3,(anonymous_21)
DA:2,1
DA:3,1
DA:4,1
DA:5,1
DA:6,1
DA:7,1
DA:8,1
DA:9,1
DA:11,1
DA:13,1
DA:19,1
DA:22,1
DA:23,1
DA:25,0
DA:26,0
DA:27,0
DA:30,1
DA:31,1
DA:33,0
DA:34,0
DA:35,0
DA:38,1
DA:39,1
DA:41,0
DA:42,0
DA:43,0
DA:47,1
DA:49,0
DA:50,0
DA:51,0
DA:54,1
DA:55,1
DA:57,0
DA:58,0
DA:59,0
DA:62,1
DA:63,1
DA:65,0
DA:66,0
DA:67,0
DA:71,1
DA:73,0
DA:74,0
DA:75,0
DA:79,1
DA:81,0
DA:82,0
DA:84,1
DA:86,1
DA:95,1
DA:96,1
DA:97,1
DA:98,1
DA:100,1
DA:108,1
DA:109,1
DA:120,1
DA:121,1
DA:134,1
DA:135,1
DA:136,1
DA:137,1
DA:138,4
DA:139,3
DA:140,3
DA:141,6
DA:142,3
DA:143,3
DA:144,3
DA:145,3
DA:146,7
DA:147,4
DA:148,8
DA:150,0
DA:159,4
DA:168,13
DA:169,1
DA:178,1
DA:179,1
DA:180,4
DA:181,3
DA:183,3
DA:185,3
DA:192,0
DA:193,0
DA:194,0
DA:197,1
DA:204,1
DA:205,1
DA:206,1
DA:207,3
DA:210,1
DA:211,1
DA:220,1
DA:221,3
DA:222,3
DA:223,3
DA:226,3
DA:233,3
DA:244,0
DA:245,0
DA:248,1
DA:250,1
LF:103
LH:74
BRDA:138,0,0,1
BRDA:138,0,1,3
BRDA:141,1,0,3
BRDA:141,1,1,3
BRDA:144,2,0,0
BRDA:144,2,1,3
BRDA:146,3,0,3
BRDA:146,3,1,4
BRDA:148,4,0,4
BRDA:148,4,1,0
BRDA:148,5,0,4
BRDA:148,5,1,0
BRDA:168,6,0,7
BRDA:168,6,1,6
BRDA:197,7,0,1
BRDA:180,8,0,1
BRDA:180,8,1,3
BRDA:205,9,0,1
BRDA:205,9,1,0
BRDA:207,10,0,0
BRDA:207,10,1,3
BRDA:233,11,0,3
BRF:22
BRH:17
end_of_record
TN:
SF:/home/carmichael/code/open-source-projects/openapi-nodegen/src/lib/openapi/OpenAPIInjectInterfaceNaming.ts
FN:6,(anonymous_0)
FN:10,OpenAPIInjectInterfaceNaming
FN:19,(anonymous_2)
FN:31,(anonymous_3)
FN:44,(anonymous_4)
FN:46,(anonymous_5)
FN:58,(anonymous_6)
FN:66,(anonymous_7)
FN:74,(anonymous_8)
FN:78,(anonymous_9)
FN:79,(anonymous_10)
FN:95,(anonymous_11)
FN:106,(anonymous_12)
FN:126,(anonymous_13)
FN:151,(anonymous_14)
FN:152,(anonymous_15)
FN:155,(anonymous_16)
FN:183,(anonymous_17)
FN:186,(anonymous_18)
FN:198,(anonymous_19)
FNF:20
FNH:20
FNDA:2,(anonymous_0)
FNDA:4,OpenAPIInjectInterfaceNaming
FNDA:1,(anonymous_2)
FNDA:1,(anonymous_3)
FNDA:11,(anonymous_4)
FNDA:33,(anonymous_5)
FNDA:4,(anonymous_6)
FNDA:4,(anonymous_7)
FNDA:2,(anonymous_8)
FNDA:6,(anonymous_9)
FNDA:6,(anonymous_10)
FNDA:3,(anonymous_11)
FNDA:3,(anonymous_12)
FNDA:8,(anonymous_13)
FNDA:3,(anonymous_14)
FNDA:12,(anonymous_15)
FNDA:8,(anonymous_16)
FNDA:4,(anonymous_17)
FNDA:7,(anonymous_18)
FNDA:3,(anonymous_19)
DA:2,2
DA:3,2
DA:4,2
DA:6,2
DA:11,4
DA:12,4
DA:19,2
DA:20,1
DA:21,0
DA:23,1
DA:24,1
DA:31,2
DA:32,1
DA:33,0
DA:35,1
DA:36,1
DA:44,2
DA:45,11
DA:46,11
DA:47,33
DA:48,22
DA:51,11
DA:58,2
DA:59,4
DA:66,2
DA:67,4
DA:74,2
DA:75,2
DA:76,0
DA:78,2
DA:79,6
DA:80,6
DA:81,3
DA:83,3
DA:87,2
DA:95,2
DA:96,3
DA:97,3
DA:106,3
DA:107,3
DA:125,3
DA:126,3
DA:127,8
DA:128,8
DA:129,8
DA:130,8
DA:131,8
DA:132,8
DA:133,1
DA:134,1
DA:135,1
DA:138,0
DA:143,3
DA:151,3
DA:152,3
DA:153,12
DA:154,12
DA:155,12
DA:156,8
DA:157,8
DA:158,8
DA:161,7
DA:162,7
DA:163,7
DA:166,12
DA:167,4
DA:168,4
DA:172,8
DA:183,2
DA:184,4
DA:185,4
DA:186,4
DA:187,7
DA:189,4
DA:198,2
DA:199,3
DA:200,3
DA:201,3
DA:202,3
DA:203,3
DA:204,3
DA:205,3
DA:208,0
DA:211,3
DA:213,2
DA:215,2
LF:86
LH:81
BRDA:12,0,0,4
BRDA:12,0,1,2
BRDA:20,1,0,0
BRDA:20,1,1,1
BRDA:23,2,0,1
BRDA:23,2,1,0
BRDA:32,3,0,0
BRDA:32,3,1,1
BRDA:35,4,0,1
BRDA:35,4,1,0
BRDA:47,5,0,22
BRDA:47,5,1,11
BRDA:59,6,0,4
BRDA:59,6,1,3
BRDA:75,7,0,0
BRDA:75,7,1,2
BRDA:80,8,0,3
BRDA:80,8,1,3
BRDA:125,9,0,3
BRDA:125,9,1,0
BRDA:127,10,0,8
BRDA:127,10,1,0
BRDA:127,11,0,8
BRDA:127,11,1,1
BRDA:127,11,2,1
BRDA:129,12,0,8
BRDA:129,12,1,1
BRDA:131,13,0,8
BRDA:131,13,1,1
BRDA:132,14,0,1
BRDA:132,14,1,7
BRDA:158,15,0,1
BRDA:158,15,1,7
BRDA:162,16,0,5
BRDA:162,16,1,2
BRDA:166,17,0,4
BRDA:166,17,1,8
BRDA:185,18,0,4
BRDA:185,18,1,0
BRDA:200,19,0,3
BRDA:200,19,1,0
BRDA:201,20,0,3
BRDA:201,20,1,0
BRDA:201,21,0,3
BRDA:201,21,1,3
BRDA:201,21,2,3
BRDA:201,21,3,3
BRDA:204,22,0,3
BRDA:204,22,1,0
BRF:49
BRH:38
end_of_record
TN:
SF:/home/carmichael/code/open-source-projects/openapi-nodegen/src/lib/openapi/openApiResolveAllOfs.ts
FN:3,(anonymous_0)
FNF:1
FNH:1
FNDA:1,(anonymous_0)
DA:1,1
DA:3,1
DA:4,1
LF:3
LH:3
BRF:0
BRH:0
end_of_record
TN:
SF:/home/carmichael/code/open-source-projects/openapi-nodegen/src/lib/openapi/openApiTypeToTypscriptType.ts
FN:1,(anonymous_0)
FNF:1
FNH:1
FNDA:7,(anonymous_0)
DA:1,2
DA:2,7
DA:4,4
DA:6,3
DA:8,0
DA:10,0
DA:12,0
DA:14,0
DA:16,0
LF:9
LH:4
BRDA:3,0,0,4
BRDA:3,0,1,3
BRDA:3,0,2,0
BRDA:3,0,3,0
BRDA:3,0,4,0
BRDA:3,0,5,0
BRDA:3,0,6,0
BRF:7
BRH:2
end_of_record
TN:
SF:/home/carmichael/code/open-source-projects/openapi-nodegen/src/lib/template/TemplateFetch.ts
FN:8,(anonymous_0)
FN:11,(anonymous_2)
FN:22,(anonymous_3)
FN:30,(anonymous_4)
FN:44,(anonymous_5)
FN:59,(anonymous_8)
FN:70,(anonymous_9)
FN:100,(anonymous_12)
FN:121,(anonymous_15)
FN:137,(anonymous_18)
FN:159,(anonymous_19)
FNF:11
FNH:10
FNDA:4,(anonymous_0)
FNDA:2,(anonymous_2)
FNDA:2,(anonymous_3)
FNDA:1,(anonymous_4)
FNDA:2,(anonymous_5)
FNDA:2,(anonymous_8)
FNDA:1,(anonymous_9)
FNDA:0,(anonymous_12)
FNDA:1,(anonymous_15)
FNDA:1,(anonymous_18)
FNDA:1,(anonymous_19)
DA:1,2
DA:2,2
DA:3,2
DA:5,2
DA:6,2
DA:8,2
DA:11,2
DA:12,2
DA:13,2
DA:22,2
DA:23,2
DA:24,2
DA:30,2
DA:31,1
DA:32,0
DA:33,0
DA:34,0
DA:36,1
DA:37,1
DA:44,2
DA:46,4
DA:47,2
DA:49,0
DA:50,0
DA:59,2
DA:60,2
DA:70,2
DA:71,1
DA:72,0
DA:74,1
DA:75,1
DA:76,1
DA:77,0
DA:78,0
DA:81,2
DA:82,0
DA:84,1
DA:85,2
DA:88,0
DA:89,0
DA:90,0
DA:92,1
DA:100,2
DA:101,0
DA:102,0
DA:104,0
DA:105,0
DA:106,0
DA:107,0
DA:109,0
DA:110,0
DA:121,2
DA:122,1
DA:123,1
DA:124,1
DA:125,1
DA:126,0
DA:128,1
DA:137,2
DA:138,1
DA:140,1
DA:141,0
DA:142,0
DA:143,0
DA:145,1
DA:159,2
DA:160,1
DA:161,1
DA:163,0
DA:166,2
DA:168,2
LF:71
LH:46
BRDA:31,0,0,0
BRDA:31,0,1,1
BRDA:71,1,0,1
BRDA:71,1,1,1
BRDA:71,2,0,0
BRDA:71,2,1,1
BRDA:76,3,0,0
BRDA:76,3,1,1
BRDA:76,4,0,1
BRDA:76,4,1,0
BRDA:81,5,0,1
BRDA:81,5,1,0
BRDA:81,6,0,1
BRDA:81,6,1,0
BRDA:125,7,0,0
BRDA:125,7,1,1
BRDA:140,8,0,0
BRDA:140,8,1,1
BRDA:161,9,0,1
BRDA:161,9,1,0
BRDA:160,10,0,0
BRDA:160,10,1,1
BRF:22
BRH:12
end_of_record
TN:
SF:/home/carmichael/code/open-source-projects/openapi-nodegen/src/lib/template/TemplateRenderer.ts
FN:28,(anonymous_0)
FN:37,(anonymous_2)
FN:47,(anonymous_3)
FN:83,(anonymous_4)
FN:96,(anonymous_5)
FNF:5
FNH:4
FNDA:2,(anonymous_0)
FNDA:66,(anonymous_2)
FNDA:66,(anonymous_3)
FNDA:0,(anonymous_4)
FNDA:66,(anonymous_5)
DA:1,1
DA:2,1
DA:3,1
DA:4,1
DA:5,1
DA:6,1
DA:7,1
DA:8,1
DA:9,1
DA:10,1
DA:11,1
DA:12,1
DA:13,1
DA:14,1
DA:15,1
DA:16,1
DA:17,1
DA:18,1
DA:19,1
DA:20,1
DA:21,1
DA:22,1
DA:23,1
DA:24,1
DA:25,1
DA:26,1
DA:28,1
DA:37,132
DA:38,66
DA:39,66
DA:47,66
DA:48,66
DA:50,66
DA:51,66
DA:52,21252
DA:53,21252
DA:57,66
DA:58,66
DA:59,66
DA:60,66
DA:61,66
DA:62,66
DA:63,66
DA:64,66
DA:65,66
DA:66,66
DA:67,66
DA:68,66
DA:69,66
DA:70,66
DA:71,66
DA:72,66
DA:73,66
DA:74,66
DA:75,66
DA:76,66
DA:77,66
DA:78,66
DA:79,66
DA:81,66
DA:83,66
DA:84,0
DA:96,66
DA:97,66
DA:100,66
DA:101,66
DA:102,0
DA:103,0
DA:106,66
DA:109,1
DA:111,1
LF:71
LH:68
BRDA:37,0,0,0
BRDA:37,0,1,66
BRDA:37,1,0,66
BRDA:37,1,1,0
BRDA:37,2,0,66
BRDA:37,2,1,0
BRDA:47,3,0,0
BRDA:47,3,1,66
BRDA:47,4,0,0
BRDA:47,4,1,66
BRDA:52,5,0,21252
BRDA:52,5,1,0
BRDA:96,6,0,0
BRDA:96,6,1,66
BRDA:102,7,0,0
BRDA:102,7,1,0
BRF:16
BRH:7
end_of_record
TN:
SF:/home/carmichael/code/open-source-projects/openapi-nodegen/src/lib/template/helpers/arrayContains.ts
FN:7,(anonymous_0)
FNF:1
FNH:1
FNDA:6,(anonymous_0)
DA:7,6
DA:8,6
DA:9,9
DA:10,9
DA:11,4
DA:13,5
DA:14,1
DA:17,1
LF:8
LH:8
BRDA:7,0,0,0
BRDA:7,0,1,6
BRDA:7,1,0,0
BRDA:7,1,1,6
BRDA:10,2,0,4
BRDA:10,2,1,5
BRDA:13,3,0,1
BRDA:13,3,1,4
BRF:8
BRH:6
end_of_record
TN:
SF:/home/carmichael/code/open-source-projects/openapi-nodegen/src/lib/template/helpers/celebrateImport.ts
FN:4,(anonymous_0)
FN:7,(anonymous_1)
FN:8,(anonymous_2)
FN:11,(anonymous_3)
FNF:4
FNH:4
FNDA:2,(anonymous_0)
FNDA:3,(anonymous_1)
FNDA:6,(anonymous_2)
FNDA:8,(anonymous_3)
DA:4,1
DA:5,2
DA:6,2
DA:7,2
DA:8,3
DA:9,6
DA:10,6
DA:11,3
DA:12,8
DA:13,8
DA:20,2
LF:11
LH:11
BRDA:6,0,0,2
BRDA:6,0,1,0
BRDA:10,1,0,3
BRDA:10,1,1,3
BRDA:12,2,0,8
BRDA:12,2,1,0
BRDA:20,3,0,2
BRDA:20,3,1,0
BRF:8
BRH:5
end_of_record
TN:
SF:/home/carmichael/code/open-source-projects/openapi-nodegen/src/lib/template/helpers/celebrateRoute.ts
FN:6,(anonymous_0)
FN:9,(anonymous_1)
FNF:2
FNH:2
FNDA:3,(anonymous_0)
FNDA:8,(anonymous_1)
DA:1,1
DA:6,1
DA:7,3
DA:8,3
DA:9,3
DA:10,8
DA:11,8
DA:15,3
LF:8
LH:8
BRDA:8,0,0,3
BRDA:8,0,1,0
BRDA:10,1,0,8
BRDA:10,1,1,0
BRDA:15,2,0,3
BRDA:15,2,1,0
BRF:6
BRH:3
end_of_record
TN:
SF:/home/carmichael/code/open-source-projects/openapi-nodegen/src/lib/template/helpers/endsWith.ts
FN:4,(anonymous_0)
FNF:1
FNH:1
FNDA:5,(anonymous_0)
DA:4,1
DA:5,5
LF:2
LH:2
BRF:0
BRH:0
end_of_record
TN:
SF:/home/carmichael/code/open-source-projects/openapi-nodegen/src/lib/template/helpers/getApiKeyHeaders.ts
FN:1,(anonymous_0)
FN:2,(anonymous_1)
FN:2,(anonymous_2)
FNF:3
FNH:0
FNDA:0,(anonymous_0)
FNDA:0,(anonymous_1)
FNDA:0,(anonymous_2)
DA:1,1
DA:2,0
DA:3,0
DA:5,0
LF:4
LH:1
BRDA:5,0,0,0
BRDA:5,0,1,0
BRF:2
BRH:0
end_of_record
TN:
SF:/home/carmichael/code/open-source-projects/openapi-nodegen/src/lib/template/helpers/getContext.ts
FN:5,default_1
FNF:1
FNH:0
FNDA:0,default_1
DA:5,0
DA:6,0
LF:2
LH:0
BRF:0
BRH:0
end_of_record
TN:
SF:/home/carmichael/code/open-source-projects/openapi-nodegen/src/lib/template/helpers/getJwtTokenHeaders.ts
FN:1,(anonymous_0)
FN:2,(anonymous_1)
FN:2,(anonymous_2)
FNF:3
FNH:0
FNDA:0,(anonymous_0)
FNDA:0,(anonymous_1)
FNDA:0,(anonymous_2)
DA:1,0
DA:2,0
DA:3,0
DA:5,0
LF:4
LH:0
BRDA:5,0,0,0
BRDA:5,0,1,0
BRF:2
BRH:0
end_of_record
TN:
SF:/home/carmichael/code/open-source-projects/openapi-nodegen/src/lib/template/helpers/getSecurityNames.ts
FN:6,(anonymous_0)
FN:15,(anonymous_1)
FN:16,(anonymous_2)
FNF:3
FNH:3
FNDA:8,(anonymous_0)
FNDA:6,(anonymous_1)
FNDA:8,(anonymous_2)
DA:6,2
DA:7,8
DA:8,3
DA:14,5
DA:15,5
DA:16,6
DA:17,8
DA:18,7
DA:19,7
DA:23,5
LF:10
LH:10
BRDA:7,0,0,3
BRDA:7,0,1,5
BRDA:7,1,0,8
BRDA:7,1,1,8
BRDA:7,1,2,5
BRDA:7,1,3,5
BRDA:17,2,0,7
BRDA:17,2,1,1
BRDA:23,3,0,1
BRDA:23,3,1,4
BRF:10
BRH:10
end_of_record
TN:
SF:/home/carmichael/code/open-source-projects/openapi-nodegen/src/lib/template/helpers/importInterfaces.ts
FN:3,default_1
FN:5,(anonymous_1)
FN:7,(anonymous_2)
FN:11,(anonymous_3)
FNF:4
FNH:4
FNDA:2,default_1
FNDA:3,(anonymous_1)
FNDA:6,(anonymous_2)
FNDA:15,(anonymous_3)
DA:1,1
DA:3,1
DA:4,2
DA:5,2
DA:6,3
DA:7,3
DA:8,6
DA:9,6
DA:11,3
DA:12,15
DA:13,4
DA:14,1
DA:15,1
DA:18,4
DA:19,4
DA:20,3
DA:26,3
DA:27,3
DA:28,3
DA:29,3
DA:36,2
DA:37,2
LF:22
LH:22
BRDA:9,0,0,3
BRDA:9,0,1,3
BRDA:12,1,0,4
BRDA:12,1,1,11
BRDA:13,2,0,1
BRDA:13,2,1,3
BRDA:14,3,0,1
BRDA:14,3,1,0
BRDA:18,4,0,4
BRDA:18,4,1,0
BRDA:19,5,0,3
BRDA:19,5,1,1
BRDA:26,6,0,3
BRDA:26,6,1,0
BRDA:28,7,0,3
BRDA:28,7,1,0
BRF:16
BRH:12
end_of_record
TN:
SF:/home/carmichael/code/open-source-projects/openapi-nodegen/src/lib/template/helpers/inline.ts
FN:4,(anonymous_0)
FNF:1
FNH:0
FNDA:0,(anonymous_0)
DA:4,1
DA:5,0
LF:2
LH:1
BRDA:5,0,0,0
BRDA:5,0,1,0
BRF:2
BRH:0
end_of_record
TN:
SF:/home/carmichael/code/open-source-projects/openapi-nodegen/src/lib/template/helpers/isObjLength.ts
FN:1,(anonymous_0)
FNF:1
FNH:0
FNDA:0,(anonymous_0)
DA:1,1
DA:2,0
LF:2
LH:1
BRF:0
BRH:0
end_of_record
TN:
SF:/home/carmichael/code/open-source-projects/openapi-nodegen/src/lib/template/helpers/isUsingJwt.ts
FN:1,(anonymous_0)
FNF:1
FNH:0
FNDA:0,(anonymous_0)
DA:1,1
DA:2,0
LF:2
LH:1
BRF:0
BRH:0
end_of_record
TN:
SF:/home/carmichael/code/open-source-projects/openapi-nodegen/src/lib/template/helpers/isUsingSecurityDefinition.ts
FN:1,(anonymous_0)
FNF:1
FNH:0
FNDA:0,(anonymous_0)
DA:1,1
DA:2,0
LF:2
LH:1
BRDA:2,0,0,0
BRDA:2,0,1,0
BRF:2
BRH:0
end_of_record
TN:
SF:/home/carmichael/code/open-source-projects/openapi-nodegen/src/lib/template/helpers/isValidMethod.ts
FN:6,(anonymous_0)
FNF:1
FNH:1
FNDA:30,(anonymous_0)
DA:1,1
DA:6,1
DA:7,30
LF:3
LH:3
BRF:0
BRH:0
end_of_record
TN:
SF:/home/carmichael/code/open-source-projects/openapi-nodegen/src/lib/template/helpers/lcFirst.ts
FN:6,(anonymous_0)
FNF:1
FNH:1
FNDA:22,(anonymous_0)
DA:6,3
DA:7,22
DA:8,0
DA:10,22
LF:4
LH:3
BRDA:7,0,0,0
BRDA:7,0,1,22
BRF:2
BRH:1
end_of_record
TN:
SF:/home/carmichael/code/open-source-projects/openapi-nodegen/src/lib/template/helpers/mockOutput.ts
FN:3,(anonymous_0)
FN:7,(anonymous_1)
FNF:2
FNH:0
FNDA:0,(anonymous_0)
FNDA:0,(anonymous_1)
DA:1,1
DA:3,1
DA:4,0
DA:7,1
DA:8,0
DA:9,0
DA:13,0
LF:7
LH:3
BRDA:4,0,0,0
BRDA:4,0,1,0
BRDA:8,1,0,0
BRDA:8,1,1,0
BRDA:10,2,0,0
BRDA:10,2,1,0
BRDA:9,3,0,0
BRDA:9,3,1,0
BRF:8
BRH:0
end_of_record
TN:
SF:/home/carmichael/code/open-source-projects/openapi-nodegen/src/lib/template/helpers/objLength.ts
FN:1,(anonymous_0)
FNF:1
FNH:0
FNDA:0,(anonymous_0)
DA:1,1
DA:2,0
LF:2
LH:1
BRF:0
BRH:0
end_of_record
TN:
SF:/home/carmichael/code/open-source-projects/openapi-nodegen/src/lib/template/helpers/paramsInputReducer.ts
FN:5,(anonymous_0)
FN:11,(anonymous_1)
FNF:2
FNH:0
FNDA:0,(anonymous_0)
FNDA:0,(anonymous_1)
DA:1,1
DA:2,1
DA:3,1
DA:5,1
DA:6,0
DA:7,0
DA:8,0
DA:9,0
DA:10,0
DA:11,0
DA:12,0
DA:13,0
DA:15,0
DA:16,0
DA:18,0
DA:19,0
DA:22,0
DA:23,0
DA:24,0
DA:25,0
DA:29,0
LF:21
LH:4
BRDA:9,0,0,0
BRDA:9,0,1,0
BRDA:12,1,0,0
BRDA:12,1,1,0
BRDA:15,2,0,0
BRDA:15,2,1,0
BRDA:18,3,0,0
BRDA:18,3,1,0
BRF:8
BRH:0
end_of_record
TN:
SF:/home/carmichael/code/open-source-projects/openapi-nodegen/src/lib/template/helpers/paramsOutputReducer.ts
FN:5,(anonymous_0)
FNF:1
FNH:1
FNDA:6,(anonymous_0)
DA:1,2
DA:2,2
DA:3,2
DA:5,2
DA:6,6
DA:7,6
DA:8,6
DA:9,0
DA:11,6
DA:12,2
DA:14,4
LF:11
LH:10
BRDA:8,0,0,0
BRDA:8,0,1,6
BRDA:8,1,0,6
BRDA:8,1,1,6
BRDA:11,2,0,2
BRDA:11,2,1,4
BRF:6
BRH:5
end_of_record
TN:
SF:/home/carmichael/code/open-source-projects/openapi-nodegen/src/lib/template/helpers/paramsValidation.ts
FN:3,(anonymous_0)
FNF:1
FNH:1
FNDA:3,(anonymous_0)
DA:1,1
DA:3,1
DA:4,3
LF:3
LH:3
BRF:0
BRH:0
end_of_record
TN:
SF:/home/carmichael/code/open-source-projects/openapi-nodegen/src/lib/template/helpers/pathParamsToDomainParams.ts
FN:1,addType
FN:20,(anonymous_1)
FN:26,(anonymous_2)
FN:29,(anonymous_3)
FN:32,(anonymous_4)
FN:35,(anonymous_5)
FN:38,(anonymous_6)
FN:44,(anonymous_7)
FN:45,(anonymous_8)
FN:60,(anonymous_9)
FNF:10
FNH:10
FNDA:29,addType
FNDA:14,(anonymous_1)
FNDA:14,(anonymous_2)
FNDA:32,(anonymous_3)
FNDA:28,(anonymous_4)
FNDA:32,(anonymous_5)
FNDA:32,(anonymous_6)
FNDA:6,(anonymous_7)
FNDA:6,(anonymous_8)
FNDA:13,(anonymous_9)
DA:2,29
DA:3,24
DA:5,5
DA:6,4
DA:8,1
DA:20,25
DA:21,14
DA:22,0
DA:24,14
DA:25,14
DA:26,14
DA:27,12
DA:29,32
DA:30,6
DA:32,28
DA:33,6
DA:35,32
DA:36,0
DA:38,32
DA:39,0
DA:42,14
DA:43,4
DA:44,4
DA:45,6
DA:46,6
DA:47,3
DA:51,4
DA:52,3
DA:55,14
DA:56,2
DA:58,14
DA:59,14
DA:60,13
DA:62,14
LF:34
LH:31
BRDA:2,0,0,24
BRDA:2,0,1,5
BRDA:5,1,0,4
BRDA:5,1,1,1
BRDA:5,2,0,5
BRDA:5,2,1,4
BRDA:5,2,2,4
BRDA:20,3,0,0
BRDA:20,3,1,14
BRDA:20,4,0,11
BRDA:20,4,1,3
BRDA:21,5,0,0
BRDA:21,5,1,14
BRDA:25,6,0,14
BRDA:25,6,1,0
BRDA:26,7,0,12
BRDA:26,7,1,2
BRDA:29,8,0,6
BRDA:29,8,1,8
BRDA:32,9,0,6
BRDA:32,9,1,8
BRDA:35,10,0,0
BRDA:35,10,1,14
BRDA:38,11,0,0
BRDA:38,11,1,14
BRDA:42,12,0,4
BRDA:42,12,1,10
BRDA:46,13,0,3
BRDA:46,13,1,3
BRDA:51,14,0,3
BRDA:51,14,1,1
BRDA:55,15,0,2
BRDA:55,15,1,12
BRDA:59,16,0,6
BRDA:59,16,1,8
BRDA:60,17,0,1
BRDA:60,17,1,12
BRDA:62,18,0,3
BRDA:62,18,1,11
BRDA:62,19,0,14
BRDA:62,19,1,3
BRF:41
BRH:36
end_of_record
TN:
SF:/home/carmichael/code/open-source-projects/openapi-nodegen/src/lib/template/helpers/prettifyRouteName.ts
FN:3,(anonymous_0)
FNF:1
FNH:1
FNDA:8,(anonymous_0)
DA:1,1
DA:3,1
DA:4,8
LF:3
LH:3
BRF:0
BRH:0
end_of_record
TN:
SF:/home/carmichael/code/open-source-projects/openapi-nodegen/src/lib/template/helpers/ucFirst.ts
FN:6,(anonymous_0)
FNF:1
FNH:1
FNDA:78,(anonymous_0)
DA:6,3
DA:7,78
DA:8,0
DA:10,78
LF:4
LH:3
BRDA:7,0,0,0
BRDA:7,0,1,78
BRF:2
BRH:1
end_of_record
TN:
SF:/home/carmichael/code/open-source-projects/openapi-nodegen/src/lib/template/helpers/urlPathJoin.ts
FN:3,default_1
FNF:1
FNH:0
FNDA:0,default_1
DA:1,1
DA:3,1
DA:4,0
DA:5,0
DA:6,0
DA:7,0
DA:10,0
LF:7
LH:2
BRDA:6,0,0,0
BRDA:6,0,1,0
BRF:2
BRH:0
end_of_record
TN:
SF:/home/carmichael/code/open-source-projects/openapi-nodegen/src/lib/template/helpers/validMethods.ts
FN:7,(anonymous_0)
FNF:1
FNH:0
FNDA:0,(anonymous_0)
DA:1,1
DA:7,1
DA:8,0
LF:3
LH:2
BRF:0
BRH:0
end_of_record
TN:
SF:/home/carmichael/code/open-source-projects/openapi-nodegen/src/types/global.d.ts
FNF:0
FNH:0
LF:0
LH:0
BRF:0
BRH:0
end_of_record
TN:
SF:/home/carmichael/code/open-source-projects/openapi-nodegen/src/utils/commandRun.ts
FN:12,(anonymous_0)
FN:13,(anonymous_1)
FN:20,(anonymous_2)
FN:27,(anonymous_3)
FN:34,(anonymous_4)
FNF:5
FNH:5
FNDA:6,(anonymous_0)
FNDA:6,(anonymous_1)
FNDA:5,(anonymous_2)
FNDA:1,(anonymous_3)
FNDA:6,(anonymous_4)
DA:1,2
DA:3,2
DA:12,11
DA:13,6
DA:14,6
DA:15,1
DA:17,6
DA:18,6
DA:19,6
DA:20,6
DA:21,5
DA:22,0
DA:24,5
DA:27,6
DA:28,1
DA:29,1
DA:31,1
DA:34,6
DA:35,6
DA:36,6
DA:38,0
LF:21
LH:19
BRDA:12,0,0,0
BRDA:12,0,1,6
BRDA:12,1,0,5
BRDA:12,1,1,1
BRDA:14,2,0,1
BRDA:14,2,1,5
BRDA:21,3,0,0
BRDA:21,3,1,5
BRDA:21,4,0,5
BRDA:21,4,1,0
BRDA:28,5,0,1
BRDA:28,5,1,0
BRDA:28,6,0,1
BRDA:28,6,1,1
BRDA:35,7,0,6
BRDA:35,7,1,0
BRF:16
BRH:11
end_of_record
TN:
SF:/home/carmichael/code/open-source-projects/openapi-nodegen/src/utils/consoleHorizontalRule.ts
FN:1,(anonymous_0)
FNF:1
FNH:1
FNDA:1,(anonymous_0)
DA:1,2
DA:2,1
DA:3,1
DA:4,15
DA:6,1
LF:5
LH:5
BRF:0
BRH:0
end_of_record
TN:
SF:/home/carmichael/code/open-source-projects/openapi-nodegen/src/utils/globalHelpers.ts
FN:3,(anonymous_0)
FN:5,(anonymous_1)
FN:10,(anonymous_2)
FNF:3
FNH:3
FNDA:1,(anonymous_0)
FNDA:222,(anonymous_1)
FNDA:1,(anonymous_2)
DA:1,1
DA:3,1
DA:4,1
DA:5,1
DA:6,222
DA:7,0
DA:10,1
DA:11,1
DA:12,0
LF:9
LH:7
BRDA:6,0,0,0
BRDA:6,0,1,222
BRDA:6,1,0,222
BRDA:6,1,1,0
BRDA:11,2,0,0
BRDA:11,2,1,1
BRDA:11,3,0,1
BRDA:11,3,1,1
BRDA:11,3,2,0
BRF:9
BRH:5
end_of_record
TN:
SF:/home/carmichael/code/open-source-projects/openapi-nodegen/src/utils/isFileToIngore.ts
FN:1,(anonymous_0)
FNF:1
FNH:1
FNDA:93,(anonymous_0)
DA:1,2
DA:2,93
DA:3,93
DA:4,222
DA:5,33
DA:7,189
DA:8,1
DA:11,59
LF:8
LH:8
BRDA:4,0,0,33
BRDA:4,0,1,189
BRDA:7,1,0,1
BRDA:7,1,1,188
BRF:4
BRH:4
end_of_record
